           1
         100
  
  0.5000000000000E+00   0.7596794250012E-26
  0.5274881790209E+00   0.1689275180025E-25
  0.5564875580135E+00   0.2436390777889E-25
  0.5870812172487E+00   0.1851435998718E-25
  0.6193568044478E+00   0.8524958790858E-25
  0.6534067858847E+00   0.2008010489267E-24
  0.6893287112924E+00   0.3616660488225E-24
  0.7272254933329E+00   0.7376839868686E-24
  0.7672057024315E+00   0.6634059213587E-24
  0.8093838778200E+00   0.3191868123030E-23
  0.8538808556803E+00   0.3375921760040E-23
  0.9008241153272E+00   0.1201030675623E-22
  0.9503481444241E+00   0.1550053001917E-22
  0.1002594824276E+01   0.3602306783780E-22
  0.1057713836307E+01   0.3644006864563E-22
  0.1115863090877E+01   0.5152045645736E-22
  0.1177209179687E+01   0.5390972268693E-22
  0.1241927853039E+01   0.9673407246063E-22
  0.1310204523350E+01   0.1135002383966E-21
  0.1382234796334E+01   0.4542639680138E-22
  0.1458225031395E+01   0.4565217712303E-22
  0.1538392932826E+01   0.7171476666308E-22
  0.1622968173510E+01   0.1245316998354E-21
  0.1712193052907E+01   0.1312537461893E-21
  0.1806323191221E+01   0.7042696469024E-22
  0.1905628261720E+01   0.7053720295797E-22
  0.2010392763331E+01   0.7479020470241E-22
  0.2120916835693E+01   0.1103922083619E-21
  0.2237517119029E+01   0.1405758550839E-21
  0.2360527661289E+01   0.1073810393539E-21
  0.2490300875163E+01   0.7089450402564E-22
  0.2627208547708E+01   0.6708579829566E-22
  0.2771642905477E+01   0.6454565797972E-22
  0.2924017738213E+01   0.6959069732942E-22
  0.3084769584309E+01   0.8180409429071E-22
  0.3254358981453E+01   0.9554999892223E-22
  0.3433271786014E+01   0.1046513695512E-21
  0.3622020564976E+01   0.1144083310067E-21
  0.3821146064391E+01   0.1305807502190E-21
  0.4031218758557E+01   0.1240598168645E-21
  0.4252840484372E+01   0.9784349031480E-22
  0.4486646165535E+01   0.8332579154144E-22
  0.4733305631539E+01   0.8457354933411E-22
  0.4993525536659E+01   0.8415319812385E-22
  0.5268051384453E+01   0.8498881452115E-22
  0.5557669663547E+01   0.8402393231489E-22
  0.5863210100849E+01   0.8489308444118E-22
  0.6185548038627E+01   0.8932120110213E-22
  0.6525606942283E+01   0.8151256015697E-22
  0.6884361045982E+01   0.7922447015316E-22
  0.7262838143735E+01   0.7896791656039E-22
  0.7662122533924E+01   0.7811431360540E-22
  0.8083358125709E+01   0.7770438653029E-22
  0.8527751716208E+01   0.7925789548730E-22
  0.8996576447850E+01   0.8104808496961E-22
  0.9491175455797E+01   0.8307106938457E-22
  0.1001296571589E+02   0.8395981992861E-22
  0.1056344210415E+02   0.8539601089818E-22
  0.1114418167942E+02   0.8738614338245E-22
  0.1175684820151E+02   0.9000490787694E-22
  0.1240319689768E+02   0.9278502148071E-22
  0.1308507949119E+02   0.9613624633506E-22
  0.1380444950630E+02   0.9966999697149E-22
  0.1456336786493E+02   0.1040548252942E-21
  0.1536400879097E+02   0.1100127134009E-21
  0.1620866603922E+02   0.1176774523855E-21
  0.1709975946677E+02   0.1248875470928E-21
  0.1803984196564E+02   0.1324047384805E-21
  0.1903160677656E+02   0.1400366818640E-21
  0.2007789520482E+02   0.1475190588085E-21
  0.2118170476032E+02   0.1538140042239E-21
  0.2234619774516E+02   0.1612934769177E-21
  0.2357471031327E+02   0.1697807790611E-21
  0.2487076202819E+02   0.1793736803313E-21
  0.2623806594622E+02   0.1897073092768E-21
  0.2768053925400E+02   0.1998751617790E-21
  0.2920231449082E+02   0.2088702474144E-21
  0.3080775138792E+02   0.2147892595571E-21
  0.3250144935868E+02   0.2200096094733E-21
  0.3428826067550E+02   0.2244908325637E-21
  0.3617330437103E+02   0.2286467285817E-21
  0.3816198090368E+02   0.2337827587536E-21
  0.4025998762943E+02   0.2368072396240E-21
  0.4247333512410E+02   0.2416424218515E-21
  0.4480836440311E+02   0.2488488469608E-21
  0.4727176508780E+02   0.2538314823058E-21
  0.4987059457054E+02   0.2434724986782E-21
  0.5261229823340E+02   0.2356089401316E-21
  0.5550473077848E+02   0.2273353641989E-21
  0.5855617873077E+02   0.2208838268480E-21
  0.6177538417823E+02   0.2170466586134E-21
  0.6517156981698E+02   0.2144827520781E-21
  0.6875446537339E+02   0.2087172333920E-21
  0.7253433547872E+02   0.2005922743882E-21
  0.7652200907632E+02   0.1909724472540E-21
  0.8072891044538E+02   0.1802197730888E-21
  0.8516709193035E+02   0.1688060069513E-21
  0.8984926846969E+02   0.1569440550299E-21
  0.9478885402287E+02   0.1446395839557E-21
  0.1000000000000E+03   0.1318284060798E-21
