           1
         100
  
  0.5000000000000E+00   0.7596825809416E-26
  0.5274881790209E+00   0.1689285345046E-25
  0.5564875580135E+00   0.2436421297170E-25
  0.5870812172487E+00   0.1851521911791E-25
  0.6193568044478E+00   0.8525184940225E-25
  0.6534067858847E+00   0.2008065824606E-24
  0.6893287112924E+00   0.3616786515852E-24
  0.7272254933329E+00   0.7377109426151E-24
  0.7672057024315E+00   0.6634602728978E-24
  0.8093838778200E+00   0.3191974291567E-23
  0.8538808556803E+00   0.3376123085599E-23
  0.9008241153272E+00   0.1201067779354E-22
  0.9503481444241E+00   0.1550119423430E-22
  0.1002594824276E+01   0.3602421057833E-22
  0.1057713836307E+01   0.3644194134991E-22
  0.1115863090877E+01   0.5152342129327E-22
  0.1177209179687E+01   0.5391426997686E-22
  0.1241927853039E+01   0.9674081225660E-22
  0.1310204523350E+01   0.1135097889438E-21
  0.1382234796334E+01   0.4543939108111E-22
  0.1458225031395E+01   0.4566948742595E-22
  0.1538392932826E+01   0.7173753419540E-22
  0.1622968173510E+01   0.1245613330435E-21
  0.1712193052907E+01   0.1312918014039E-21
  0.1806323191221E+01   0.7047475999414E-22
  0.1905628261720E+01   0.7059570166858E-22
  0.2010392763331E+01   0.7485974987411E-22
  0.2120916835693E+01   0.1104724822010E-21
  0.2237517119029E+01   0.1406660537084E-21
  0.2360527661289E+01   0.1074788367637E-21
  0.2490300875163E+01   0.7099676321405E-22
  0.2627208547708E+01   0.6718704013652E-22
  0.2771642905477E+01   0.6463651710456E-22
  0.2924017738213E+01   0.6968594938028E-22
  0.3084769584309E+01   0.8191169428095E-22
  0.3254358981453E+01   0.9562892166003E-22
  0.3433271786014E+01   0.1046985601195E-21
  0.3622020564976E+01   0.1144346513090E-21
  0.3821146064391E+01   0.1305826143070E-21
  0.4031218758557E+01   0.1240306285811E-21
  0.4252840484372E+01   0.9778190017554E-22
  0.4486646165535E+01   0.8323433347421E-22
  0.4733305631539E+01   0.8445737158287E-22
  0.4993525536659E+01   0.8402088884696E-22
  0.5268051384453E+01   0.8485674225722E-22
  0.5557669663547E+01   0.8392577530832E-22
  0.5863210100849E+01   0.8487183535416E-22
  0.6185548038627E+01   0.8941716891892E-22
  0.6525606942283E+01   0.8176652578160E-22
  0.6884361045982E+01   0.7969387688277E-22
  0.7262838143735E+01   0.7971015007682E-22
  0.7662122533924E+01   0.7923093130805E-22
  0.8083358125709E+01   0.7933888563422E-22
  0.8527751716208E+01   0.8156065517158E-22
  0.8996576447850E+01   0.8414239430976E-22
  0.9491175455797E+01   0.8709977816321E-22
  0.1001296571589E+02   0.8890779884878E-22
  0.1056344210415E+02   0.9133521011155E-22
  0.1114418167942E+02   0.9435258037422E-22
  0.1175684820151E+02   0.9792170411598E-22
  0.1240319689768E+02   0.1013955820156E-21
  0.1308507949119E+02   0.1052076166495E-21
  0.1380444950630E+02   0.1089724317290E-21
  0.1456336786493E+02   0.1134071642187E-21
  0.1536400879097E+02   0.1192754863151E-21
  0.1620866603922E+02   0.1267080645164E-21
  0.1709975946677E+02   0.1333568985697E-21
  0.1803984196564E+02   0.1400833184642E-21
  0.1903160677656E+02   0.1467200253168E-21
  0.2007789520482E+02   0.1530226469431E-21
  0.2118170476032E+02   0.1579855284764E-21
  0.2234619774516E+02   0.1640571762612E-21
  0.2357471031327E+02   0.1710614042686E-21
  0.2487076202819E+02   0.1791018855854E-21
  0.2623806594622E+02   0.1878325126838E-21
  0.2768053925400E+02   0.1963854720263E-21
  0.2920231449082E+02   0.2038020768418E-21
  0.3080775138792E+02   0.2082619258803E-21
  0.3250144935868E+02   0.2121394025855E-21
  0.3428826067550E+02   0.2154027076256E-21
  0.3617330437103E+02   0.2184709995489E-21
  0.3816198090368E+02   0.2226082249662E-21
  0.4025998762943E+02   0.2248348263095E-21
  0.4247333512410E+02   0.2289395129952E-21
  0.4480836440311E+02   0.2354582810721E-21
  0.4727176508780E+02   0.2399690145669E-21
  0.4987059457054E+02   0.2298101777099E-21
  0.5261229823340E+02   0.2222216216873E-21
  0.5550473077848E+02   0.2143935596188E-21
  0.5855617873077E+02   0.2084216985644E-21
  0.6177538417823E+02   0.2049768161068E-21
  0.6517156981698E+02   0.2027524297318E-21
  0.6875446537339E+02   0.1975916337259E-21
  0.7253433547872E+02   0.1902882951348E-21
  0.7652200907632E+02   0.1816630563483E-21
  0.8072891044538E+02   0.1720288919946E-21
  0.8516709193035E+02   0.1617813592668E-21
  0.8984926846969E+02   0.1510827466099E-21
  0.9478885402287E+02   0.1399078096824E-21
  0.1000000000000E+03   0.1281574678820E-21
