           1
         100
  
  0.5000000000000E+00   0.7595546074702E-26
  0.5274881790209E+00   0.1688876091449E-25
  0.5564875580135E+00   0.2435201907941E-25
  0.5870812172487E+00   0.1848120923737E-25
  0.6193568044478E+00   0.8516300179665E-25
  0.6534067858847E+00   0.2005895312010E-24
  0.6893287112924E+00   0.3611821621267E-24
  0.7272254933329E+00   0.7366422661074E-24
  0.7672057024315E+00   0.6612910082520E-24
  0.8093838778200E+00   0.3187752458208E-23
  0.8538808556803E+00   0.3368216759231E-23
  0.9008241153272E+00   0.1199638135709E-22
  0.9503481444241E+00   0.1547617363067E-22
  0.1002594824276E+01   0.3598210238089E-22
  0.1057713836307E+01   0.3637434565679E-22
  0.1115863090877E+01   0.5141871081495E-22
  0.1177209179687E+01   0.5375727762822E-22
  0.1241927853039E+01   0.9651367081877E-22
  0.1310204523350E+01   0.1131977751524E-21
  0.1382234796334E+01   0.4503355387948E-22
  0.1458225031395E+01   0.4515749645321E-22
  0.1538392932826E+01   0.7109883334811E-22
  0.1622968173510E+01   0.1237608930044E-21
  0.1712193052907E+01   0.1302806294319E-21
  0.1806323191221E+01   0.6921132449466E-22
  0.1905628261720E+01   0.6904887734681E-22
  0.2010392763331E+01   0.7302242531908E-22
  0.2120916835693E+01   0.1083587956450E-21
  0.2237517119029E+01   0.1382877394733E-21
  0.2360527661289E+01   0.1049429425963E-21
  0.2490300875163E+01   0.6845776111778E-22
  0.2627208547708E+01   0.6512973354605E-22
  0.2771642905477E+01   0.6551795825374E-22
  0.2924017738213E+01   0.7587202399340E-22
  0.3084769584309E+01   0.9167164834969E-22
  0.3254358981453E+01   0.1043596321011E-21
  0.3433271786014E+01   0.1088007807610E-21
  0.3622020564976E+01   0.1131893748728E-21
  0.3821146064391E+01   0.1270547177752E-21
  0.4031218758557E+01   0.1202113563017E-21
  0.4252840484372E+01   0.9437329375335E-22
  0.4486646165535E+01   0.7979068987170E-22
  0.4733305631539E+01   0.7993378916212E-22
  0.4993525536659E+01   0.7771082961902E-22
  0.5268051384453E+01   0.7855793340667E-22
  0.5557669663547E+01   0.8249973978487E-22
  0.5863210100849E+01   0.8925538938397E-22
  0.6185548038627E+01   0.9638235063031E-22
  0.6525606942283E+01   0.8760834089624E-22
  0.6884361045982E+01   0.8348241182814E-22
  0.7262838143735E+01   0.7999612938302E-22
  0.7662122533924E+01   0.7889519823011E-22
  0.8083358125709E+01   0.8241966146163E-22
  0.8527751716208E+01   0.9004734651422E-22
  0.8996576447850E+01   0.9729827955053E-22
  0.9491175455797E+01   0.1050192666895E-21
  0.1001296571589E+02   0.1068198745121E-21
  0.1056344210415E+02   0.1091233114174E-21
  0.1114418167942E+02   0.1115589937337E-21
  0.1175684820151E+02   0.1126690491045E-21
  0.1240319689768E+02   0.1101889874900E-21
  0.1308507949119E+02   0.1065181077464E-21
  0.1380444950630E+02   0.1022465913754E-21
  0.1456336786493E+02   0.9932444827943E-22
  0.1536400879097E+02   0.9936117749437E-22
  0.1620866603922E+02   0.1026179437699E-21
  0.1709975946677E+02   0.1047060375938E-21
  0.1803984196564E+02   0.1077447877558E-21
  0.1903160677656E+02   0.1117474947951E-21
  0.2007789520482E+02   0.1164100257481E-21
  0.2118170476032E+02   0.1205212842713E-21
  0.2234619774516E+02   0.1273695874409E-21
  0.2357471031327E+02   0.1365593897999E-21
  0.2487076202819E+02   0.1479928603788E-21
  0.2623806594622E+02   0.1609167251285E-21
  0.2768053925400E+02   0.1739921181274E-21
  0.2920231449082E+02   0.1859033305778E-21
  0.3080775138792E+02   0.1942919595606E-21
  0.3250144935868E+02   0.2018157369253E-21
  0.3428826067550E+02   0.2083454345111E-21
  0.3617330437103E+02   0.2141853157053E-21
  0.3816198090368E+02   0.2207177649427E-21
  0.4025998762943E+02   0.2243440201796E-21
  0.4247333512410E+02   0.2294366091100E-21
  0.4480836440311E+02   0.2364940458211E-21
  0.4727176508780E+02   0.2404283270162E-21
  0.4987059457054E+02   0.2273755902865E-21
  0.5261229823340E+02   0.2160035183488E-21
  0.5550473077848E+02   0.2029466123691E-21
  0.5855617873077E+02   0.1912328872221E-21
  0.6177538417823E+02   0.1831085175577E-21
  0.6517156981698E+02   0.1773324942811E-21
  0.6875446537339E+02   0.1668921842764E-21
  0.7253433547872E+02   0.1531569722124E-21
  0.7652200907632E+02   0.1378490222230E-21
  0.8072891044538E+02   0.1222737622018E-21
  0.8516709193035E+02   0.1075935355939E-21
  0.8984926846969E+02   0.9414432345305E-22
  0.9478885402287E+02   0.8181563797548E-22
  0.1000000000000E+03   0.7036712760808E-22
