           1
         100
  
  0.5000000000000E+00   0.7595338495998E-26
  0.5274881790209E+00   0.1688801834220E-25
  0.5564875580135E+00   0.2434955460940E-25
  0.5870812172487E+00   0.1847359500333E-25
  0.6193568044478E+00   0.8514099039348E-25
  0.6534067858847E+00   0.2005296022781E-24
  0.6893287112924E+00   0.3610276909391E-24
  0.7272254933329E+00   0.7362643409397E-24
  0.7672057024315E+00   0.6604102236749E-24
  0.8093838778200E+00   0.3185808401372E-23
  0.8538808556803E+00   0.3364146409169E-23
  0.9008241153272E+00   0.1198828443111E-22
  0.9503481444241E+00   0.1546083830596E-22
  0.1002594824276E+01   0.3595422795265E-22
  0.1057713836307E+01   0.3632527338123E-22
  0.1115863090877E+01   0.5133539146649E-22
  0.1177209179687E+01   0.5362066167811E-22
  0.1241927853039E+01   0.9629627662313E-22
  0.1310204523350E+01   0.1128578947837E-21
  0.1382234796334E+01   0.4451064129338E-22
  0.1458225031395E+01   0.4437615613886E-22
  0.1538392932826E+01   0.6997247095905E-22
  0.1622968173510E+01   0.1221982514942E-21
  0.1712193052907E+01   0.1281881250270E-21
  0.1806323191221E+01   0.6647786298278E-22
  0.1905628261720E+01   0.6554543436024E-22
  0.2010392763331E+01   0.6859269049771E-22
  0.2120916835693E+01   0.1028238666363E-21
  0.2237517119029E+01   0.1314709971441E-21
  0.2360527661289E+01   0.9658036324886E-22
  0.2490300875163E+01   0.5824009361972E-22
  0.2627208547708E+01   0.5240837502782E-22
  0.2771642905477E+01   0.4741484312753E-22
  0.2924017738213E+01   0.4890235881581E-22
  0.3084769584309E+01   0.5725563211550E-22
  0.3254358981453E+01   0.6935373431931E-22
  0.3433271786014E+01   0.7733011140165E-22
  0.3622020564976E+01   0.8554737156908E-22
  0.3821146064391E+01   0.9959839820270E-22
  0.4031218758557E+01   0.9077403487796E-22
  0.4252840484372E+01   0.6227415270954E-22
  0.4486646165535E+01   0.4570445326918E-22
  0.4733305631539E+01   0.4530640163313E-22
  0.4993525536659E+01   0.4368417201328E-22
  0.5268051384453E+01   0.4344158029281E-22
  0.5557669663547E+01   0.4092590656526E-22
  0.5863210100849E+01   0.4042737204326E-22
  0.6185548038627E+01   0.4479602874821E-22
  0.6525606942283E+01   0.3860890032458E-22
  0.6884361045982E+01   0.3910375620562E-22
  0.7262838143735E+01   0.4310312546666E-22
  0.7662122533924E+01   0.4677921206321E-22
  0.8083358125709E+01   0.5057561084637E-22
  0.8527751716208E+01   0.5656493880234E-22
  0.8996576447850E+01   0.6394062965209E-22
  0.9491175455797E+01   0.7240728476464E-22
  0.1001296571589E+02   0.8211032292432E-22
  0.1056344210415E+02   0.9311448055807E-22
  0.1114418167942E+02   0.1054215008077E-21
  0.1175684820151E+02   0.1194199253552E-21
  0.1240319689768E+02   0.1350034825401E-21
  0.1308507949119E+02   0.1518929100763E-21
  0.1380444950630E+02   0.1693325195507E-21
  0.1456336786493E+02   0.1874425190344E-21
  0.1536400879097E+02   0.2063846521295E-21
  0.1620866603922E+02   0.2260139723977E-21
  0.1709975946677E+02   0.2451818515844E-21
  0.1803984196564E+02   0.2639913992840E-21
  0.1903160677656E+02   0.2821140595241E-21
  0.2007789520482E+02   0.2993067048944E-21
  0.2118170476032E+02   0.3147075501989E-21
  0.2234619774516E+02   0.3298164775007E-21
  0.2357471031327E+02   0.3444119629328E-21
  0.2487076202819E+02   0.3585989765027E-21
  0.2623806594622E+02   0.3722790168767E-21
  0.2768053925400E+02   0.3848554531157E-21
  0.2920231449082E+02   0.3954762727348E-21
  0.3080775138792E+02   0.4025677150894E-21
  0.3250144935868E+02   0.4080792675847E-21
  0.3428826067550E+02   0.4119287436368E-21
  0.3617330437103E+02   0.4145371240394E-21
  0.3816198090368E+02   0.4170153671043E-21
  0.4025998762943E+02   0.4168886921275E-21
  0.4247333512410E+02   0.4174872777981E-21
  0.4480836440311E+02   0.4194364375185E-21
  0.4727176508780E+02   0.4189307023220E-21
  0.4987059457054E+02   0.4045177722397E-21
  0.5261229823340E+02   0.3921288228000E-21
  0.5550473077848E+02   0.3792003877647E-21
  0.5855617873077E+02   0.3672611497161E-21
  0.6177538417823E+02   0.3567623249499E-21
  0.6517156981698E+02   0.3468642653312E-21
  0.6875446537339E+02   0.3341398625607E-21
  0.7253433547872E+02   0.3190052082866E-21
  0.7652200907632E+02   0.3019457538970E-21
  0.8072891044538E+02   0.2831689387754E-21
  0.8516709193035E+02   0.2632778277445E-21
  0.8984926846969E+02   0.2427303499461E-21
  0.9478885402287E+02   0.2217341508766E-21
  0.1000000000000E+03   0.2004095594152E-21
