           1
         100
  
  0.5000000000000E+00   0.7595562834478E-26
  0.5274881790209E+00   0.1688881698311E-25
  0.5564875580135E+00   0.2435219312400E-25
  0.5870812172487E+00   0.1848171222218E-25
  0.6193568044478E+00   0.8516436228283E-25
  0.6534067858847E+00   0.2005929987065E-24
  0.6893287112924E+00   0.3611905329481E-24
  0.7272254933329E+00   0.7366614531101E-24
  0.7672057024315E+00   0.6613329166133E-24
  0.8093838778200E+00   0.3187839145021E-23
  0.8538808556803E+00   0.3368386874934E-23
  0.9008241153272E+00   0.1199669863207E-22
  0.9503481444241E+00   0.1547673730842E-22
  0.1002594824276E+01   0.3598306421761E-22
  0.1057713836307E+01   0.3637593673312E-22
  0.1115863090877E+01   0.5142125138644E-22
  0.1177209179687E+01   0.5376119879164E-22
  0.1241927853039E+01   0.9651955009876E-22
  0.1310204523350E+01   0.1132064457766E-21
  0.1382234796334E+01   0.4504615181042E-22
  0.1458225031395E+01   0.4517529254799E-22
  0.1538392932826E+01   0.7112311233161E-22
  0.1622968173510E+01   0.1237928029475E-21
  0.1712193052907E+01   0.1303211525106E-21
  0.1806323191221E+01   0.6926158209687E-22
  0.1905628261720E+01   0.6911010259754E-22
  0.2010392763331E+01   0.7309609176439E-22
  0.2120916835693E+01   0.1084464933430E-21
  0.2237517119029E+01   0.1383907747794E-21
  0.2360527661289E+01   0.1050637030586E-21
  0.2490300875163E+01   0.6859896670181E-22
  0.2627208547708E+01   0.6529837962592E-22
  0.2771642905477E+01   0.6574952573667E-22
  0.2924017738213E+01   0.7620872414186E-22
  0.3084769584309E+01   0.9209292266143E-22
  0.3254358981453E+01   0.1047724704480E-21
  0.3433271786014E+01   0.1091592344107E-21
  0.3622020564976E+01   0.1134982607884E-21
  0.3821146064391E+01   0.1273623400828E-21
  0.4031218758557E+01   0.1205498527426E-21
  0.4252840484372E+01   0.9476333685163E-22
  0.4486646165535E+01   0.8024645959274E-22
  0.4733305631539E+01   0.8047310539017E-22
  0.4993525536659E+01   0.7837246050294E-22
  0.5268051384453E+01   0.7944073002294E-22
  0.5557669663547E+01   0.8379423518260E-22
  0.5863210100849E+01   0.9115799881523E-22
  0.6185548038627E+01   0.9906989576625E-22
  0.6525606942283E+01   0.9128923912192E-22
  0.6884361045982E+01   0.8849415527506E-22
  0.7262838143735E+01   0.8673209244511E-22
  0.7662122533924E+01   0.8800120459060E-22
  0.8083358125709E+01   0.9478265757212E-22
  0.8527751716208E+01   0.1067052837995E-21
  0.8996576447850E+01   0.1193189186015E-21
  0.9491175455797E+01   0.1337299388366E-21
  0.1001296571589E+02   0.1429119518549E-21
  0.1056344210415E+02   0.1538839950674E-21
  0.1114418167942E+02   0.1662668674051E-21
  0.1175684820151E+02   0.1781112418929E-21
  0.1240319689768E+02   0.1861062089920E-21
  0.1308507949119E+02   0.1927172666416E-21
  0.1380444950630E+02   0.1984334420794E-21
  0.1456336786493E+02   0.2054201768611E-21
  0.1536400879097E+02   0.2155510497444E-21
  0.1620866603922E+02   0.2290839557016E-21
  0.1709975946677E+02   0.2396318934064E-21
  0.1803984196564E+02   0.2498664211477E-21
  0.1903160677656E+02   0.2596877110595E-21
  0.2007789520482E+02   0.2685352292154E-21
  0.2118170476032E+02   0.2748840505988E-21
  0.2234619774516E+02   0.2832329601581E-21
  0.2357471031327E+02   0.2931662180083E-21
  0.2487076202819E+02   0.3046659948869E-21
  0.2623806594622E+02   0.3168779312363E-21
  0.2768053925400E+02   0.3282908115127E-21
  0.2920231449082E+02   0.3375408986457E-21
  0.3080775138792E+02   0.3418885425575E-21
  0.3250144935868E+02   0.3450563670879E-21
  0.3428826067550E+02   0.3472500638433E-21
  0.3617330437103E+02   0.3489708952668E-21
  0.3816198090368E+02   0.3519765500413E-21
  0.4025998762943E+02   0.3520992773169E-21
  0.4247333512410E+02   0.3544977615751E-21
  0.4480836440311E+02   0.3598835568547E-21
  0.4727176508780E+02   0.3622639638361E-21
  0.4987059457054E+02   0.3451906021992E-21
  0.5261229823340E+02   0.3317571348316E-21
  0.5550473077848E+02   0.3181798048770E-21
  0.5855617873077E+02   0.3069425399958E-21
  0.6177538417823E+02   0.2988022020751E-21
  0.6517156981698E+02   0.2921763111218E-21
  0.6875446537339E+02   0.2818890493428E-21
  0.7253433547872E+02   0.2689326443163E-21
  0.7652200907632E+02   0.2542567614050E-21
  0.8072891044538E+02   0.2382842596015E-21
  0.8516709193035E+02   0.2216122150873E-21
  0.8984926846969E+02   0.2045484792125E-21
  0.9478885402287E+02   0.1871594243367E-21
  0.1000000000000E+03   0.1694521747657E-21
