           1
         100
  
  0.5000000000000E+00   0.7596883923745E-26
  0.5274881790209E+00   0.1689303340119E-25
  0.5564875580135E+00   0.2436473429923E-25
  0.5870812172487E+00   0.1851663959337E-25
  0.6193568044478E+00   0.8525549174419E-25
  0.6534067858847E+00   0.2008153566244E-24
  0.6893287112924E+00   0.3616985466222E-24
  0.7272254933329E+00   0.7377536703460E-24
  0.7672057024315E+00   0.6635474905117E-24
  0.8093838778200E+00   0.3192146373021E-23
  0.8538808556803E+00   0.3376452066010E-23
  0.9008241153272E+00   0.1201128842898E-22
  0.9503481444241E+00   0.1550229574556E-22
  0.1002594824276E+01   0.3602613080347E-22
  0.1057713836307E+01   0.3644515929557E-22
  0.1115863090877E+01   0.5152865308605E-22
  0.1177209179687E+01   0.5392254046977E-22
  0.1241927853039E+01   0.9675351025434E-22
  0.1310204523350E+01   0.1135286072308E-21
  0.1382234796334E+01   0.4546640607134E-22
  0.1458225031395E+01   0.4570754806544E-22
  0.1538392932826E+01   0.7179047258889E-22
  0.1622968173510E+01   0.1246341726119E-21
  0.1712193052907E+01   0.1313908027763E-21
  0.1806323191221E+01   0.7060705650719E-22
  0.1905628261720E+01   0.7076936604481E-22
  0.2010392763331E+01   0.7508371967761E-22
  0.2120916835693E+01   0.1107568918430E-21
  0.2237517119029E+01   0.1410229313590E-21
  0.2360527661289E+01   0.1079213722100E-21
  0.2490300875163E+01   0.7154124934609E-22
  0.2627208547708E+01   0.6785342079705E-22
  0.2771642905477E+01   0.6546703796546E-22
  0.2924017738213E+01   0.7086280353221E-22
  0.3084769584309E+01   0.8361538105476E-22
  0.3254358981453E+01   0.9752020883866E-22
  0.3433271786014E+01   0.1067236850406E-21
  0.3622020564976E+01   0.1167004371383E-21
  0.3821146064391E+01   0.1332581526410E-21
  0.4031218758557E+01   0.1272695181034E-21
  0.4252840484372E+01   0.1017315547370E-21
  0.4486646165535E+01   0.8800267329137E-22
  0.4733305631539E+01   0.9010269944416E-22
  0.4993525536659E+01   0.9060713529592E-22
  0.5268051384453E+01   0.9267748543411E-22
  0.5557669663547E+01   0.9372771503532E-22
  0.5863210100849E+01   0.9715760325474E-22
  0.6185548038627E+01   0.1039986110437E-21
  0.6525606942283E+01   0.9812123664711E-22
  0.6884361045982E+01   0.9768619326588E-22
  0.7262838143735E+01   0.9903263780616E-22
  0.7662122533924E+01   0.1004378582600E-21
  0.8083358125709E+01   0.1033292475162E-21
  0.8527751716208E+01   0.1089119813850E-21
  0.8996576447850E+01   0.1147307402039E-21
  0.9491175455797E+01   0.1209746738318E-21
  0.1001296571589E+02   0.1243097881279E-21
  0.1056344210415E+02   0.1279233491700E-21
  0.1114418167942E+02   0.1316028350445E-21
  0.1175684820151E+02   0.1346733717370E-21
  0.1240319689768E+02   0.1357557249430E-21
  0.1308507949119E+02   0.1360576309065E-21
  0.1380444950630E+02   0.1355953721042E-21
  0.1456336786493E+02   0.1355381378726E-21
  0.1536400879097E+02   0.1368916666647E-21
  0.1620866603922E+02   0.1397629785484E-21
  0.1709975946677E+02   0.1412712217994E-21
  0.1803984196564E+02   0.1427150235128E-21
  0.1903160677656E+02   0.1440475640258E-21
  0.2007789520482E+02   0.1451188169139E-21
  0.2118170476032E+02   0.1450542032082E-21
  0.2234619774516E+02   0.1463488994905E-21
  0.2357471031327E+02   0.1487754407438E-21
  0.2487076202819E+02   0.1523992436592E-21
  0.2623806594622E+02   0.1569094686365E-21
  0.2768053925400E+02   0.1615502168304E-21
  0.2920231449082E+02   0.1654850742187E-21
  0.3080775138792E+02   0.1671643839444E-21
  0.3250144935868E+02   0.1687539738794E-21
  0.3428826067550E+02   0.1701666664680E-21
  0.3617330437103E+02   0.1717821336157E-21
  0.3816198090368E+02   0.1746722467714E-21
  0.4025998762943E+02   0.1762309091099E-21
  0.4247333512410E+02   0.1797452584705E-21
  0.4480836440311E+02   0.1856396824476E-21
  0.4727176508780E+02   0.1900734218463E-21
  0.4987059457054E+02   0.1819303579228E-21
  0.5261229823340E+02   0.1761007336319E-21
  0.5550473077848E+02   0.1699390743738E-21
  0.5855617873077E+02   0.1652512247959E-21
  0.6177538417823E+02   0.1628848080083E-21
  0.6517156981698E+02   0.1618063329594E-21
  0.6875446537339E+02   0.1576934699726E-21
  0.7253433547872E+02   0.1511705492869E-21
  0.7652200907632E+02   0.1431188076946E-21
  0.8072891044538E+02   0.1340834814886E-21
  0.8516709193035E+02   0.1246917152966E-21
  0.8984926846969E+02   0.1152003274981E-21
  0.9478885402287E+02   0.1056019239556E-21
  0.1000000000000E+03   0.9577761224445E-22
