           1
         100
  
  0.5000000000000E+00   0.7596739187816E-26
  0.5274881790209E+00   0.1689258054151E-25
  0.5564875580135E+00   0.2436341092172E-25
  0.5870812172487E+00   0.1851300965577E-25
  0.6193568044478E+00   0.8524614553521E-25
  0.6534067858847E+00   0.2007928129124E-24
  0.6893287112924E+00   0.3616475027021E-24
  0.7272254933329E+00   0.7376444928959E-24
  0.7672057024315E+00   0.6633261702543E-24
  0.8093838778200E+00   0.3191713839660E-23
  0.8538808556803E+00   0.3375635110209E-23
  0.9008241153272E+00   0.1200979433527E-22
  0.9503481444241E+00   0.1549964790545E-22
  0.1002594824276E+01   0.3602160903627E-22
  0.1057713836307E+01   0.3643775475743E-22
  0.1115863090877E+01   0.5151691818294E-22
  0.1177209179687E+01   0.5390449978066E-22
  0.1241927853039E+01   0.9672663730005E-22
  0.1310204523350E+01   0.1134900903662E-21
  0.1382234796334E+01   0.4541316804632E-22
  0.1458225031395E+01   0.4563565335714E-22
  0.1538392932826E+01   0.7169496328032E-22
  0.1622968173510E+01   0.1245089598507E-21
  0.1712193052907E+01   0.1312290020604E-21
  0.1806323191221E+01   0.7040237207537E-22
  0.1905628261720E+01   0.7051660653238E-22
  0.2010392763331E+01   0.7477990802495E-22
  0.2120916835693E+01   0.1104016833614E-21
  0.2237517119029E+01   0.1406181850707E-21
  0.2360527661289E+01   0.1074760766005E-21
  0.2490300875163E+01   0.7106987207447E-22
  0.2627208547708E+01   0.6738821736791E-22
  0.2771642905477E+01   0.6512628620759E-22
  0.2924017738213E+01   0.7078987352411E-22
  0.3084769584309E+01   0.8380225631641E-22
  0.3254358981453E+01   0.9769589452737E-22
  0.3433271786014E+01   0.1067899379481E-21
  0.3622020564976E+01   0.1166968678377E-21
  0.3821146064391E+01   0.1333573768582E-21
  0.4031218758557E+01   0.1275964468639E-21
  0.4252840484372E+01   0.1023594682352E-21
  0.4486646165535E+01   0.8895821656295E-22
  0.4733305631539E+01   0.9138686905728E-22
  0.4993525536659E+01   0.9223271417945E-22
  0.5268051384453E+01   0.9476060466173E-22
  0.5557669663547E+01   0.9652102858279E-22
  0.5863210100849E+01   0.1007599464813E-21
  0.6185548038627E+01   0.1083159557080E-21
  0.6525606942283E+01   0.1030149248671E-21
  0.6884361045982E+01   0.1031460988007E-21
  0.7262838143735E+01   0.1050157397638E-21
  0.7662122533924E+01   0.1071384563436E-21
  0.8083358125709E+01   0.1110501346547E-21
  0.8527751716208E+01   0.1178997147474E-21
  0.8996576447850E+01   0.1250973494362E-21
  0.9491175455797E+01   0.1329329967260E-21
  0.1001296571589E+02   0.1376343520266E-21
  0.1056344210415E+02   0.1428024446449E-21
  0.1114418167942E+02   0.1482249379242E-21
  0.1175684820151E+02   0.1530503847395E-21
  0.1240319689768E+02   0.1555738711215E-21
  0.1308507949119E+02   0.1571751137253E-21
  0.1380444950630E+02   0.1579438132280E-21
  0.1456336786493E+02   0.1592331952269E-21
  0.1536400879097E+02   0.1622484096916E-21
  0.1620866603922E+02   0.1671956254001E-21
  0.1709975946677E+02   0.1705117044908E-21
  0.1803984196564E+02   0.1737760872874E-21
  0.1903160677656E+02   0.1769426894558E-21
  0.2007789520482E+02   0.1797672110851E-21
  0.2118170476032E+02   0.1811876327248E-21
  0.2234619774516E+02   0.1842513212353E-21
  0.2357471031327E+02   0.1887384240282E-21
  0.2487076202819E+02   0.1947449357937E-21
  0.2623806594622E+02   0.2018211731105E-21
  0.2768053925400E+02   0.2089563234727E-21
  0.2920231449082E+02   0.2150950875359E-21
  0.3080775138792E+02   0.2181662785992E-21
  0.3250144935868E+02   0.2208618601100E-21
  0.3428826067550E+02   0.2231868051218E-21
  0.3617330437103E+02   0.2255583946468E-21
  0.3816198090368E+02   0.2293722703828E-21
  0.4025998762943E+02   0.2312568407621E-21
  0.4247333512410E+02   0.2354188228100E-21
  0.4480836440311E+02   0.2424584368202E-21
  0.4727176508780E+02   0.2473758135857E-21
  0.4987059457054E+02   0.2359660140661E-21
  0.5261229823340E+02   0.2275155411586E-21
  0.5550473077848E+02   0.2188736236139E-21
  0.5855617873077E+02   0.2124108603809E-21
  0.6177538417823E+02   0.2088853370771E-21
  0.6517156981698E+02   0.2068082389373E-21
  0.6875446537339E+02   0.2015144723927E-21
  0.7253433547872E+02   0.1939626345352E-21
  0.7652200907632E+02   0.1851252629918E-21
  0.8072891044538E+02   0.1753991619052E-21
  0.8516709193035E+02   0.1651983482014E-21
  0.8984926846969E+02   0.1546565413531E-21
  0.9478885402287E+02   0.1437178109739E-21
  0.1000000000000E+03   0.1322540508736E-21
