           1
         100
  
  0.5000000000000E+00   0.7595409691782E-26
  0.5274881790209E+00   0.1688828154279E-25
  0.5564875580135E+00   0.2435045562714E-25
  0.5870812172487E+00   0.1847646019370E-25
  0.6193568044478E+00   0.8514950865570E-25
  0.6534067858847E+00   0.2005534839574E-24
  0.6893287112924E+00   0.3610911965013E-24
  0.7272254933329E+00   0.7364247780801E-24
  0.7672057024315E+00   0.6607967290613E-24
  0.8093838778200E+00   0.3186686407595E-23
  0.8538808556803E+00   0.3366030009371E-23
  0.9008241153272E+00   0.1199210704319E-22
  0.9503481444241E+00   0.1546819684573E-22
  0.1002594824276E+01   0.3596781474169E-22
  0.1057713836307E+01   0.3634962495656E-22
  0.1115863090877E+01   0.5137745530591E-22
  0.1177209179687E+01   0.5369076417857E-22
  0.1241927853039E+01   0.9640968039688E-22
  0.1310204523350E+01   0.1130387799608E-21
  0.1382234796334E+01   0.4479551062851E-22
  0.1458225031395E+01   0.4481116800481E-22
  0.1538392932826E+01   0.7061061666566E-22
  0.1622968173510E+01   0.1230943818570E-21
  0.1712193052907E+01   0.1293976600886E-21
  0.1806323191221E+01   0.6806897025565E-22
  0.1905628261720E+01   0.6759975511309E-22
  0.2010392763331E+01   0.7121262051424E-22
  0.2120916835693E+01   0.1061296313836E-21
  0.2237517119029E+01   0.1355830319985E-21
  0.2360527661289E+01   0.1016866596283E-21
  0.2490300875163E+01   0.6456748150041E-22
  0.2627208547708E+01   0.6045478480534E-22
  0.2771642905477E+01   0.5962743683479E-22
  0.2924017738213E+01   0.6944742316567E-22
  0.3084769584309E+01   0.8569898137904E-22
  0.3254358981453E+01   0.9628117319188E-22
  0.3433271786014E+01   0.9944260604971E-22
  0.3622020564976E+01   0.1039137289594E-21
  0.3821146064391E+01   0.1175963566546E-21
  0.4031218758557E+01   0.1101293287617E-21
  0.4252840484372E+01   0.8352168187164E-22
  0.4486646165535E+01   0.6831959330787E-22
  0.4733305631539E+01   0.6815304448843E-22
  0.4993525536659E+01   0.6586776425105E-22
  0.5268051384453E+01   0.6622171989875E-22
  0.5557669663547E+01   0.6848099469175E-22
  0.5863210100849E+01   0.7359449833815E-22
  0.6185548038627E+01   0.7987870402209E-22
  0.6525606942283E+01   0.7096263326041E-22
  0.6884361045982E+01   0.6693692040514E-22
  0.7262838143735E+01   0.6394693984454E-22
  0.7662122533924E+01   0.6271309409524E-22
  0.8083358125709E+01   0.6513515039837E-22
  0.8527751716208E+01   0.7128494359790E-22
  0.8996576447850E+01   0.7727478231163E-22
  0.9491175455797E+01   0.8376241037936E-22
  0.1001296571589E+02   0.8480941216386E-22
  0.1056344210415E+02   0.8614085860188E-22
  0.1114418167942E+02   0.8733452708701E-22
  0.1175684820151E+02   0.8698219246558E-22
  0.1240319689768E+02   0.8300911695687E-22
  0.1308507949119E+02   0.7767675955206E-22
  0.1380444950630E+02   0.7146584274144E-22
  0.1456336786493E+02   0.6595868129518E-22
  0.1536400879097E+02   0.6225270136806E-22
  0.1620866603922E+02   0.6023144718275E-22
  0.1709975946677E+02   0.5660638444615E-22
  0.1803984196564E+02   0.5296562302538E-22
  0.1903160677656E+02   0.4930284030158E-22
  0.2007789520482E+02   0.4554769080247E-22
  0.2118170476032E+02   0.4104370390851E-22
  0.2234619774516E+02   0.3785345829117E-22
  0.2357471031327E+02   0.3555414716311E-22
  0.2487076202819E+02   0.3400215074032E-22
  0.2623806594622E+02   0.3292303387586E-22
  0.2768053925400E+02   0.3185470654897E-22
  0.2920231449082E+02   0.3030499609301E-22
  0.3080775138792E+02   0.2769685205913E-22
  0.3250144935868E+02   0.2536996855398E-22
  0.3428826067550E+02   0.2304893799291E-22
  0.3617330437103E+02   0.2100474391879E-22
  0.3816198090368E+02   0.1957209437880E-22
  0.4025998762943E+02   0.1777074348751E-22
  0.4247333512410E+02   0.1682863578071E-22
  0.4480836440311E+02   0.1658941696957E-22
  0.4727176508780E+02   0.1599048367510E-22
  0.4987059457054E+02   0.1242027625699E-22
  0.5261229823340E+02   0.9919795223241E-23
  0.5550473077848E+02   0.7777358841258E-23
  0.5855617873077E+02   0.6338876272119E-23
  0.6177538417823E+02   0.5513614099652E-23
  0.6517156981698E+02   0.4942412268849E-23
  0.6875446537339E+02   0.4233937243299E-23
  0.7253433547872E+02   0.3445251423362E-23
  0.7652200907632E+02   0.2797078038251E-23
  0.8072891044538E+02   0.2247336216430E-23
  0.8516709193035E+02   0.1809663956934E-23
  0.8984926846969E+02   0.1497414772811E-23
  0.9478885402287E+02   0.1226483942118E-23
  0.1000000000000E+03   0.7360485322347E-24
