           1
         100
  
  0.5000000000000E+00   0.7596771131162E-26
  0.5274881790209E+00   0.1689268309006E-25
  0.5564875580135E+00   0.2436371812726E-25
  0.5870812172487E+00   0.1851387247569E-25
  0.6193568044478E+00   0.8524841821197E-25
  0.6534067858847E+00   0.2007984221331E-24
  0.6893287112924E+00   0.3616605093029E-24
  0.7272254933329E+00   0.7376729894007E-24
  0.7672057024315E+00   0.6633853262291E-24
  0.8093838778200E+00   0.3191831841744E-23
  0.8538808556803E+00   0.3375861798403E-23
  0.9008241153272E+00   0.1201021432387E-22
  0.9503481444241E+00   0.1550039856214E-22
  0.1002594824276E+01   0.3602289767278E-22
  0.1057713836307E+01   0.3643987262471E-22
  0.1115863090877E+01   0.5152027427346E-22
  0.1177209179687E+01   0.5390963628521E-22
  0.1241927853039E+01   0.9673422125299E-22
  0.1310204523350E+01   0.1135008202404E-21
  0.1382234796334E+01   0.4542769375900E-22
  0.1458225031395E+01   0.4565462384335E-22
  0.1538392932826E+01   0.7171898563194E-22
  0.1622968173510E+01   0.1245385323737E-21
  0.1712193052907E+01   0.1312642639942E-21
  0.1806323191221E+01   0.7044242966915E-22
  0.1905628261720E+01   0.7055905934940E-22
  0.2010392763331E+01   0.7482002977064E-22
  0.2120916835693E+01   0.1104316879379E-21
  0.2237517119029E+01   0.1406267811456E-21
  0.2360527661289E+01   0.1074450721091E-21
  0.2490300875163E+01   0.7097326049397E-22
  0.2627208547708E+01   0.6718070039092E-22
  0.2771642905477E+01   0.6466020056555E-22
  0.2924017738213E+01   0.6974064994013E-22
  0.3084769584309E+01   0.8199949500515E-22
  0.3254358981453E+01   0.9575268670627E-22
  0.3433271786014E+01   0.1048572735277E-21
  0.3622020564976E+01   0.1146247410513E-21
  0.3821146064391E+01   0.1308155853890E-21
  0.4031218758557E+01   0.1243199085255E-21
  0.4252840484372E+01   0.9813783840038E-22
  0.4486646165535E+01   0.8366476952177E-22
  0.4733305631539E+01   0.8496933565266E-22
  0.4993525536659E+01   0.8462467222502E-22
  0.5268051384453E+01   0.8558720540093E-22
  0.5557669663547E+01   0.8486966992773E-22
  0.5863210100849E+01   0.8611006321758E-22
  0.6185548038627E+01   0.9099136450166E-22
  0.6525606942283E+01   0.8369028726411E-22
  0.6884361045982E+01   0.8201352555769E-22
  0.7262838143735E+01   0.8244047789348E-22
  0.7662122533924E+01   0.8254209855888E-22
  0.8083358125709E+01   0.8354383552872E-22
  0.8527751716208E+01   0.8697987957065E-22
  0.8996576447850E+01   0.9098833091380E-22
  0.9491175455797E+01   0.9566911351126E-22
  0.1001296571589E+02   0.9900956444215E-22
  0.1056344210415E+02   0.1031457957564E-21
  0.1114418167942E+02   0.1080026786729E-21
  0.1175684820151E+02   0.1132808753011E-21
  0.1240319689768E+02   0.1178930722496E-21
  0.1308507949119E+02   0.1224099987962E-21
  0.1380444950630E+02   0.1264903834370E-21
  0.1456336786493E+02   0.1310455428708E-21
  0.1536400879097E+02   0.1370630899587E-21
  0.1620866603922E+02   0.1447652294982E-21
  0.1709975946677E+02   0.1510215849989E-21
  0.1803984196564E+02   0.1570417712451E-21
  0.1903160677656E+02   0.1626913636955E-21
  0.2007789520482E+02   0.1676743053843E-21
  0.2118170476032E+02   0.1708668168052E-21
  0.2234619774516E+02   0.1753031308148E-21
  0.2357471031327E+02   0.1808292299856E-21
  0.2487076202819E+02   0.1875806634925E-21
  0.2623806594622E+02   0.1951081132725E-21
  0.2768053925400E+02   0.2023892806808E-21
  0.2920231449082E+02   0.2083801389305E-21
  0.3080775138792E+02   0.2110163391143E-21
  0.3250144935868E+02   0.2130901332271E-21
  0.3428826067550E+02   0.2146663084122E-21
  0.3617330437103E+02   0.2162116416743E-21
  0.3816198090368E+02   0.2191689432348E-21
  0.4025998762943E+02   0.2201802709309E-21
  0.4247333512410E+02   0.2234912640204E-21
  0.4480836440311E+02   0.2296983558592E-21
  0.4727176508780E+02   0.2338484071237E-21
  0.4987059457054E+02   0.2219364980671E-21
  0.5261229823340E+02   0.2131272439234E-21
  0.5550473077848E+02   0.2043181901514E-21
  0.5855617873077E+02   0.1978128285483E-21
  0.6177538417823E+02   0.1942723771708E-21
  0.6517156981698E+02   0.1922048278216E-21
  0.6875446537339E+02   0.1871619200171E-21
  0.7253433547872E+02   0.1800758042709E-21
  0.7652200907632E+02   0.1718690938967E-21
  0.8072891044538E+02   0.1628746181217E-21
  0.8516709193035E+02   0.1534376046425E-21
  0.8984926846969E+02   0.1436557423279E-21
  0.9478885402287E+02   0.1334549888404E-21
  0.1000000000000E+03   0.1226916923464E-21
