           1
         100
  
  0.5000000000000E+00   0.7596614844277E-26
  0.5274881790209E+00   0.1689218771557E-25
  0.5564875580135E+00   0.2436225408184E-25
  0.5870812172487E+00   0.1850981856202E-25
  0.6193568044478E+00   0.8523790227468E-25
  0.6534067858847E+00   0.2007729109464E-24
  0.6893287112924E+00   0.3616024871595E-24
  0.7272254933329E+00   0.7375484764807E-24
  0.7672057024315E+00   0.6631323812345E-24
  0.8093838778200E+00   0.3191337597197E-23
  0.8538808556803E+00   0.3374930949147E-23
  0.9008241153272E+00   0.1200852208754E-22
  0.9503481444241E+00   0.1549742809448E-22
  0.1002594824276E+01   0.3601788776463E-22
  0.1057713836307E+01   0.3643178331973E-22
  0.1115863090877E+01   0.5150766903864E-22
  0.1177209179687E+01   0.5389064238105E-22
  0.1241927853039E+01   0.9670656727942E-22
  0.1310204523350E+01   0.1134621240773E-21
  0.1382234796334E+01   0.4537558931474E-22
  0.1458225031395E+01   0.4558647831106E-22
  0.1538392932826E+01   0.7163199838119E-22
  0.1622968173510E+01   0.1244299445797E-21
  0.1712193052907E+01   0.1311319963503E-21
  0.1806323191221E+01   0.7028651414923E-22
  0.1905628261720E+01   0.7038238324876E-22
  0.2010392763331E+01   0.7462960633966E-22
  0.2120916835693E+01   0.1102395780739E-21
  0.2237517119029E+01   0.1404504861577E-21
  0.2360527661289E+01   0.1073126003039E-21
  0.2490300875163E+01   0.7092370278542E-22
  0.2627208547708E+01   0.6728050721376E-22
  0.2771642905477E+01   0.6511976288493E-22
  0.2924017738213E+01   0.7100714047375E-22
  0.3084769584309E+01   0.8428997528132E-22
  0.3254358981453E+01   0.9821347291037E-22
  0.3433271786014E+01   0.1072997719151E-21
  0.3622020564976E+01   0.1172557501089E-21
  0.3821146064391E+01   0.1340728306954E-21
  0.4031218758557E+01   0.1285483034291E-21
  0.4252840484372E+01   0.1036034590388E-21
  0.4486646165535E+01   0.9052130637811E-22
  0.4733305631539E+01   0.9327457809356E-22
  0.4993525536659E+01   0.9445617317017E-22
  0.5268051384453E+01   0.9741660073449E-22
  0.5557669663547E+01   0.9984521179724E-22
  0.5863210100849E+01   0.1048749718035E-21
  0.6185548038627E+01   0.1131473357137E-21
  0.6525606942283E+01   0.1084241803408E-21
  0.6884361045982E+01   0.1091198401519E-21
  0.7262838143735E+01   0.1115015630252E-21
  0.7662122533924E+01   0.1143477902591E-21
  0.8083358125709E+01   0.1193257417839E-21
  0.8527751716208E+01   0.1275195505346E-21
  0.8996576447850E+01   0.1361725632007E-21
  0.9491175455797E+01   0.1456696480429E-21
  0.1001296571589E+02   0.1517501377759E-21
  0.1056344210415E+02   0.1584545526957E-21
  0.1114418167942E+02   0.1655500429131E-21
  0.1175684820151E+02   0.1719884393239E-21
  0.1240319689768E+02   0.1757446301010E-21
  0.1308507949119E+02   0.1783772950857E-21
  0.1380444950630E+02   0.1800503585328E-21
  0.1456336786493E+02   0.1822866254303E-21
  0.1536400879097E+02   0.1864568600325E-21
  0.1620866603922E+02   0.1928222820142E-21
  0.1709975946677E+02   0.1972392544848E-21
  0.1803984196564E+02   0.2015335189076E-21
  0.1903160677656E+02   0.2056642352190E-21
  0.2007789520482E+02   0.2093265975080E-21
  0.2118170476032E+02   0.2113484233957E-21
  0.2234619774516E+02   0.2151523932684E-21
  0.2357471031327E+02   0.2204963698636E-21
  0.2487076202819E+02   0.2274631998620E-21
  0.2623806594622E+02   0.2354964229598E-21
  0.2768053925400E+02   0.2434407178075E-21
  0.2920231449082E+02   0.2501446251856E-21
  0.3080775138792E+02   0.2533333191978E-21
  0.3250144935868E+02   0.2559691141782E-21
  0.3428826067550E+02   0.2581047675076E-21
  0.3617330437103E+02   0.2601758720990E-21
  0.3816198090368E+02   0.2636886126858E-21
  0.4025998762943E+02   0.2650120819989E-21
  0.4247333512410E+02   0.2686540527540E-21
  0.4480836440311E+02   0.2752385974467E-21
  0.4727176508780E+02   0.2794389565263E-21
  0.4987059457054E+02   0.2663403634741E-21
  0.5261229823340E+02   0.2563701045014E-21
  0.5550473077848E+02   0.2461991318048E-21
  0.5855617873077E+02   0.2383089324999E-21
  0.6177538417823E+02   0.2334950502997E-21
  0.6517156981698E+02   0.2301988201058E-21
  0.6875446537339E+02   0.2235348080603E-21
  0.7253433547872E+02   0.2145226204031E-21
  0.7652200907632E+02   0.2041772271287E-21
  0.8072891044538E+02   0.1929238025738E-21
  0.8516709193035E+02   0.1812091376293E-21
  0.8984926846969E+02   0.1691850946416E-21
  0.9478885402287E+02   0.1568055987300E-21
  0.1000000000000E+03   0.1439559890921E-21
