           1
         100
  
  0.5000000000000E+00   0.7598364875938E-26
  0.5274881790209E+00   0.1689755005142E-25
  0.5564875580135E+00   0.2437761127125E-25
  0.5870812172487E+00   0.1855111674933E-25
  0.6193568044478E+00   0.8534225110738E-25
  0.6534067858847E+00   0.2010204198206E-24
  0.6893287112924E+00   0.3621549442806E-24
  0.7272254933329E+00   0.7387156464869E-24
  0.7672057024315E+00   0.6654742799616E-24
  0.8093838778200E+00   0.3195861092792E-23
  0.8538808556803E+00   0.3383360082672E-23
  0.9008241153272E+00   0.1202370145436E-22
  0.9503481444241E+00   0.1552387154076E-22
  0.1002594824276E+01   0.3606229878761E-22
  0.1057713836307E+01   0.3650349655247E-22
  0.1115863090877E+01   0.5161981240185E-22
  0.1177209179687E+01   0.5406085065849E-22
  0.1241927853039E+01   0.9695728571533E-22
  0.1310204523350E+01   0.1138192702784E-21
  0.1382234796334E+01   0.4586897711160E-22
  0.1458225031395E+01   0.4625353833170E-22
  0.1538392932826E+01   0.7251844350713E-22
  0.1622968173510E+01   0.1255898224300E-21
  0.1712193052907E+01   0.1326254985608E-21
  0.1806323191221E+01   0.7217334064857E-22
  0.1905628261720E+01   0.7271967586966E-22
  0.2010392763331E+01   0.7746743589819E-22
  0.2120916835693E+01   0.1136196156449E-21
  0.2237517119029E+01   0.1444077292262E-21
  0.2360527661289E+01   0.1118565308416E-21
  0.2490300875163E+01   0.7604570905917E-22
  0.2627208547708E+01   0.7291297700997E-22
  0.2771642905477E+01   0.7094596646397E-22
  0.2924017738213E+01   0.7669550664806E-22
  0.3084769584309E+01   0.8985101937143E-22
  0.3254358981453E+01   0.1043642836485E-21
  0.3433271786014E+01   0.1143242497553E-21
  0.3622020564976E+01   0.1250884032074E-21
  0.3821146064391E+01   0.1422053773000E-21
  0.4031218758557E+01   0.1365519854254E-21
  0.4252840484372E+01   0.1111979550957E-21
  0.4486646165535E+01   0.9757831825697E-22
  0.4733305631539E+01   0.9975754346982E-22
  0.4993525536659E+01   0.1002888194935E-21
  0.5268051384453E+01   0.1020992933062E-21
  0.5557669663547E+01   0.1022827325116E-21
  0.5863210100849E+01   0.1045706360442E-21
  0.6185548038627E+01   0.1103967036254E-21
  0.6525606942283E+01   0.1037510854247E-21
  0.6884361045982E+01   0.1025300433398E-21
  0.7262838143735E+01   0.1031597860503E-21
  0.7662122533924E+01   0.1033577206239E-21
  0.8083358125709E+01   0.1042965167902E-21
  0.8527751716208E+01   0.1073452816094E-21
  0.8996576447850E+01   0.1103940061509E-21
  0.9491175455797E+01   0.1134238409881E-21
  0.1001296571589E+02   0.1141420198676E-21
  0.1056344210415E+02   0.1148000421154E-21
  0.1114418167942E+02   0.1152124561512E-21
  0.1175684820151E+02   0.1151221071091E-21
  0.1240319689768E+02   0.1138680347616E-21
  0.1308507949119E+02   0.1122432146720E-21
  0.1380444950630E+02   0.1100816016236E-21
  0.1456336786493E+02   0.1081621303621E-21
  0.1536400879097E+02   0.1071008140502E-21
  0.1620866603922E+02   0.1068275249276E-21
  0.1709975946677E+02   0.1058055241108E-21
  0.1803984196564E+02   0.1047566468681E-21
  0.1903160677656E+02   0.1036148243645E-21
  0.2007789520482E+02   0.1023888887616E-21
  0.2118170476032E+02   0.1005312533917E-21
  0.2234619774516E+02   0.9946642013284E-22
  0.2357471031327E+02   0.9892891497442E-22
  0.2487076202819E+02   0.9889104083829E-22
  0.2623806594622E+02   0.9925667540979E-22
  0.2768053925400E+02   0.9970397760576E-22
  0.2920231449082E+02   0.9977349941424E-22
  0.3080775138792E+02   0.9889016306068E-22
  0.3250144935868E+02   0.9817734024815E-22
  0.3428826067550E+02   0.9734139211165E-22
  0.3617330437103E+02   0.9666950321166E-22
  0.3816198090368E+02   0.9659797683839E-22
  0.4025998762943E+02   0.9600552251662E-22
  0.4247333512410E+02   0.9640376267864E-22
  0.4480836440311E+02   0.9784559330755E-22
  0.4727176508780E+02   0.9881404674272E-22
  0.4987059457054E+02   0.9466886199334E-22
  0.5261229823340E+02   0.9157380102687E-22
  0.5550473077848E+02   0.8848187180587E-22
  0.5855617873077E+02   0.8626263832808E-22
  0.6177538417823E+02   0.8517408536813E-22
  0.6517156981698E+02   0.8467917266502E-22
  0.6875446537339E+02   0.8324948319016E-22
  0.7253433547872E+02   0.8111265786889E-22
  0.7652200907632E+02   0.7866200776666E-22
  0.8072891044538E+02   0.7594440253279E-22
  0.8516709193035E+02   0.7304315970838E-22
  0.8984926846969E+02   0.6996043126991E-22
  0.9478885402287E+02   0.6657984085638E-22
  0.1000000000000E+03   0.6265224688161E-22
