           1
         100
  
  0.5000000000000E+00   0.7595338495998E-26
  0.5274881790209E+00   0.1688801834220E-25
  0.5564875580135E+00   0.2434955460940E-25
  0.5870812172487E+00   0.1847359500333E-25
  0.6193568044478E+00   0.8514099039348E-25
  0.6534067858847E+00   0.2005296022781E-24
  0.6893287112924E+00   0.3610276909391E-24
  0.7272254933329E+00   0.7362643409397E-24
  0.7672057024315E+00   0.6604102236749E-24
  0.8093838778200E+00   0.3185808401372E-23
  0.8538808556803E+00   0.3364146409169E-23
  0.9008241153272E+00   0.1198828443111E-22
  0.9503481444241E+00   0.1546083830596E-22
  0.1002594824276E+01   0.3595422795265E-22
  0.1057713836307E+01   0.3632527338123E-22
  0.1115863090877E+01   0.5133539146649E-22
  0.1177209179687E+01   0.5362066167811E-22
  0.1241927853039E+01   0.9629627662313E-22
  0.1310204523350E+01   0.1128578947837E-21
  0.1382234796334E+01   0.4451064129337E-22
  0.1458225031395E+01   0.4437615613880E-22
  0.1538392932826E+01   0.6997247095868E-22
  0.1622968173510E+01   0.1221982514921E-21
  0.1712193052907E+01   0.1281881250158E-21
  0.1806323191221E+01   0.6647786292851E-22
  0.1905628261720E+01   0.6554543412089E-22
  0.2010392763331E+01   0.6859268954184E-22
  0.2120916835693E+01   0.1028238631573E-21
  0.2237517119029E+01   0.1314709854455E-21
  0.2360527661289E+01   0.9658032731046E-22
  0.2490300875163E+01   0.5823999183096E-22
  0.2627208547708E+01   0.5240811649370E-22
  0.2771642905477E+01   0.4741434635332E-22
  0.2924017738213E+01   0.4890153580893E-22
  0.3084769584309E+01   0.5725396009494E-22
  0.3254358981453E+01   0.6934905398228E-22
  0.3433271786014E+01   0.7731641673951E-22
  0.3622020564976E+01   0.8551111372262E-22
  0.3821146064391E+01   0.9952108282455E-22
  0.4031218758557E+01   0.9062903110796E-22
  0.4252840484372E+01   0.6201800697744E-22
  0.4486646165535E+01   0.4526133895213E-22
  0.4733305631539E+01   0.4454766892811E-22
  0.4993525536659E+01   0.4241348559007E-22
  0.5268051384453E+01   0.4145885008570E-22
  0.5557669663547E+01   0.3813934966071E-22
  0.5863210100849E+01   0.3656647765436E-22
  0.6185548038627E+01   0.3929587303825E-22
  0.6525606942283E+01   0.3067246174235E-22
  0.6884361045982E+01   0.2786934115566E-22
  0.7262838143735E+01   0.2743071397552E-22
  0.7662122533924E+01   0.2594315066443E-22
  0.8083358125709E+01   0.2415880573507E-22
  0.8527751716208E+01   0.2376232371554E-22
  0.8996576447850E+01   0.2336556058972E-22
  0.9491175455797E+01   0.2261475159733E-22
  0.1001296571589E+02   0.2113274675242E-22
  0.1056344210415E+02   0.1941156653382E-22
  0.1114418167942E+02   0.1735257060172E-22
  0.1175684820151E+02   0.1536421986509E-22
  0.1240319689768E+02   0.1374953505479E-22
  0.1308507949119E+02   0.1253027738114E-22
  0.1380444950630E+02   0.1119855004466E-22
  0.1456336786493E+02   0.9983922326323E-23
  0.1536400879097E+02   0.9052776503211E-23
  0.1620866603922E+02   0.8216838048633E-23
  0.1709975946677E+02   0.7467794513949E-23
  0.1803984196564E+02   0.6818920902826E-23
  0.1903160677656E+02   0.6159131391079E-23
  0.2007789520482E+02   0.5621370699825E-23
  0.2118170476032E+02   0.4905110375192E-23
  0.2234619774516E+02   0.4473296276090E-23
  0.2357471031327E+02   0.4083981739963E-23
  0.2487076202819E+02   0.3681871621524E-23
  0.2623806594622E+02   0.3368727156844E-23
  0.2768053925400E+02   0.3147306004002E-23
  0.2920231449082E+02   0.2803230224371E-23
  0.3080775138792E+02   0.2404075620394E-23
  0.3250144935868E+02   0.2295861980673E-23
  0.3428826067550E+02   0.2029567362909E-23
  0.3617330437103E+02   0.1819261102746E-23
  0.3816198090368E+02   0.1653966251528E-23
  0.4025998762943E+02   0.1407162688873E-23
  0.4247333512410E+02   0.1345990109475E-23
  0.4480836440311E+02   0.1206896816847E-23
  0.4727176508780E+02   0.1051561048131E-23
  0.4987059457054E+02   0.9768305330183E-24
  0.5261229823340E+02   0.8994741017984E-24
  0.5550473077848E+02   0.7993669247066E-24
  0.5855617873077E+02   0.7521893860266E-24
  0.6177538417823E+02   0.7053733376309E-24
  0.6517156981698E+02   0.5863747376598E-24
  0.6875446537339E+02   0.5552175438883E-24
  0.7253433547872E+02   0.4824685125166E-24
  0.7652200907632E+02   0.4644914774656E-24
  0.8072891044538E+02   0.4199673458551E-24
  0.8516709193035E+02   0.3668923534000E-24
  0.8984926846969E+02   0.3489306754396E-24
  0.9478885402287E+02   0.3082482773274E-24
  0.1000000000000E+03   0.0000000000000E+00
