           1
         100
  
  0.5000000000000E+00   0.7595558531953E-26
  0.5274881790209E+00   0.1688880316884E-25
  0.5564875580135E+00   0.2435215204880E-25
  0.5870812172487E+00   0.1848159869706E-25
  0.6193568044478E+00   0.8516406942450E-25
  0.6534067858847E+00   0.2005922899219E-24
  0.6893287112924E+00   0.3611889158462E-24
  0.7272254933329E+00   0.7366579638815E-24
  0.7672057024315E+00   0.6613257723733E-24
  0.8093838778200E+00   0.3187825285926E-23
  0.8538808556803E+00   0.3368361353666E-23
  0.9008241153272E+00   0.1199665395139E-22
  0.9503481444241E+00   0.1547666282973E-22
  0.1002594824276E+01   0.3598294540537E-22
  0.1057713836307E+01   0.3637575414037E-22
  0.1115863090877E+01   0.5142098167607E-22
  0.1177209179687E+01   0.5376081555276E-22
  0.1241927853039E+01   0.9651902460579E-22
  0.1310204523350E+01   0.1132057447350E-21
  0.1382234796334E+01   0.4504524216259E-22
  0.1458225031395E+01   0.4517415763050E-22
  0.1538392932826E+01   0.7112176067569E-22
  0.1622968173510E+01   0.1237912752270E-21
  0.1712193052907E+01   0.1303195219407E-21
  0.1806323191221E+01   0.6925994598507E-22
  0.1905628261720E+01   0.6910858593199E-22
  0.2010392763331E+01   0.7309484837100E-22
  0.2120916835693E+01   0.1084457115358E-21
  0.2237517119029E+01   0.1383906766211E-21
  0.2360527661289E+01   0.1050645482229E-21
  0.2490300875163E+01   0.6860106129219E-22
  0.2627208547708E+01   0.6530217128829E-22
  0.2771642905477E+01   0.6575637962474E-22
  0.2924017738213E+01   0.7621951309663E-22
  0.3084769584309E+01   0.9210523680457E-22
  0.3254358981453E+01   0.1047890345649E-21
  0.3433271786014E+01   0.1091766756724E-21
  0.3622020564976E+01   0.1135145106756E-21
  0.3821146064391E+01   0.1273787235704E-21
  0.4031218758557E+01   0.1205672041258E-21
  0.4252840484372E+01   0.9478155634771E-22
  0.4486646165535E+01   0.8026462945880E-22
  0.4733305631539E+01   0.8048993277507E-22
  0.4993525536659E+01   0.7838679106611E-22
  0.5268051384453E+01   0.7945243472854E-22
  0.5557669663547E+01   0.8380381532379E-22
  0.5863210100849E+01   0.9116316525223E-22
  0.6185548038627E+01   0.9906776594608E-22
  0.6525606942283E+01   0.9127781549045E-22
  0.6884361045982E+01   0.8847119507973E-22
  0.7262838143735E+01   0.8669429618430E-22
  0.7662122533924E+01   0.8794610568987E-22
  0.8083358125709E+01   0.9470978680485E-22
  0.8527751716208E+01   0.1066135419952E-21
  0.8996576447850E+01   0.1192068208728E-21
  0.9491175455797E+01   0.1335978470239E-21
  0.1001296571589E+02   0.1427596061380E-21
  0.1056344210415E+02   0.1537136082240E-21
  0.1114418167942E+02   0.1660818349675E-21
  0.1175684820151E+02   0.1779138674611E-21
  0.1240319689768E+02   0.1858941393472E-21
  0.1308507949119E+02   0.1924881358977E-21
  0.1380444950630E+02   0.1981844915512E-21
  0.1456336786493E+02   0.2051516182905E-21
  0.1536400879097E+02   0.2152687389215E-21
  0.1620866603922E+02   0.2287977890338E-21
  0.1709975946677E+02   0.2393329741688E-21
  0.1803984196564E+02   0.2495523240942E-21
  0.1903160677656E+02   0.2593553144870E-21
  0.2007789520482E+02   0.2681774547208E-21
  0.2118170476032E+02   0.2744851243687E-21
  0.2234619774516E+02   0.2827988945401E-21
  0.2357471031327E+02   0.2927066978663E-21
  0.2487076202819E+02   0.3041942763005E-21
  0.2623806594622E+02   0.3164020610902E-21
  0.2768053925400E+02   0.3278090608159E-21
  0.2920231449082E+02   0.3370447340179E-21
  0.3080775138792E+02   0.3413500222669E-21
  0.3250144935868E+02   0.3444702932096E-21
  0.3428826067550E+02   0.3466173371569E-21
  0.3617330437103E+02   0.3482966993306E-21
  0.3816198090368E+02   0.3512846305600E-21
  0.4025998762943E+02   0.3513774535611E-21
  0.4247333512410E+02   0.3537810251083E-21
  0.4480836440311E+02   0.3592154194722E-21
  0.4727176508780E+02   0.3616308423404E-21
  0.4987059457054E+02   0.3444248394105E-21
  0.5261229823340E+02   0.3308985466119E-21
  0.5550473077848E+02   0.3172466104978E-21
  0.5855617873077E+02   0.3059854545157E-21
  0.6177538417823E+02   0.2978686932630E-21
  0.6517156981698E+02   0.2912888015391E-21
  0.6875446537339E+02   0.2810357901093E-21
  0.7253433547872E+02   0.2681173214618E-21
  0.7652200907632E+02   0.2534914404139E-21
  0.8072891044538E+02   0.2375799522791E-21
  0.8516709193035E+02   0.2209744213105E-21
  0.8984926846969E+02   0.2039779488215E-21
  0.9478885402287E+02   0.1866543481140E-21
  0.1000000000000E+03   0.1690091840637E-21
