           1
         100
  
  0.5000000000000E+00   0.7596837936898E-26
  0.5274881790209E+00   0.1689289113464E-25
  0.5564875580135E+00   0.2436432291740E-25
  0.5870812172487E+00   0.1851552178921E-25
  0.6193568044478E+00   0.8525263734991E-25
  0.6534067858847E+00   0.2008085273928E-24
  0.6893287112924E+00   0.3616832274975E-24
  0.7272254933329E+00   0.7377212634851E-24
  0.7672057024315E+00   0.6634826741822E-24
  0.8093838778200E+00   0.3192021227217E-23
  0.8538808556803E+00   0.3376217966368E-23
  0.9008241153272E+00   0.1201086277661E-22
  0.9503481444241E+00   0.1550154210374E-22
  0.1002594824276E+01   0.3602484305098E-22
  0.1057713836307E+01   0.3644305755635E-22
  0.1115863090877E+01   0.5152533321174E-22
  0.1177209179687E+01   0.5391745229511E-22
  0.1241927853039E+01   0.9674597306016E-22
  0.1310204523350E+01   0.1135179891349E-21
  0.1382234796334E+01   0.4545217384575E-22
  0.1458225031395E+01   0.4568895400994E-22
  0.1538392932826E+01   0.7176645203856E-22
  0.1622968173510E+01   0.1246032399686E-21
  0.1712193052907E+01   0.1313511763617E-21
  0.1806323191221E+01   0.7055742067132E-22
  0.1905628261720E+01   0.7070912912315E-22
  0.2010392763331E+01   0.7501361170029E-22
  0.2120916835693E+01   0.1106791133235E-21
  0.2237517119029E+01   0.1409407594027E-21
  0.2360527661289E+01   0.1078421062526E-21
  0.2490300875163E+01   0.7147509225151E-22
  0.2627208547708E+01   0.6782115604027E-22
  0.2771642905477E+01   0.6554274352646E-22
  0.2924017738213E+01   0.7112634585671E-22
  0.3084769584309E+01   0.8405194244531E-22
  0.3254358981453E+01   0.9799249193975E-22
  0.3433271786014E+01   0.1071608374440E-21
  0.3622020564976E+01   0.1171109286633E-21
  0.3821146064391E+01   0.1337458114276E-21
  0.4031218758557E+01   0.1279096846061E-21
  0.4252840484372E+01   0.1025662348653E-21
  0.4486646165535E+01   0.8904279916705E-22
  0.4733305631539E+01   0.9134103103407E-22
  0.4993525536659E+01   0.9204314675016E-22
  0.5268051384453E+01   0.9438199550247E-22
  0.5557669663547E+01   0.9587006818859E-22
  0.5863210100849E+01   0.9979812027317E-22
  0.6185548038627E+01   0.1070641710350E-21
  0.6525606942283E+01   0.1015104775031E-21
  0.6884361045982E+01   0.1013838934758E-21
  0.7262838143735E+01   0.1029981653059E-21
  0.7662122533924E+01   0.1048055434364E-21
  0.8083358125709E+01   0.1083197408723E-21
  0.8527751716208E+01   0.1147014894860E-21
  0.8996576447850E+01   0.1213980303197E-21
  0.9491175455797E+01   0.1286746745530E-21
  0.1001296571589E+02   0.1329058788559E-21
  0.1056344210415E+02   0.1375715682700E-21
  0.1114418167942E+02   0.1424698564658E-21
  0.1175684820151E+02   0.1468111557344E-21
  0.1240319689768E+02   0.1489809421694E-21
  0.1308507949119E+02   0.1503008162678E-21
  0.1380444950630E+02   0.1508359368789E-21
  0.1456336786493E+02   0.1519012517073E-21
  0.1536400879097E+02   0.1546790615374E-21
  0.1620866603922E+02   0.1593837278382E-21
  0.1709975946677E+02   0.1625656866659E-21
  0.1803984196564E+02   0.1657614751386E-21
  0.1903160677656E+02   0.1689291431345E-21
  0.2007789520482E+02   0.1718350247935E-21
  0.2118170476032E+02   0.1734247519243E-21
  0.2234619774516E+02   0.1767207839440E-21
  0.2357471031327E+02   0.1815219368647E-21
  0.2487076202819E+02   0.1879393681290E-21
  0.2623806594622E+02   0.1955332860356E-21
  0.2768053925400E+02   0.2032895358813E-21
  0.2920231449082E+02   0.2101372044342E-21
  0.3080775138792E+02   0.2139653289709E-21
  0.3250144935868E+02   0.2174623591243E-21
  0.3428826067550E+02   0.2206223473246E-21
  0.3617330437103E+02   0.2238501443654E-21
  0.3816198090368E+02   0.2285537921003E-21
  0.4025998762943E+02   0.2312839566309E-21
  0.4247333512410E+02   0.2363140341465E-21
  0.4480836440311E+02   0.2442540530050E-21
  0.4727176508780E+02   0.2499757546900E-21
  0.4987059457054E+02   0.2389060932113E-21
  0.5261229823340E+02   0.2307096523853E-21
  0.5550473077848E+02   0.2221749328736E-21
  0.5855617873077E+02   0.2158785630814E-21
  0.6177538417823E+02   0.2126769020596E-21
  0.6517156981698E+02   0.2109619876481E-21
  0.6875446537339E+02   0.2060702319706E-21
  0.7253433547872E+02   0.1992732605805E-21
  0.7652200907632E+02   0.1918791669519E-21
  0.8072891044538E+02   0.1844584871852E-21
  0.8516709193035E+02   0.1773009860341E-21
  0.8984926846969E+02   0.1703336676081E-21
  0.9478885402287E+02   0.1633165868714E-21
  0.1000000000000E+03   0.1558891425446E-21
