           1
         100
  
  0.5000000000000E+00   0.7404229502993E-26
  0.5274881790209E+00   0.1646405131118E-25
  0.5564875580135E+00   0.2374306565292E-25
  0.5870812172487E+00   0.1803260776981E-25
  0.6193568044478E+00   0.8305894052671E-25
  0.6534067858847E+00   0.1956382044898E-24
  0.6893287112924E+00   0.3523244957302E-24
  0.7272254933329E+00   0.7186046461629E-24
  0.7672057024315E+00   0.6457473731377E-24
  0.8093838778200E+00   0.3109427579477E-23
  0.8538808556803E+00   0.3287248141992E-23
  0.9008241153272E+00   0.1170059721220E-22
  0.9503481444241E+00   0.1509790748666E-22
  0.1002594824276E+01   0.3509409836850E-22
  0.1057713836307E+01   0.3548887409655E-22
  0.1115863090877E+01   0.5017054446981E-22
  0.1177209179687E+01   0.5247399870734E-22
  0.1241927853039E+01   0.9418018848292E-22
  0.1310204523350E+01   0.1104746226432E-21
  0.1382234796334E+01   0.4405904777825E-22
  0.1458225031395E+01   0.4419851386997E-22
  0.1538392932826E+01   0.6950006201871E-22
  0.1622968173510E+01   0.1208547622781E-21
  0.1712193052907E+01   0.1272525381313E-21
  0.1806323191221E+01   0.6778147450329E-22
  0.1905628261720E+01   0.6768021297766E-22
  0.2010392763331E+01   0.7159257673137E-22
  0.2120916835693E+01   0.1060405031542E-21
  0.2237517119029E+01   0.1351898061511E-21
  0.2360527661289E+01   0.1025547836835E-21
  0.2490300875163E+01   0.6671164749397E-22
  0.2627208547708E+01   0.6273989110903E-22
  0.2771642905477E+01   0.6007885355740E-22
  0.2924017738213E+01   0.6488996556078E-22
  0.3084769584309E+01   0.7679308477868E-22
  0.3254358981453E+01   0.9005242599334E-22
  0.3433271786014E+01   0.9873026774931E-22
  0.3622020564976E+01   0.1080499096236E-21
  0.3821146064391E+01   0.1238164325252E-21
  0.4031218758557E+01   0.1176884008947E-21
  0.4252840484372E+01   0.9255468301512E-22
  0.4486646165535E+01   0.7895182047924E-22
  0.4733305631539E+01   0.8078714183988E-22
  0.4993525536659E+01   0.8108092716389E-22
  0.5268051384453E+01   0.8297046966418E-22
  0.5557669663547E+01   0.8396444289081E-22
  0.5863210100849E+01   0.8725014075326E-22
  0.6185548038627E+01   0.9384440660632E-22
  0.6525606942283E+01   0.8806186878285E-22
  0.6884361045982E+01   0.8759634487619E-22
  0.7262838143735E+01   0.8886855523025E-22
  0.7662122533924E+01   0.9022392251727E-22
  0.8083358125709E+01   0.9306675699948E-22
  0.8527751716208E+01   0.9854355837384E-22
  0.8996576447850E+01   0.1042593182486E-21
  0.9491175455797E+01   0.1104113406970E-21
  0.1001296571589E+02   0.1137693482652E-21
  0.1056344210415E+02   0.1174271966027E-21
  0.1114418167942E+02   0.1211763297276E-21
  0.1175684820151E+02   0.1243440115833E-21
  0.1240319689768E+02   0.1255493419835E-21
  0.1308507949119E+02   0.1259544734731E-21
  0.1380444950630E+02   0.1255669026079E-21
  0.1456336786493E+02   0.1255287127465E-21
  0.1536400879097E+02   0.1268179109459E-21
  0.1620866603922E+02   0.1295152099115E-21
  0.1709975946677E+02   0.1307856644456E-21
  0.1803984196564E+02   0.1318971214361E-21
  0.1903160677656E+02   0.1327986687340E-21
  0.2007789520482E+02   0.1333514805701E-21
  0.2118170476032E+02   0.1327413363699E-21
  0.2234619774516E+02   0.1333081354233E-21
  0.2357471031327E+02   0.1347785456589E-21
  0.2487076202819E+02   0.1371442974730E-21
  0.2623806594622E+02   0.1400755059424E-21
  0.2768053925400E+02   0.1428823367145E-21
  0.2920231449082E+02   0.1448341947022E-21
  0.3080775138792E+02   0.1447259485909E-21
  0.3250144935868E+02   0.1444315374240E-21
  0.3428826067550E+02   0.1438031821014E-21
  0.3617330437103E+02   0.1431694983022E-21
  0.3816198090368E+02   0.1433080326164E-21
  0.4025998762943E+02   0.1422503218083E-21
  0.4247333512410E+02   0.1424490715238E-21
  0.4480836440311E+02   0.1440327315220E-21
  0.4727176508780E+02   0.1443422539872E-21
  0.4987059457054E+02   0.1362489736987E-21
  0.5261229823340E+02   0.1297964568561E-21
  0.5550473077848E+02   0.1233601716941E-21
  0.5855617873077E+02   0.1181930366787E-21
  0.6177538417823E+02   0.1145817995930E-21
  0.6517156981698E+02   0.1116768861146E-21
  0.6875446537339E+02   0.1074571378865E-21
  0.7253433547872E+02   0.1024502860978E-21
  0.7652200907632E+02   0.9724062697838E-22
  0.8072891044538E+02   0.9195334767692E-22
  0.8516709193035E+02   0.8668066731332E-22
  0.8984926846969E+02   0.8141573686787E-22
  0.9478885402287E+02   0.7604590708233E-22
  0.1000000000000E+03   0.7033404703475E-22
