           1
         100
  
  0.5000000000000E+00   0.7596016602286E-26
  0.5274881790209E+00   0.1689030080212E-25
  0.5564875580135E+00   0.2435670629450E-25
  0.5870812172487E+00   0.1849454719690E-25
  0.6193568044478E+00   0.8519847132857E-25
  0.6534067858847E+00   0.2006773145807E-24
  0.6893287112924E+00   0.3613841900202E-24
  0.7272254933329E+00   0.7370765608039E-24
  0.7672057024315E+00   0.6621630559914E-24
  0.8093838778200E+00   0.3189429418458E-23
  0.8538808556803E+00   0.3371323450655E-23
  0.9008241153272E+00   0.1200196044904E-22
  0.9503481444241E+00   0.1548592879488E-22
  0.1002594824276E+01   0.3599847544691E-22
  0.1057713836307E+01   0.3640020065962E-22
  0.1115863090877E+01   0.5145793081691E-22
  0.1177209179687E+01   0.5381465553611E-22
  0.1241927853039E+01   0.9659379434432E-22
  0.1310204523350E+01   0.1132993922018E-21
  0.1382234796334E+01   0.4514656652332E-22
  0.1458225031395E+01   0.4527105140402E-22
  0.1538392932826E+01   0.7120639566786E-22
  0.1622968173510E+01   0.1238671665828E-21
  0.1712193052907E+01   0.1304022818019E-21
  0.1806323191221E+01   0.6935745552478E-22
  0.1905628261720E+01   0.6921918984583E-22
  0.2010392763331E+01   0.7319526796624E-22
  0.2120916835693E+01   0.1084951850590E-21
  0.2237517119029E+01   0.1383560490797E-21
  0.2360527661289E+01   0.1048246553482E-21
  0.2490300875163E+01   0.6799548331710E-22
  0.2627208547708E+01   0.6384819146144E-22
  0.2771642905477E+01   0.6097393998370E-22
  0.2924017738213E+01   0.6571903562852E-22
  0.3084769584309E+01   0.7779758273558E-22
  0.3254358981453E+01   0.9136757470809E-22
  0.3433271786014E+01   0.1003234932147E-21
  0.3622020564976E+01   0.1099689044560E-21
  0.3821146064391E+01   0.1261524240171E-21
  0.4031218758557E+01   0.1198189185012E-21
  0.4252840484372E+01   0.9396830733112E-22
  0.4486646165535E+01   0.7996137326517E-22
  0.4733305631539E+01   0.8182338874689E-22
  0.4993525536659E+01   0.8212637907744E-22
  0.5268051384453E+01   0.8401679428621E-22
  0.5557669663547E+01   0.8485762590798E-22
  0.5863210100849E+01   0.8804407608504E-22
  0.6185548038627E+01   0.9471010526736E-22
  0.6525606942283E+01   0.8876094214621E-22
  0.6884361045982E+01   0.8828751586588E-22
  0.7262838143735E+01   0.8963024391036E-22
  0.7662122533924E+01   0.9098799728351E-22
  0.8083358125709E+01   0.9377608957572E-22
  0.8527751716208E+01   0.9923122979247E-22
  0.8996576447850E+01   0.1049544812625E-21
  0.9491175455797E+01   0.1111306205546E-21
  0.1001296571589E+02   0.1145202435495E-21
  0.1056344210415E+02   0.1182240044030E-21
  0.1114418167942E+02   0.1220416803508E-21
  0.1175684820151E+02   0.1253132241827E-21
  0.1240319689768E+02   0.1266471400419E-21
  0.1308507949119E+02   0.1272142136960E-21
  0.1380444950630E+02   0.1270148876298E-21
  0.1456336786493E+02   0.1272218807716E-21
  0.1536400879097E+02   0.1288639310479E-21
  0.1620866603922E+02   0.1320721141544E-21
  0.1709975946677E+02   0.1338939151051E-21
  0.1803984196564E+02   0.1356527269541E-21
  0.1903160677656E+02   0.1373015688885E-21
  0.2007789520482E+02   0.1386771588683E-21
  0.2118170476032E+02   0.1388749846244E-21
  0.2234619774516E+02   0.1404816152211E-21
  0.2357471031327E+02   0.1432804080151E-21
  0.2487076202819E+02   0.1473495290173E-21
  0.2623806594622E+02   0.1523596391860E-21
  0.2768053925400E+02   0.1575149897321E-21
  0.2920231449082E+02   0.1619450573061E-21
  0.3080775138792E+02   0.1640098257031E-21
  0.3250144935868E+02   0.1659675081135E-21
  0.3428826067550E+02   0.1677485073418E-21
  0.3617330437103E+02   0.1697408768435E-21
  0.3816198090368E+02   0.1730840030867E-21
  0.4025998762943E+02   0.1750181186044E-21
  0.4247333512410E+02   0.1790205672382E-21
  0.4480836440311E+02   0.1855556268750E-21
  0.4727176508780E+02   0.1905336781214E-21
  0.4987059457054E+02   0.1821588239922E-21
  0.5261229823340E+02   0.1762960174856E-21
  0.5550473077848E+02   0.1703116882150E-21
  0.5855617873077E+02   0.1661857991066E-21
  0.6177538417823E+02   0.1645567968579E-21
  0.6517156981698E+02   0.1641675140399E-21
  0.6875446537339E+02   0.1610825594578E-21
  0.7253433547872E+02   0.1560563035801E-21
  0.7652200907632E+02   0.1499062099051E-21
  0.8072891044538E+02   0.1429378352366E-21
  0.8516709193035E+02   0.1354831813584E-21
  0.8984926846969E+02   0.1276413039679E-21
  0.9478885402287E+02   0.1193400614841E-21
  0.1000000000000E+03   0.1104237606099E-21
