           1
         100
  
  0.5000000000000E+00   0.7596848402223E-26
  0.5274881790209E+00   0.1689292494796E-25
  0.5564875580135E+00   0.2436442400736E-25
  0.5870812172487E+00   0.1851580289780E-25
  0.6193568044478E+00   0.8525336078421E-25
  0.6534067858847E+00   0.2008102315883E-24
  0.6893287112924E+00   0.3616868850075E-24
  0.7272254933329E+00   0.7377284336979E-24
  0.7672057024315E+00   0.6634954022734E-24
  0.8093838778200E+00   0.3192042235095E-23
  0.8538808556803E+00   0.3376249757436E-23
  0.9008241153272E+00   0.1201090548606E-22
  0.9503481444241E+00   0.1550158844656E-22
  0.1002594824276E+01   0.3602486438494E-22
  0.1057713836307E+01   0.3644297789828E-22
  0.1115863090877E+01   0.5152500491205E-22
  0.1177209179687E+01   0.5391660694175E-22
  0.1241927853039E+01   0.9674414880942E-22
  0.1310204523350E+01   0.1135144165405E-21
  0.1382234796334E+01   0.4544567823606E-22
  0.1458225031395E+01   0.4567788198771E-22
  0.1538392932826E+01   0.7174852911464E-22
  0.1622968173510E+01   0.1245754134906E-21
  0.1712193052907E+01   0.1313094194614E-21
  0.1806323191221E+01   0.7049645448841E-22
  0.1905628261720E+01   0.7062219252269E-22
  0.2010392763331E+01   0.7489211025804E-22
  0.2120916835693E+01   0.1105122138347E-21
  0.2237517119029E+01   0.1407150100325E-21
  0.2360527661289E+01   0.1075398662278E-21
  0.2490300875163E+01   0.7107338443606E-22
  0.2627208547708E+01   0.6728480765861E-22
  0.2771642905477E+01   0.6476944978195E-22
  0.2924017738213E+01   0.6986554211391E-22
  0.3084769584309E+01   0.8213533731148E-22
  0.3254358981453E+01   0.9588339022307E-22
  0.3433271786014E+01   0.1049847946844E-21
  0.3622020564976E+01   0.1147675655546E-21
  0.3821146064391E+01   0.1309900085125E-21
  0.4031218758557E+01   0.1245421083964E-21
  0.4252840484372E+01   0.9843299184334E-22
  0.4486646165535E+01   0.8406949416028E-22
  0.4733305631539E+01   0.8553129953562E-22
  0.4993525536659E+01   0.8540124244211E-22
  0.5268051384453E+01   0.8664515287135E-22
  0.5557669663547E+01   0.8629426130963E-22
  0.5863210100849E+01   0.8800152831337E-22
  0.6185548038627E+01   0.9343711754441E-22
  0.6525606942283E+01   0.8675546807634E-22
  0.6884361045982E+01   0.8575794975930E-22
  0.7262838143735E+01   0.8690122637580E-22
  0.7662122533924E+01   0.8775310351325E-22
  0.8083358125709E+01   0.8949868484938E-22
  0.8527751716208E+01   0.9361170812457E-22
  0.8996576447850E+01   0.9815910496358E-22
  0.9491175455797E+01   0.1031826313247E-21
  0.1001296571589E+02   0.1065573593703E-21
  0.1056344210415E+02   0.1104044551976E-21
  0.1114418167942E+02   0.1145943736256E-21
  0.1175684820151E+02   0.1187928226506E-21
  0.1240319689768E+02   0.1219512630203E-21
  0.1308507949119E+02   0.1247252446789E-21
  0.1380444950630E+02   0.1268616440988E-21
  0.1456336786493E+02   0.1292872995841E-21
  0.1536400879097E+02   0.1329159240669E-21
  0.1620866603922E+02   0.1379065396282E-21
  0.1709975946677E+02   0.1416040245579E-21
  0.1803984196564E+02   0.1451318215689E-21
  0.1903160677656E+02   0.1484135477298E-21
  0.2007789520482E+02   0.1512774037864E-21
  0.2118170476032E+02   0.1528053119276E-21
  0.2234619774516E+02   0.1555513724388E-21
  0.2357471031327E+02   0.1593373792574E-21
  0.2487076202819E+02   0.1642727650225E-21
  0.2623806594622E+02   0.1700432874194E-21
  0.2768053925400E+02   0.1758429517965E-21
  0.2920231449082E+02   0.1807792273636E-21
  0.3080775138792E+02   0.1831481353996E-21
  0.3250144935868E+02   0.1852625168055E-21
  0.3428826067550E+02   0.1870721902428E-21
  0.3617330437103E+02   0.1889800275859E-21
  0.3816198090368E+02   0.1921814068099E-21
  0.4025998762943E+02   0.1938195635313E-21
  0.4247333512410E+02   0.1975147019167E-21
  0.4480836440311E+02   0.2037768615102E-21
  0.4727176508780E+02   0.2083487421923E-21
  0.4987059457054E+02   0.1989225670693E-21
  0.5261229823340E+02   0.1920680284537E-21
  0.5550473077848E+02   0.1850632844089E-21
  0.5855617873077E+02   0.1799921496126E-21
  0.6177538417823E+02   0.1775226344551E-21
  0.6517156981698E+02   0.1763513678425E-21
  0.6875446537339E+02   0.1724017915696E-21
  0.7253433547872E+02   0.1664813182931E-21
  0.7652200907632E+02   0.1594445753009E-21
  0.8072891044538E+02   0.1516094247100E-21
  0.8516709193035E+02   0.1433130417920E-21
  0.8984926846969E+02   0.1346544559480E-21
  0.9478885402287E+02   0.1255609506317E-21
  0.1000000000000E+03   0.1158797129596E-21
