           1
         100
  
  0.5000000000000E+00   0.7595533701368E-26
  0.5274881790209E+00   0.1688871034877E-25
  0.5564875580135E+00   0.2435183198892E-25
  0.5870812172487E+00   0.1848058238000E-25
  0.6193568044478E+00   0.8516103106124E-25
  0.6534067858847E+00   0.2005834373146E-24
  0.6893287112924E+00   0.3611635442357E-24
  0.7272254933329E+00   0.7365877464372E-24
  0.7672057024315E+00   0.6611388637988E-24
  0.8093838778200E+00   0.3187372870478E-23
  0.8538808556803E+00   0.3367355832065E-23
  0.9008241153272E+00   0.1199459001236E-22
  0.9503481444241E+00   0.1547272761767E-22
  0.1002594824276E+01   0.3597574929095E-22
  0.1057713836307E+01   0.3636268929607E-22
  0.1115863090877E+01   0.5139812838892E-22
  0.1177209179687E+01   0.5372234296551E-22
  0.1241927853039E+01   0.9645578881532E-22
  0.1310204523350E+01   0.1131001562570E-21
  0.1382234796334E+01   0.4486788767739E-22
  0.1458225031395E+01   0.4488997729826E-22
  0.1538392932826E+01   0.7069480599263E-22
  0.1622968173510E+01   0.1231918209027E-21
  0.1712193052907E+01   0.1295261823058E-21
  0.1806323191221E+01   0.6824330007061E-22
  0.1905628261720E+01   0.6783030530842E-22
  0.2010392763331E+01   0.7149746216873E-22
  0.2120916835693E+01   0.1064570813563E-21
  0.2237517119029E+01   0.1359484751824E-21
  0.2360527661289E+01   0.1020270867029E-21
  0.2490300875163E+01   0.6479239262620E-22
  0.2627208547708E+01   0.6023851360187E-22
  0.2771642905477E+01   0.5698731931397E-22
  0.2924017738213E+01   0.6119259862148E-22
  0.3084769584309E+01   0.7256771686927E-22
  0.3254358981453E+01   0.8586974327303E-22
  0.3433271786014E+01   0.9455487326648E-22
  0.3622020564976E+01   0.1038172943015E-21
  0.3821146064391E+01   0.1196237993592E-21
  0.4031218758557E+01   0.1129495323472E-21
  0.4252840484372E+01   0.8678234962099E-22
  0.4486646165535E+01   0.7248199181349E-22
  0.4733305631539E+01   0.7408167937205E-22
  0.4993525536659E+01   0.7415241037837E-22
  0.5268051384453E+01   0.7581207981845E-22
  0.5557669663547E+01   0.7633221915647E-22
  0.5863210100849E+01   0.7909432474789E-22
  0.6185548038627E+01   0.8539077197647E-22
  0.6525606942283E+01   0.7921360032475E-22
  0.6884361045982E+01   0.7854364678489E-22
  0.7262838143735E+01   0.7974468675592E-22
  0.7662122533924E+01   0.8079907325116E-22
  0.8083358125709E+01   0.8299817640625E-22
  0.8527751716208E+01   0.8758868599515E-22
  0.8996576447850E+01   0.9230722607536E-22
  0.9491175455797E+01   0.9723997089982E-22
  0.1001296571589E+02   0.9967988513397E-22
  0.1056344210415E+02   0.1022599823360E-21
  0.1114418167942E+02   0.1047950014163E-21
  0.1175684820151E+02   0.1068373357673E-21
  0.1240319689768E+02   0.1073465235179E-21
  0.1308507949119E+02   0.1072770669491E-21
  0.1380444950630E+02   0.1065359129724E-21
  0.1456336786493E+02   0.1061083276350E-21
  0.1536400879097E+02   0.1068435192401E-21
  0.1620866603922E+02   0.1088009686398E-21
  0.1709975946677E+02   0.1096597551445E-21
  0.1803984196564E+02   0.1104736355558E-21
  0.1903160677656E+02   0.1111889327972E-21
  0.2007789520482E+02   0.1117154025822E-21
  0.2118170476032E+02   0.1112933564714E-21
  0.2234619774516E+02   0.1120397671197E-21
  0.2357471031327E+02   0.1137332719286E-21
  0.2487076202819E+02   0.1164275114994E-21
  0.2623806594622E+02   0.1199021371323E-21
  0.2768053925400E+02   0.1235549673750E-21
  0.2920231449082E+02   0.1266733172164E-21
  0.3080775138792E+02   0.1280006303893E-21
  0.3250144935868E+02   0.1293735800423E-21
  0.3428826067550E+02   0.1306445218647E-21
  0.3617330437103E+02   0.1321700235014E-21
  0.3816198090368E+02   0.1348571361050E-21
  0.4025998762943E+02   0.1365044432664E-21
  0.4247333512410E+02   0.1399397567909E-21
  0.4480836440311E+02   0.1455270452507E-21
  0.4727176508780E+02   0.1499976921405E-21
  0.4987059457054E+02   0.1436499098766E-21
  0.5261229823340E+02   0.1393612376732E-21
  0.5550473077848E+02   0.1349854397434E-21
  0.5855617873077E+02   0.1321920742726E-21
  0.6177538417823E+02   0.1315119904036E-21
  0.6517156981698E+02   0.1318962951691E-21
  0.6875446537339E+02   0.1300924935658E-21
  0.7253433547872E+02   0.1266968739284E-21
  0.7652200907632E+02   0.1224036167249E-21
  0.8072891044538E+02   0.1174320922524E-21
  0.8516709193035E+02   0.1120232312229E-21
  0.8984926846969E+02   0.1062338178441E-21
  0.9478885402287E+02   0.9997175304723E-22
  0.1000000000000E+03   0.9305113689281E-22
