           1
         100
  
  0.5000000000000E+00   0.7596746996200E-26
  0.5274881790209E+00   0.1689261141961E-25
  0.5564875580135E+00   0.2436352003555E-25
  0.5870812172487E+00   0.1851336157422E-25
  0.6193568044478E+00   0.8524717963152E-25
  0.6534067858847E+00   0.2007955652557E-24
  0.6893287112924E+00   0.3616541859502E-24
  0.7272254933329E+00   0.7376595471357E-24
  0.7672057024315E+00   0.6633577956883E-24
  0.8093838778200E+00   0.3191778524874E-23
  0.8538808556803E+00   0.3375764006004E-23
  0.9008241153272E+00   0.1201004430347E-22
  0.9503481444241E+00   0.1550011803435E-22
  0.1002594824276E+01   0.3602245190770E-22
  0.1057713836307E+01   0.3643917715283E-22
  0.1115863090877E+01   0.5151922283308E-22
  0.1177209179687E+01   0.5390809555163E-22
  0.1241927853039E+01   0.9673201188308E-22
  0.1310204523350E+01   0.1134976337006E-21
  0.1382234796334E+01   0.4542308178143E-22
  0.1458225031395E+01   0.4564814520251E-22
  0.1538392932826E+01   0.7171025320540E-22
  0.1622968173510E+01   0.1245272633869E-21
  0.1712193052907E+01   0.1312502558838E-21
  0.1806323191221E+01   0.7042531105044E-22
  0.1905628261720E+01   0.7053823831512E-22
  0.2010392763331E+01   0.7479452262717E-22
  0.2120916835693E+01   0.1104001256786E-21
  0.2237517119029E+01   0.1405876136833E-21
  0.2360527661289E+01   0.1073955876305E-21
  0.2490300875163E+01   0.7091009273737E-22
  0.2627208547708E+01   0.6709739985421E-22
  0.2771642905477E+01   0.6453508773708E-22
  0.2924017738213E+01   0.6955307078423E-22
  0.3084769584309E+01   0.8175217448799E-22
  0.3254358981453E+01   0.9549036156751E-22
  0.3433271786014E+01   0.1046010132987E-21
  0.3622020564976E+01   0.1143754207908E-21
  0.3821146064391E+01   0.1305475081238E-21
  0.4031218758557E+01   0.1240138706454E-21
  0.4252840484372E+01   0.9778572441522E-22
  0.4486646165535E+01   0.8326953224563E-22
  0.4733305631539E+01   0.8454134113594E-22
  0.4993525536659E+01   0.8417446524195E-22
  0.5268051384453E+01   0.8509988501530E-22
  0.5557669663547E+01   0.8428858518912E-22
  0.5863210100849E+01   0.8541447748082E-22
  0.6185548038627E+01   0.9020908138523E-22
  0.6525606942283E+01   0.8287084713835E-22
  0.6884361045982E+01   0.8117538278642E-22
  0.7262838143735E+01   0.8162655505538E-22
  0.7662122533924E+01   0.8166970973055E-22
  0.8083358125709E+01   0.8241046372712E-22
  0.8527751716208E+01   0.8535962998602E-22
  0.8996576447850E+01   0.8871323323682E-22
  0.9491175455797E+01   0.9247159905336E-22
  0.1001296571589E+02   0.9496657853908E-22
  0.1056344210415E+02   0.9800916012039E-22
  0.1114418167942E+02   0.1015194202810E-21
  0.1175684820151E+02   0.1053762508615E-21
  0.1240319689768E+02   0.1088517214989E-21
  0.1308507949119E+02   0.1124204781935E-21
  0.1380444950630E+02   0.1157265550881E-21
  0.1456336786493E+02   0.1195131915411E-21
  0.1536400879097E+02   0.1245364971650E-21
  0.1620866603922E+02   0.1309004919137E-21
  0.1709975946677E+02   0.1363385970853E-21
  0.1803984196564E+02   0.1417316809388E-21
  0.1903160677656E+02   0.1469481774316E-21
  0.2007789520482E+02   0.1518015914909E-21
  0.2118170476032E+02   0.1553787991844E-21
  0.2234619774516E+02   0.1600000535070E-21
  0.2357471031327E+02   0.1654880053310E-21
  0.2487076202819E+02   0.1719456520417E-21
  0.2623806594622E+02   0.1790886345866E-21
  0.2768053925400E+02   0.1861498398041E-21
  0.2920231449082E+02   0.1922534154949E-21
  0.3080775138792E+02   0.1957528902645E-21
  0.3250144935868E+02   0.1988518272735E-21
  0.3428826067550E+02   0.2014838229201E-21
  0.3617330437103E+02   0.2040493216984E-21
  0.3816198090368E+02   0.2077047778409E-21
  0.4025998762943E+02   0.2097025513183E-21
  0.4247333512410E+02   0.2135433669412E-21
  0.4480836440311E+02   0.2197169791125E-21
  0.4727176508780E+02   0.2241307277643E-21
  0.4987059457054E+02   0.2149553066773E-21
  0.5261229823340E+02   0.2081905040615E-21
  0.5550473077848E+02   0.2012051245903E-21
  0.5855617873077E+02   0.1959632346504E-21
  0.6177538417823E+02   0.1930968715834E-21
  0.6517156981698E+02   0.1913804897220E-21
  0.6875446537339E+02   0.1869097763351E-21
  0.7253433547872E+02   0.1804183218758E-21
  0.7652200907632E+02   0.1726928034858E-21
  0.8072891044538E+02   0.1640259524710E-21
  0.8516709193035E+02   0.1547768329902E-21
  0.8984926846969E+02   0.1450821108380E-21
  0.9478885402287E+02   0.1348993903291E-21
  0.1000000000000E+03   0.1241056799069E-21
