           1
         100
  
  0.5000000000000E+00   0.7596840030104E-26
  0.5274881790209E+00   0.1689289476838E-25
  0.5564875580135E+00   0.2436432424104E-25
  0.5870812172487E+00   0.1851549718973E-25
  0.6193568044478E+00   0.8525249951583E-25
  0.6534067858847E+00   0.2008080273822E-24
  0.6893287112924E+00   0.3616817408656E-24
  0.7272254933329E+00   0.7377172997043E-24
  0.7672057024315E+00   0.6634729168072E-24
  0.8093838778200E+00   0.3191997842116E-23
  0.8538808556803E+00   0.3376164158341E-23
  0.9008241153272E+00   0.1201074475626E-22
  0.9503481444241E+00   0.1550129618438E-22
  0.1002594824276E+01   0.3602435929721E-22
  0.1057713836307E+01   0.3644215778510E-22
  0.1115863090877E+01   0.5152372936333E-22
  0.1177209179687E+01   0.5391470212673E-22
  0.1241927853039E+01   0.9674142698748E-22
  0.1310204523350E+01   0.1135107286173E-21
  0.1382234796334E+01   0.4544091169316E-22
  0.1458225031395E+01   0.4567192472872E-22
  0.1538392932826E+01   0.7174134601309E-22
  0.1622968173510E+01   0.1245671702735E-21
  0.1712193052907E+01   0.1313006522465E-21
  0.1806323191221E+01   0.7048825425957E-22
  0.1905628261720E+01   0.7061635983298E-22
  0.2010392763331E+01   0.7489139039314E-22
  0.2120916835693E+01   0.1105206548905E-21
  0.2237517119029E+01   0.1407384424724E-21
  0.2360527661289E+01   0.1075869360378E-21
  0.2490300875163E+01   0.7115689417913E-22
  0.2627208547708E+01   0.6742665551155E-22
  0.2771642905477E+01   0.6503914724498E-22
  0.2924017738213E+01   0.7043635584099E-22
  0.3084769584309E+01   0.8314605901979E-22
  0.3254358981453E+01   0.9703499286051E-22
  0.3433271786014E+01   0.1061633661864E-21
  0.3622020564976E+01   0.1160273213006E-21
  0.3821146064391E+01   0.1325267280858E-21
  0.4031218758557E+01   0.1265253239837E-21
  0.4252840484372E+01   0.1009979048776E-21
  0.4486646165535E+01   0.8728336702038E-22
  0.4733305631539E+01   0.8939186145950E-22
  0.4993525536659E+01   0.8990406342155E-22
  0.5268051384453E+01   0.9202229469181E-22
  0.5557669663547E+01   0.9320488628341E-22
  0.5863210100849E+01   0.9677730272969E-22
  0.6185548038627E+01   0.1037176806082E-21
  0.6525606942283E+01   0.9790029093582E-22
  0.6884361045982E+01   0.9751864297766E-22
  0.7262838143735E+01   0.9890281231479E-22
  0.7662122533924E+01   0.1003867565263E-21
  0.8083358125709E+01   0.1034139526521E-21
  0.8527751716208E+01   0.1091556849077E-21
  0.8996576447850E+01   0.1151241007151E-21
  0.9491175455797E+01   0.1215204598420E-21
  0.1001296571589E+02   0.1249789963989E-21
  0.1056344210415E+02   0.1287295519277E-21
  0.1114418167942E+02   0.1325607607234E-21
  0.1175684820151E+02   0.1357893352853E-21
  0.1240319689768E+02   0.1370173444038E-21
  0.1308507949119E+02   0.1374606768621E-21
  0.1380444950630E+02   0.1371383909274E-21
  0.1456336786493E+02   0.1372356556461E-21
  0.1536400879097E+02   0.1387814092204E-21
  0.1620866603922E+02   0.1418983246556E-21
  0.1709975946677E+02   0.1436386795513E-21
  0.1803984196564E+02   0.1453297809379E-21
  0.1903160677656E+02   0.1469259517776E-21
  0.2007789520482E+02   0.1482668311466E-21
  0.2118170476032E+02   0.1484537822014E-21
  0.2234619774516E+02   0.1500508863173E-21
  0.2357471031327E+02   0.1528358446824E-21
  0.2487076202819E+02   0.1568815087778E-21
  0.2623806594622E+02   0.1618602465730E-21
  0.2768053925400E+02   0.1669808228359E-21
  0.2920231449082E+02   0.1713734706024E-21
  0.3080775138792E+02   0.1734047769868E-21
  0.3250144935868E+02   0.1753089154368E-21
  0.3428826067550E+02   0.1770073712319E-21
  0.3617330437103E+02   0.1788824211016E-21
  0.3816198090368E+02   0.1820656580676E-21
  0.4025998762943E+02   0.1838075813400E-21
  0.4247333512410E+02   0.1875752919609E-21
  0.4480836440311E+02   0.1938414843867E-21
  0.4727176508780E+02   0.1985255216480E-21
  0.4987059457054E+02   0.1898040435249E-21
  0.5261229823340E+02   0.1835503636527E-21
  0.5550473077848E+02   0.1771478069747E-21
  0.5855617873077E+02   0.1726007166390E-21
  0.6177538417823E+02   0.1705474918300E-21
  0.6517156981698E+02   0.1697299607322E-21
  0.6875446537339E+02   0.1662293018034E-21
  0.7253433547872E+02   0.1608148753228E-21
  0.7652200907632E+02   0.1543127628065E-21
  0.8072891044538E+02   0.1470227381459E-21
  0.8516709193035E+02   0.1392634562229E-21
  0.8984926846969E+02   0.1311271621530E-21
  0.9478885402287E+02   0.1225402270358E-21
  0.1000000000000E+03   0.1133466585105E-21
