           1
         100
  
  0.5000000000000E+00   0.7382892087389E-26
  0.5274881790209E+00   0.1641694420549E-25
  0.5564875580135E+00   0.2367692491290E-25
  0.5870812172487E+00   0.1798921908879E-25
  0.6193568044478E+00   0.8283777528375E-25
  0.6534067858847E+00   0.1951146813023E-24
  0.6893287112924E+00   0.3513970518381E-24
  0.7272254933329E+00   0.7167048701075E-24
  0.7672057024315E+00   0.6442456587919E-24
  0.8093838778200E+00   0.3100983339528E-23
  0.8538808556803E+00   0.3278789597379E-23
  0.9008241153272E+00   0.1166817234886E-22
  0.9503481444241E+00   0.1505670670625E-22
  0.1002594824276E+01   0.3499577767887E-22
  0.1057713836307E+01   0.3539171562630E-22
  0.1115863090877E+01   0.5003316587479E-22
  0.1177209179687E+01   0.5233357600224E-22
  0.1241927853039E+01   0.9392135186431E-22
  0.1310204523350E+01   0.1101723790336E-21
  0.1382234796334E+01   0.4395665897965E-22
  0.1458225031395E+01   0.4409984583240E-22
  0.1538392932826E+01   0.6933097910187E-22
  0.1622968173510E+01   0.1205385958179E-21
  0.1712193052907E+01   0.1269214639361E-21
  0.1806323191221E+01   0.6762832369307E-22
  0.1905628261720E+01   0.6752829905404E-22
  0.2010392763331E+01   0.7142734987125E-22
  0.2120916835693E+01   0.1057687546812E-21
  0.2237517119029E+01   0.1348237297807E-21
  0.2360527661289E+01   0.1022715709407E-21
  0.2490300875163E+01   0.6651575298027E-22
  0.2627208547708E+01   0.6252965822815E-22
  0.2771642905477E+01   0.5982814090534E-22
  0.2924017738213E+01   0.6457061890575E-22
  0.3084769584309E+01   0.7640819210472E-22
  0.3254358981453E+01   0.8959480861360E-22
  0.3433271786014E+01   0.9822819370973E-22
  0.3622020564976E+01   0.1075128868826E-21
  0.3821146064391E+01   0.1232095624923E-21
  0.4031218758557E+01   0.1170628238865E-21
  0.4252840484372E+01   0.9196178427467E-22
  0.4486646165535E+01   0.7836155631266E-22
  0.4733305631539E+01   0.8016359037828E-22
  0.4993525536659E+01   0.8043767798882E-22
  0.5268051384453E+01   0.8228881106307E-22
  0.5557669663547E+01   0.8319459518029E-22
  0.5863210100849E+01   0.8636332932505E-22
  0.6185548038627E+01   0.9284575669312E-22
  0.6525606942283E+01   0.8701345593383E-22
  0.6884361045982E+01   0.8648014231028E-22
  0.7262838143735E+01   0.8769056232945E-22
  0.7662122533924E+01   0.8888936295853E-22
  0.8083358125709E+01   0.9137852628540E-22
  0.8527751716208E+01   0.9626569051511E-22
  0.8996576447850E+01   0.1011767117225E-21
  0.9491175455797E+01   0.1061747326985E-21
  0.1001296571589E+02   0.1083403195235E-21
  0.1056344210415E+02   0.1104127887741E-21
  0.1114418167942E+02   0.1121174052629E-21
  0.1175684820151E+02   0.1129540629289E-21
  0.1240319689768E+02   0.1120342354250E-21
  0.1308507949119E+02   0.1103927283549E-21
  0.1380444950630E+02   0.1079851763946E-21
  0.1456336786493E+02   0.1056767331833E-21
  0.1536400879097E+02   0.1040816467205E-21
  0.1620866603922E+02   0.1030492816095E-21
  0.1709975946677E+02   0.1009909312958E-21
  0.1803984196564E+02   0.9868692126229E-22
  0.1903160677656E+02   0.9609032984590E-22
  0.2007789520482E+02   0.9324921429841E-22
  0.2118170476032E+02   0.8972410748897E-22
  0.2234619774516E+02   0.8673207882256E-22
  0.2357471031327E+02   0.8396376599995E-22
  0.2487076202819E+02   0.8133010897026E-22
  0.2623806594622E+02   0.7876593910184E-22
  0.2768053925400E+02   0.7608840070422E-22
  0.2920231449082E+02   0.7300475414457E-22
  0.3080775138792E+02   0.6936217311813E-22
  0.3250144935868E+02   0.6593627868949E-22
  0.3428826067550E+02   0.6238161658735E-22
  0.3617330437103E+02   0.5894720496631E-22
  0.3816198090368E+02   0.5576975602617E-22
  0.4025998762943E+02   0.5241784281683E-22
  0.4247333512410E+02   0.4952328238084E-22
  0.4480836440311E+02   0.4686082698573E-22
  0.4727176508780E+02   0.4410204242589E-22
  0.4987059457054E+02   0.4047160435372E-22
  0.5261229823340E+02   0.3725512837851E-22
  0.5550473077848E+02   0.3420892810691E-22
  0.5855617873077E+02   0.3153312676493E-22
  0.6177538417823E+02   0.2919668121842E-22
  0.6517156981698E+02   0.2702176921818E-22
  0.6875446537339E+02   0.2492437646721E-22
  0.7253433547872E+02   0.2285531844392E-22
  0.7652200907632E+02   0.2096151071019E-22
  0.8072891044538E+02   0.1918479821075E-22
  0.8516709193035E+02   0.1754470511817E-22
  0.8984926846969E+02   0.1607017717700E-22
  0.9478885402287E+02   0.1469068016566E-22
  0.1000000000000E+03   0.1315783691201E-22
