           1
         100
  
  0.5000000000000E+00   0.7596842538743E-26
  0.5274881790209E+00   0.1689300834277E-25
  0.5564875580135E+00   0.2436498560743E-25
  0.5870812172487E+00   0.1851827266719E-25
  0.6193568044478E+00   0.8526221292848E-25
  0.6534067858847E+00   0.2008378158534E-24
  0.6893287112924E+00   0.3617642779125E-24
  0.7272254933329E+00   0.7379283892063E-24
  0.7672057024315E+00   0.6639762884235E-24
  0.8093838778200E+00   0.3193138986944E-23
  0.8538808556803E+00   0.3378628345891E-23
  0.9008241153272E+00   0.1201581886868E-22
  0.9503481444241E+00   0.1551126121026E-22
  0.1002594824276E+01   0.3604299785895E-22
  0.1057713836307E+01   0.3647544685654E-22
  0.1115863090877E+01   0.5158084630709E-22
  0.1177209179687E+01   0.5400909535824E-22
  0.1241927853039E+01   0.9689204959975E-22
  0.1310204523350E+01   0.1137436234911E-21
  0.1382234796334E+01   0.4579059728698E-22
  0.1458225031395E+01   0.4618207072881E-22
  0.1538392932826E+01   0.7246564642164E-22
  0.1622968173510E+01   0.1255688938530E-21
  0.1712193052907E+01   0.1326499523139E-21
  0.1806323191221E+01   0.7226024588738E-22
  0.1905628261720E+01   0.7289002009723E-22
  0.2010392763331E+01   0.7775037069745E-22
  0.2120916835693E+01   0.1140512960669E-21
  0.2237517119029E+01   0.1450213253489E-21
  0.2360527661289E+01   0.1127143981062E-21
  0.2490300875163E+01   0.7721668073471E-22
  0.2627208547708E+01   0.7453722296629E-22
  0.2771642905477E+01   0.7327583342372E-22
  0.2924017738213E+01   0.7919661941085E-22
  0.3084769584309E+01   0.9243091338572E-22
  0.3254358981453E+01   0.1076587680565E-21
  0.3433271786014E+01   0.1182269834980E-21
  0.3622020564976E+01   0.1286530123037E-21
  0.3821146064391E+01   0.1453042687012E-21
  0.4031218758557E+01   0.1396838655039E-21
  0.4252840484372E+01   0.1145618266749E-21
  0.4486646165535E+01   0.1009701327834E-21
  0.4733305631539E+01   0.1027375823622E-21
  0.4993525536659E+01   0.1024330252150E-21
  0.5268051384453E+01   0.1041638920505E-21
  0.5557669663547E+01   0.1062055754670E-21
  0.5863210100849E+01   0.1100255217995E-21
  0.6185548038627E+01   0.1165333228668E-21
  0.6525606942283E+01   0.1099987871139E-21
  0.6884361045982E+01   0.1087596170281E-21
  0.7262838143735E+01   0.1089469231920E-21
  0.7662122533924E+01   0.1099352364354E-21
  0.8083358125709E+01   0.1137926242688E-21
  0.8527751716208E+01   0.1210257527123E-21
  0.8996576447850E+01   0.1288080876853E-21
  0.9491175455797E+01   0.1377436687784E-21
  0.1001296571589E+02   0.1443342070583E-21
  0.1056344210415E+02   0.1523143853303E-21
  0.1114418167942E+02   0.1615820748551E-21
  0.1175684820151E+02   0.1712659272969E-21
  0.1240319689768E+02   0.1792661685227E-21
  0.1308507949119E+02   0.1866329614387E-21
  0.1380444950630E+02   0.1931664646452E-21
  0.1456336786493E+02   0.2003461139400E-21
  0.1536400879097E+02   0.2098783891520E-21
  0.1620866603922E+02   0.2223323828642E-21
  0.1709975946677E+02   0.2320739444759E-21
  0.1803984196564E+02   0.2412987307152E-21
  0.1903160677656E+02   0.2498645410631E-21
  0.2007789520482E+02   0.2571463367937E-21
  0.2118170476032E+02   0.2613848921039E-21
  0.2234619774516E+02   0.2676322796897E-21
  0.2357471031327E+02   0.2757627737458E-21
  0.2487076202819E+02   0.2859629163322E-21
  0.2623806594622E+02   0.2972597406410E-21
  0.2768053925400E+02   0.3078385678637E-21
  0.2920231449082E+02   0.3161036023570E-21
  0.3080775138792E+02   0.3186902276828E-21
  0.3250144935868E+02   0.3200517578185E-21
  0.3428826067550E+02   0.3205892721004E-21
  0.3617330437103E+02   0.3209246862321E-21
  0.3816198090368E+02   0.3233235255198E-21
  0.4025998762943E+02   0.3225739100127E-21
  0.4247333512410E+02   0.3251258808086E-21
  0.4480836440311E+02   0.3318543615723E-21
  0.4727176508780E+02   0.3352213545464E-21
  0.4987059457054E+02   0.3148989418981E-21
  0.5261229823340E+02   0.2993003599468E-21
  0.5550473077848E+02   0.2838593123397E-21
  0.5855617873077E+02   0.2719102137847E-21
  0.6177538417823E+02   0.2644571818364E-21
  0.6517156981698E+02   0.2593216685293E-21
  0.6875446537339E+02   0.2499505894410E-21
  0.7253433547872E+02   0.2378025460925E-21
  0.7652200907632E+02   0.2241905325107E-21
  0.8072891044538E+02   0.2096837709119E-21
  0.8516709193035E+02   0.1948511829366E-21
  0.8984926846969E+02   0.1798736560284E-21
  0.9478885402287E+02   0.1647051045128E-21
  0.1000000000000E+03   0.1492650496854E-21
