           1
         100
  
  0.5000000000000E+00   0.7596010361197E-26
  0.5274881790209E+00   0.1689027672187E-25
  0.5564875580135E+00   0.2435662207846E-25
  0.5870812172487E+00   0.1849427568972E-25
  0.6193568044478E+00   0.8519767444649E-25
  0.6534067858847E+00   0.2006752247348E-24
  0.6893287112924E+00   0.3613792837807E-24
  0.7272254933329E+00   0.7370660473291E-24
  0.7672057024315E+00   0.6621424684715E-24
  0.8093838778200E+00   0.3189389445920E-23
  0.8538808556803E+00   0.3371246007706E-23
  0.9008241153272E+00   0.1200181074543E-22
  0.9503481444241E+00   0.1548564262229E-22
  0.1002594824276E+01   0.3599795643332E-22
  0.1057713836307E+01   0.3639933463537E-22
  0.1115863090877E+01   0.5145654400134E-22
  0.1177209179687E+01   0.5381251214102E-22
  0.1241927853039E+01   0.9659063268966E-22
  0.1310204523350E+01   0.1132951197226E-21
  0.1382234796334E+01   0.4514127522649E-22
  0.1458225031395E+01   0.4526465508858E-22
  0.1538392932826E+01   0.7119851364589E-22
  0.1622968173510E+01   0.1238570261359E-21
  0.1712193052907E+01   0.1303888277631E-21
  0.1806323191221E+01   0.6933991490934E-22
  0.1905628261720E+01   0.6919709992977E-22
  0.2010392763331E+01   0.7316871959268E-22
  0.2120916835693E+01   0.1084646840683E-21
  0.2237517119029E+01   0.1383220387587E-21
  0.2360527661289E+01   0.1047891662419E-21
  0.2490300875163E+01   0.6796096775151E-22
  0.2627208547708E+01   0.6382102308085E-22
  0.2771642905477E+01   0.6097826842205E-22
  0.2924017738213E+01   0.6575644969257E-22
  0.3084769584309E+01   0.7784157019394E-22
  0.3254358981453E+01   0.9140686181998E-22
  0.3433271786014E+01   0.1003441276070E-21
  0.3622020564976E+01   0.1099570370059E-21
  0.3821146064391E+01   0.1261248882189E-21
  0.4031218758557E+01   0.1197924403585E-21
  0.4252840484372E+01   0.9394841946628E-22
  0.4486646165535E+01   0.7994444724238E-22
  0.4733305631539E+01   0.8180235224731E-22
  0.4993525536659E+01   0.8209635383599E-22
  0.5268051384453E+01   0.8399237203665E-22
  0.5557669663547E+01   0.8486583514688E-22
  0.5863210100849E+01   0.8807182977850E-22
  0.6185548038627E+01   0.9474413782815E-22
  0.6525606942283E+01   0.8880070249070E-22
  0.6884361045982E+01   0.8833573986274E-22
  0.7262838143735E+01   0.8969023101294E-22
  0.7662122533924E+01   0.9106391411170E-22
  0.8083358125709E+01   0.9386301475203E-22
  0.8527751716208E+01   0.9931277739491E-22
  0.8996576447850E+01   0.1050199588372E-21
  0.9491175455797E+01   0.1111677147281E-21
  0.1001296571589E+02   0.1145460464245E-21
  0.1056344210415E+02   0.1182322480346E-21
  0.1114418167942E+02   0.1220283078706E-21
  0.1175684820151E+02   0.1252848391319E-21
  0.1240319689768E+02   0.1266244194273E-21
  0.1308507949119E+02   0.1272090553922E-21
  0.1380444950630E+02   0.1270366770163E-21
  0.1456336786493E+02   0.1272728849434E-21
  0.1536400879097E+02   0.1289385091543E-21
  0.1620866603922E+02   0.1321625060465E-21
  0.1709975946677E+02   0.1340213816488E-21
  0.1803984196564E+02   0.1358267839971E-21
  0.1903160677656E+02   0.1375316362278E-21
  0.2007789520482E+02   0.1389757506046E-21
  0.2118170476032E+02   0.1392611410468E-21
  0.2234619774516E+02   0.1409516902671E-21
  0.2357471031327E+02   0.1438281042806E-21
  0.2487076202819E+02   0.1479660095260E-21
  0.2623806594622E+02   0.1530404624283E-21
  0.2768053925400E+02   0.1582621802683E-21
  0.2920231449082E+02   0.1627629945836E-21
  0.3080775138792E+02   0.1649106265539E-21
  0.3250144935868E+02   0.1669451713212E-21
  0.3428826067550E+02   0.1687913700226E-21
  0.3617330437103E+02   0.1708337617223E-21
  0.3816198090368E+02   0.1742042886214E-21
  0.4025998762943E+02   0.1761569483054E-21
  0.4247333512410E+02   0.1801552616174E-21
  0.4480836440311E+02   0.1866719402762E-21
  0.4727176508780E+02   0.1916303321245E-21
  0.4987059457054E+02   0.1832183501880E-21
  0.5261229823340E+02   0.1773179557300E-21
  0.5550473077848E+02   0.1713093603771E-21
  0.5855617873077E+02   0.1671617255223E-21
  0.6177538417823E+02   0.1654830145879E-21
  0.6517156981698E+02   0.1650184805641E-21
  0.6875446537339E+02   0.1618939672999E-21
  0.7253433547872E+02   0.1568592924935E-21
  0.7652200907632E+02   0.1507214220713E-21
  0.8072891044538E+02   0.1437713171141E-21
  0.8516709193035E+02   0.1363269886083E-21
  0.8984926846969E+02   0.1284835727774E-21
  0.9478885402287E+02   0.1201696812408E-21
  0.1000000000000E+03   0.1112302699596E-21
