           1
         100
  
  0.5000000000000E+00   0.8021163982723E-26
  0.5274881790209E+00   0.1735841330987E-25
  0.5564875580135E+00   0.2402393921819E-25
  0.5870812172487E+00   0.1856020870727E-25
  0.6193568044478E+00   0.8521829261455E-25
  0.6534067858847E+00   0.2034641812160E-24
  0.6893287112924E+00   0.3609088435877E-24
  0.7272254933329E+00   0.7290480025881E-24
  0.7672057024315E+00   0.6675050629240E-24
  0.8093838778200E+00   0.3212262767325E-23
  0.8538808556803E+00   0.3377937969550E-23
  0.9008241153272E+00   0.1209108976263E-22
  0.9503481444241E+00   0.1543540567376E-22
  0.1002594824276E+01   0.3667528926532E-22
  0.1057713836307E+01   0.3622651535943E-22
  0.1115863090877E+01   0.5315123737194E-22
  0.1177209179687E+01   0.5435310009269E-22
  0.1241927853039E+01   0.9596768199443E-22
  0.1310204523350E+01   0.1146188269956E-21
  0.1382234796334E+01   0.4579003356549E-22
  0.1458225031395E+01   0.4616190606719E-22
  0.1538392932826E+01   0.7232943126056E-22
  0.1622968173510E+01   0.1237820787344E-21
  0.1712193052907E+01   0.1311336278768E-21
  0.1806323191221E+01   0.7124849824836E-22
  0.1905628261720E+01   0.7238020699112E-22
  0.2010392763331E+01   0.7500351020518E-22
  0.2120916835693E+01   0.1115008858933E-21
  0.2237517119029E+01   0.1411072642505E-21
  0.2360527661289E+01   0.1084478074815E-21
  0.2490300875163E+01   0.7069133903786E-22
  0.2627208547708E+01   0.6756823338791E-22
  0.2771642905477E+01   0.6515990754515E-22
  0.2924017738213E+01   0.6991398467508E-22
  0.3084769584309E+01   0.8203424497981E-22
  0.3254358981453E+01   0.9489547223084E-22
  0.3433271786014E+01   0.1060290499568E-21
  0.3622020564976E+01   0.1157280967671E-21
  0.3821146064391E+01   0.1302740813327E-21
  0.4031218758557E+01   0.1242683335160E-21
  0.4252840484372E+01   0.9756048573463E-22
  0.4486646165535E+01   0.8365047575163E-22
  0.4733305631539E+01   0.8537757321732E-22
  0.4993525536659E+01   0.8479814752064E-22
  0.5268051384453E+01   0.8567177903355E-22
  0.5557669663547E+01   0.8507021451415E-22
  0.5863210100849E+01   0.8601138925629E-22
  0.6185548038627E+01   0.9058410247992E-22
  0.6525606942283E+01   0.8334628759397E-22
  0.6884361045982E+01   0.8183348131111E-22
  0.7262838143735E+01   0.8221497220528E-22
  0.7662122533924E+01   0.8189291229996E-22
  0.8083358125709E+01   0.8337106110710E-22
  0.8527751716208E+01   0.8611622635177E-22
  0.8996576447850E+01   0.8947341972771E-22
  0.9491175455797E+01   0.9357626560481E-22
  0.1001296571589E+02   0.9633014712268E-22
  0.1056344210415E+02   0.9950827211646E-22
  0.1114418167942E+02   0.1033984437870E-21
  0.1175684820151E+02   0.1076973745945E-21
  0.1240319689768E+02   0.1114877944908E-21
  0.1308507949119E+02   0.1152055869946E-21
  0.1380444950630E+02   0.1186495147773E-21
  0.1456336786493E+02   0.1226168363719E-21
  0.1536400879097E+02   0.1278488114819E-21
  0.1620866603922E+02   0.1344371188274E-21
  0.1709975946677E+02   0.1400351303240E-21
  0.1803984196564E+02   0.1455521308807E-21
  0.1903160677656E+02   0.1508184070045E-21
  0.2007789520482E+02   0.1556392299798E-21
  0.2118170476032E+02   0.1591206762996E-21
  0.2234619774516E+02   0.1636600377801E-21
  0.2357471031327E+02   0.1691260805586E-21
  0.2487076202819E+02   0.1756116862941E-21
  0.2623806594622E+02   0.1827974621789E-21
  0.2768053925400E+02   0.1898710287982E-21
  0.2920231449082E+02   0.1959207665106E-21
  0.3080775138792E+02   0.1992251920495E-21
  0.3250144935868E+02   0.2020926746513E-21
  0.3428826067550E+02   0.2044845456174E-21
  0.3617330437103E+02   0.2068093356495E-21
  0.3816198090368E+02   0.2102802624727E-21
  0.4025998762943E+02   0.2120300419150E-21
  0.4247333512410E+02   0.2157109126866E-21
  0.4480836440311E+02   0.2218401991269E-21
  0.4727176508780E+02   0.2261533673666E-21
  0.4987059457054E+02   0.2163253852530E-21
  0.5261229823340E+02   0.2090727936452E-21
  0.5550473077848E+02   0.2016745422668E-21
  0.5855617873077E+02   0.1961560896979E-21
  0.6177538417823E+02   0.1931133483014E-21
  0.6517156981698E+02   0.1912645089186E-21
  0.6875446537339E+02   0.1866649280499E-21
  0.7253433547872E+02   0.1800852515602E-21
  0.7652200907632E+02   0.1723256133828E-21
  0.8072891044538E+02   0.1636680619410E-21
  0.8516709193035E+02   0.1544492526380E-21
  0.8984926846969E+02   0.1447928550470E-21
  0.9478885402287E+02   0.1346508301110E-21
  0.1000000000000E+03   0.1238953215018E-21
