           1
         100
  
  0.5000000000000E+00   0.7596737902130E-26
  0.5274881790209E+00   0.1689257652553E-25
  0.5564875580135E+00   0.2436339881843E-25
  0.5870812172487E+00   0.1851297326929E-25
  0.6193568044478E+00   0.8524604274200E-25
  0.6534067858847E+00   0.2007925653964E-24
  0.6893287112924E+00   0.3616470087791E-24
  0.7272254933329E+00   0.7376436255532E-24
  0.7672057024315E+00   0.6633247676134E-24
  0.8093838778200E+00   0.3191710674603E-23
  0.8538808556803E+00   0.3375626481342E-23
  0.9008241153272E+00   0.1200977050779E-22
  0.9503481444241E+00   0.1549958562903E-22
  0.1002594824276E+01   0.3602146251718E-22
  0.1057713836307E+01   0.3643744806004E-22
  0.1115863090877E+01   0.5151631052510E-22
  0.1177209179687E+01   0.5390335139601E-22
  0.1241927853039E+01   0.9672457522292E-22
  0.1310204523350E+01   0.1134866092361E-21
  0.1382234796334E+01   0.4540751049618E-22
  0.1458225031395E+01   0.4562657333135E-22
  0.1538392932826E+01   0.7168065788685E-22
  0.1622968173510E+01   0.1244870025640E-21
  0.1712193052907E+01   0.1311961922964E-21
  0.1806323191221E+01   0.7035459100590E-22
  0.1905628261720E+01   0.7044871676017E-22
  0.2010392763331E+01   0.7468566660252E-22
  0.2120916835693E+01   0.1102735445663E-21
  0.2237517119029E+01   0.1404470637219E-21
  0.2360527661289E+01   0.1072511167617E-21
  0.2490300875163E+01   0.7077783624725E-22
  0.2627208547708E+01   0.6701085710466E-22
  0.2771642905477E+01   0.6460036071870E-22
  0.2924017738213E+01   0.6991932827436E-22
  0.3084769584309E+01   0.8254557154117E-22
  0.3254358981453E+01   0.9644469061614E-22
  0.3433271786014E+01   0.1055872101041E-21
  0.3622020564976E+01   0.1154058892233E-21
  0.3821146064391E+01   0.1318653377685E-21
  0.4031218758557E+01   0.1258523682109E-21
  0.4252840484372E+01   0.1003285385900E-21
  0.4486646165535E+01   0.8662057264818E-22
  0.4733305631539E+01   0.8873412659016E-22
  0.4993525536659E+01   0.8925344996181E-22
  0.5268051384453E+01   0.9140458114146E-22
  0.5557669663547E+01   0.9266133108950E-22
  0.5863210100849E+01   0.9630332195573E-22
  0.6185548038627E+01   0.1032995842526E-21
  0.6525606942283E+01   0.9753411270554E-22
  0.6884361045982E+01   0.9720772515173E-22
  0.7262838143735E+01   0.9864893576220E-22
  0.7662122533924E+01   0.1002019970407E-21
  0.8083358125709E+01   0.1033066586219E-21
  0.8527751716208E+01   0.1091227798244E-21
  0.8996576447850E+01   0.1151603411456E-21
  0.9491175455797E+01   0.1216230811814E-21
  0.1001296571589E+02   0.1251533612212E-21
  0.1056344210415E+02   0.1289789997924E-21
  0.1114418167942E+02   0.1328912608484E-21
  0.1175684820151E+02   0.1362103168450E-21
  0.1240319689768E+02   0.1375388746783E-21
  0.1308507949119E+02   0.1380904331798E-21
  0.1380444950630E+02   0.1378830620433E-21
  0.1456336786493E+02   0.1381042383386E-21
  0.1536400879097E+02   0.1397895970600E-21
  0.1620866603922E+02   0.1430697692256E-21
  0.1709975946677E+02   0.1449806229921E-21
  0.1803984196564E+02   0.1468561367552E-21
  0.1903160677656E+02   0.1486507102425E-21
  0.2007789520482E+02   0.1501992833398E-21
  0.2118170476032E+02   0.1505912931001E-21
  0.2234619774516E+02   0.1524196220013E-21
  0.2357471031327E+02   0.1554664193991E-21
  0.2487076202819E+02   0.1598098034949E-21
  0.2623806594622E+02   0.1651145381204E-21
  0.2768053925400E+02   0.1705704628155E-21
  0.2920231449082E+02   0.1752883254701E-21
  0.3080775138792E+02   0.1775883556679E-21
  0.3250144935868E+02   0.1797389782912E-21
  0.3428826067550E+02   0.1816650775529E-21
  0.3617330437103E+02   0.1837486097867E-21
  0.3816198090368E+02   0.1871485449035E-21
  0.4025998762943E+02   0.1890407739591E-21
  0.4247333512410E+02   0.1929782516430E-21
  0.4480836440311E+02   0.1994503609178E-21
  0.4727176508780E+02   0.2042591242934E-21
  0.4987059457054E+02   0.1952520897776E-21
  0.5261229823340E+02   0.1886980741441E-21
  0.5550473077848E+02   0.1819282139337E-21
  0.5855617873077E+02   0.1771086763016E-21
  0.6177538417823E+02   0.1749401524188E-21
  0.6517156981698E+02   0.1740668113149E-21
  0.6875446537339E+02   0.1705818250213E-21
  0.7253433547872E+02   0.1654723507739E-21
  0.7652200907632E+02   0.1597539021535E-21
  0.8072891044538E+02   0.1537566988366E-21
  0.8516709193035E+02   0.1476288413853E-21
  0.8984926846969E+02   0.1412736812985E-21
  0.9478885402287E+02   0.1344738427812E-21
  0.1000000000000E+03   0.1269363173148E-21
