           1
         100
  
  0.5000000000000E+00   0.7595338495998E-26
  0.5274881790209E+00   0.1688801834220E-25
  0.5564875580135E+00   0.2434955460940E-25
  0.5870812172487E+00   0.1847359500333E-25
  0.6193568044478E+00   0.8514099039348E-25
  0.6534067858847E+00   0.2005296022781E-24
  0.6893287112924E+00   0.3610276909391E-24
  0.7272254933329E+00   0.7362643409397E-24
  0.7672057024315E+00   0.6604102236749E-24
  0.8093838778200E+00   0.3185808401372E-23
  0.8538808556803E+00   0.3364146409169E-23
  0.9008241153272E+00   0.1198828443111E-22
  0.9503481444241E+00   0.1546083830596E-22
  0.1002594824276E+01   0.3595422795265E-22
  0.1057713836307E+01   0.3632527338123E-22
  0.1115863090877E+01   0.5133539146649E-22
  0.1177209179687E+01   0.5362066167811E-22
  0.1241927853039E+01   0.9629627662313E-22
  0.1310204523350E+01   0.1128578947837E-21
  0.1382234796334E+01   0.4451064129337E-22
  0.1458225031395E+01   0.4437615613880E-22
  0.1538392932826E+01   0.6997247095868E-22
  0.1622968173510E+01   0.1221982514921E-21
  0.1712193052907E+01   0.1281881250158E-21
  0.1806323191221E+01   0.6647786292851E-22
  0.1905628261720E+01   0.6554543412089E-22
  0.2010392763331E+01   0.6859268954184E-22
  0.2120916835693E+01   0.1028238631573E-21
  0.2237517119029E+01   0.1314709854455E-21
  0.2360527661289E+01   0.9658032731046E-22
  0.2490300875163E+01   0.5823999183096E-22
  0.2627208547708E+01   0.5240811649370E-22
  0.2771642905477E+01   0.4741434635333E-22
  0.2924017738213E+01   0.4890153580898E-22
  0.3084769584309E+01   0.5725396009518E-22
  0.3254358981453E+01   0.6934905398423E-22
  0.3433271786014E+01   0.7731641675489E-22
  0.3622020564976E+01   0.8551111382076E-22
  0.3821146064391E+01   0.9952108328681E-22
  0.4031218758557E+01   0.9062903293483E-22
  0.4252840484372E+01   0.6201801351073E-22
  0.4486646165535E+01   0.4526136100478E-22
  0.4733305631539E+01   0.4454774010217E-22
  0.4993525536659E+01   0.4241370265414E-22
  0.5268051384453E+01   0.4145944770571E-22
  0.5557669663547E+01   0.3814078161961E-22
  0.5863210100849E+01   0.3656972950926E-22
  0.6185548038627E+01   0.3930331558280E-22
  0.6525606942283E+01   0.3068948188889E-22
  0.6884361045982E+01   0.2790664712941E-22
  0.7262838143735E+01   0.2750953764415E-22
  0.7662122533924E+01   0.2609726738614E-22
  0.8083358125709E+01   0.2443765699134E-22
  0.8527751716208E+01   0.2424253799748E-22
  0.8996576447850E+01   0.2417227600417E-22
  0.9491175455797E+01   0.2392975119051E-22
  0.1001296571589E+02   0.2326414174554E-22
  0.1056344210415E+02   0.2275618164903E-22
  0.1114418167942E+02   0.2245054803251E-22
  0.1175684820151E+02   0.2296025933151E-22
  0.1240319689768E+02   0.2487416800571E-22
  0.1308507949119E+02   0.2844921883156E-22
  0.1380444950630E+02   0.3342800766128E-22
  0.1456336786493E+02   0.4021853415739E-22
  0.1536400879097E+02   0.4907535111986E-22
  0.1620866603922E+02   0.5985921252075E-22
  0.1709975946677E+02   0.7296764128221E-22
  0.1803984196564E+02   0.8827453468556E-22
  0.1903160677656E+02   0.1055617956129E-21
  0.2007789520482E+02   0.1248144433954E-21
  0.2118170476032E+02   0.1455506513122E-21
  0.2234619774516E+02   0.1674719532080E-21
  0.2357471031327E+02   0.1898807197563E-21
  0.2487076202819E+02   0.2122463489925E-21
  0.2623806594622E+02   0.2342909315608E-21
  0.2768053925400E+02   0.2556739486475E-21
  0.2920231449082E+02   0.2757960555233E-21
  0.3080775138792E+02   0.2944241263810E-21
  0.3250144935868E+02   0.3112584744053E-21
  0.3428826067550E+02   0.3255001740051E-21
  0.3617330437103E+02   0.3371420772350E-21
  0.3816198090368E+02   0.3461280916225E-21
  0.4025998762943E+02   0.3521975033709E-21
  0.4247333512410E+02   0.3559324591693E-21
  0.4480836440311E+02   0.3573773195116E-21
  0.4727176508780E+02   0.3562614019167E-21
  0.4987059457054E+02   0.3505302098329E-21
  0.5261229823340E+02   0.3410967503824E-21
  0.5550473077848E+02   0.3267699845577E-21
  0.5855617873077E+02   0.3099020780515E-21
  0.6177538417823E+02   0.2947830508780E-21
  0.6517156981698E+02   0.2818210398791E-21
  0.6875446537339E+02   0.2635878687696E-21
  0.7253433547872E+02   0.2409760360611E-21
  0.7652200907632E+02   0.2158453717955E-21
  0.8072891044538E+02   0.1901900702170E-21
  0.8516709193035E+02   0.1659726993782E-21
  0.8984926846969E+02   0.1438743697236E-21
  0.9478885402287E+02   0.1238356769289E-21
  0.1000000000000E+03   0.1056179692949E-21
