           1
         100
  
  0.5000000000000E+00   0.7595557203007E-26
  0.5274881790209E+00   0.1688879883259E-25
  0.5564875580135E+00   0.2435213895559E-25
  0.5870812172487E+00   0.1848156202269E-25
  0.6193568044478E+00   0.8516397367126E-25
  0.6534067858847E+00   0.2005920555593E-24
  0.6893287112924E+00   0.3611883764114E-24
  0.7272254933329E+00   0.7366567959478E-24
  0.7672057024315E+00   0.6613233908876E-24
  0.8093838778200E+00   0.3187820741775E-23
  0.8538808556803E+00   0.3368353229597E-23
  0.9008241153272E+00   0.1199664033074E-22
  0.9503481444241E+00   0.1547664140446E-22
  0.1002594824276E+01   0.3598291374429E-22
  0.1057713836307E+01   0.3637571031977E-22
  0.1115863090877E+01   0.5142092562338E-22
  0.1177209179687E+01   0.5376075068450E-22
  0.1241927853039E+01   0.9651896021265E-22
  0.1310204523350E+01   0.1132057007573E-21
  0.1382234796334E+01   0.4504525638681E-22
  0.1458225031395E+01   0.4517428787832E-22
  0.1538392932826E+01   0.7112208303458E-22
  0.1622968173510E+01   0.1237918793643E-21
  0.1712193052907E+01   0.1303205138743E-21
  0.1806323191221E+01   0.6926147466887E-22
  0.1905628261720E+01   0.6911086256448E-22
  0.2010392763331E+01   0.7309818940088E-22
  0.2120916835693E+01   0.1084505928458E-21
  0.2237517119029E+01   0.1383978029722E-21
  0.2360527661289E+01   0.1050751567270E-21
  0.2490300875163E+01   0.6861720308405E-22
  0.2627208547708E+01   0.6532786001233E-22
  0.2771642905477E+01   0.6580427301871E-22
  0.2924017738213E+01   0.7632003245249E-22
  0.3084769584309E+01   0.9228430830823E-22
  0.3254358981453E+01   0.1050076596233E-21
  0.3433271786014E+01   0.1094467014864E-21
  0.3622020564976E+01   0.1138883181654E-21
  0.3821146064391E+01   0.1279402984898E-21
  0.4031218758557E+01   0.1214177660608E-21
  0.4252840484372E+01   0.9604867749977E-22
  0.4486646165535E+01   0.8210518176851E-22
  0.4733305631539E+01   0.8309266346924E-22
  0.4993525536659E+01   0.8197939549251E-22
  0.5268051384453E+01   0.8432063773978E-22
  0.5557669663547E+01   0.9032537260820E-22
  0.5863210100849E+01   0.9975012879932E-22
  0.6185548038627E+01   0.1100056830704E-21
  0.6525606942283E+01   0.1047147799182E-21
  0.6884361045982E+01   0.1045885112821E-21
  0.7262838143735E+01   0.1055638422569E-21
  0.7662122533924E+01   0.1097719709335E-21
  0.8083358125709E+01   0.1197276502541E-21
  0.8527751716208E+01   0.1349675599795E-21
  0.8996576447850E+01   0.1507329807398E-21
  0.9491175455797E+01   0.1680926835597E-21
  0.1001296571589E+02   0.1790323728806E-21
  0.1056344210415E+02   0.1911004654389E-21
  0.1114418167942E+02   0.2037484269010E-21
  0.1175684820151E+02   0.2146349627784E-21
  0.1240319689768E+02   0.2200410412858E-21
  0.1308507949119E+02   0.2228546412346E-21
  0.1380444950630E+02   0.2238227832682E-21
  0.1456336786493E+02   0.2253937622984E-21
  0.1536400879097E+02   0.2296067894217E-21
  0.1620866603922E+02   0.2367614905865E-21
  0.1709975946677E+02   0.2403927274607E-21
  0.1803984196564E+02   0.2434591388002E-21
  0.1903160677656E+02   0.2460207397564E-21
  0.2007789520482E+02   0.2476762455538E-21
  0.2118170476032E+02   0.2470878916359E-21
  0.2234619774516E+02   0.2487474169324E-21
  0.2357471031327E+02   0.2522829902576E-21
  0.2487076202819E+02   0.2577171581575E-21
  0.2623806594622E+02   0.2642919280282E-21
  0.2768053925400E+02   0.2706344058502E-21
  0.2920231449082E+02   0.2755006656982E-21
  0.3080775138792E+02   0.2763659625084E-21
  0.3250144935868E+02   0.2767611387560E-21
  0.3428826067550E+02   0.2768436449481E-21
  0.3617330437103E+02   0.2770793394974E-21
  0.3816198090368E+02   0.2790946687291E-21
  0.4025998762943E+02   0.2789388791384E-21
  0.4247333512410E+02   0.2814471007872E-21
  0.4480836440311E+02   0.2872579597421E-21
  0.4727176508780E+02   0.2906715044272E-21
  0.4987059457054E+02   0.2759600997289E-21
  0.5261229823340E+02   0.2649395468168E-21
  0.5550473077848E+02   0.2540162785805E-21
  0.5855617873077E+02   0.2455953885490E-21
  0.6177538417823E+02   0.2403228613013E-21
  0.6517156981698E+02   0.2365890378992E-21
  0.6875446537339E+02   0.2295461658799E-21
  0.7253433547872E+02   0.2201921972840E-21
  0.7652200907632E+02   0.2095018458773E-21
  0.8072891044538E+02   0.1978627384816E-21
  0.8516709193035E+02   0.1857095863756E-21
  0.8984926846969E+02   0.1732019502153E-21
  0.9478885402287E+02   0.1603036136314E-21
  0.1000000000000E+03   0.1469108787121E-21
