           1
         100
  
  0.5000000000000E+00   0.7596783448989E-26
  0.5274881790209E+00   0.1689271181870E-25
  0.5564875580135E+00   0.2436377278259E-25
  0.5870812172487E+00   0.1851393758444E-25
  0.6193568044478E+00   0.8524838224972E-25
  0.6534067858847E+00   0.2007979790570E-24
  0.6893287112924E+00   0.3616590678114E-24
  0.7272254933329E+00   0.7376695012341E-24
  0.7672057024315E+00   0.6633784502736E-24
  0.8093838778200E+00   0.3191815940345E-23
  0.8538808556803E+00   0.3375821841668E-23
  0.9008241153272E+00   0.1201011422644E-22
  0.9503481444241E+00   0.1550016097590E-22
  0.1002594824276E+01   0.3602239540691E-22
  0.1057713836307E+01   0.3643894056677E-22
  0.1115863090877E+01   0.5151863380632E-22
  0.1177209179687E+01   0.5390687080644E-22
  0.1241927853039E+01   0.9672980002911E-22
  0.1310204523350E+01   0.1134943407138E-21
  0.1382234796334E+01   0.4541885508442E-22
  0.1458225031395E+01   0.4564268753945E-22
  0.1538392932826E+01   0.7170263272645E-22
  0.1622968173510E+01   0.1245157650724E-21
  0.1712193052907E+01   0.1312325846151E-21
  0.1806323191221E+01   0.7039969744380E-22
  0.1905628261720E+01   0.7050374142797E-22
  0.2010392763331E+01   0.7475188163443E-22
  0.2120916835693E+01   0.1103520458285E-21
  0.2237517119029E+01   0.1405384832651E-21
  0.2360527661289E+01   0.1073560855647E-21
  0.2490300875163E+01   0.7089650660325E-22
  0.2627208547708E+01   0.6714421793303E-22
  0.2771642905477E+01   0.6476416733335E-22
  0.2924017738213E+01   0.7015311476299E-22
  0.3084769584309E+01   0.8283176164067E-22
  0.3254358981453E+01   0.9669874740240E-22
  0.3433271786014E+01   0.1057844152762E-21
  0.3622020564976E+01   0.1155784631264E-21
  0.3821146064391E+01   0.1320373904645E-21
  0.4031218758557E+01   0.1260236000896E-21
  0.4252840484372E+01   0.1004962381793E-21
  0.4486646165535E+01   0.8678359005088E-22
  0.4733305631539E+01   0.8889284099773E-22
  0.4993525536659E+01   0.8940891786448E-22
  0.5268051384453E+01   0.9154940128572E-22
  0.5557669663547E+01   0.9278477429539E-22
  0.5863210100849E+01   0.9641617408708E-22
  0.6185548038627E+01   0.1034026517285E-21
  0.6525606942283E+01   0.9761847126591E-22
  0.6884361045982E+01   0.9727020977415E-22
  0.7262838143735E+01   0.9868552198393E-22
  0.7662122533924E+01   0.1002149270722E-21
  0.8083358125709E+01   0.1033044093236E-21
  0.8527751716208E+01   0.1091173024307E-21
  0.8996576447850E+01   0.1151541245571E-21
  0.9491175455797E+01   0.1216196361196E-21
  0.1001296571589E+02   0.1251257547134E-21
  0.1056344210415E+02   0.1289235113523E-21
  0.1114418167942E+02   0.1328010179989E-21
  0.1175684820151E+02   0.1360679014955E-21
  0.1240319689768E+02   0.1373140741162E-21
  0.1308507949119E+02   0.1377634958171E-21
  0.1380444950630E+02   0.1374388070295E-21
  0.1456336786493E+02   0.1375342051306E-21
  0.1536400879097E+02   0.1390900187417E-21
  0.1620866603922E+02   0.1422369593008E-21
  0.1709975946677E+02   0.1439971256898E-21
  0.1803984196564E+02   0.1457133166332E-21
  0.1903160677656E+02   0.1473422189758E-21
  0.2007789520482E+02   0.1487205313727E-21
  0.2118170476032E+02   0.1489403996932E-21
  0.2234619774516E+02   0.1505988478169E-21
  0.2357471031327E+02   0.1534768074515E-21
  0.2487076202819E+02   0.1576510419657E-21
  0.2623806594622E+02   0.1627865661773E-21
  0.2768053925400E+02   0.1680761793950E-21
  0.2920231449082E+02   0.1726348166663E-21
  0.3080775138792E+02   0.1747908607923E-21
  0.3250144935868E+02   0.1768084194095E-21
  0.3428826067550E+02   0.1786117515552E-21
  0.3617330437103E+02   0.1805830296620E-21
  0.3816198090368E+02   0.1838804755634E-21
  0.4025998762943E+02   0.1856871868565E-21
  0.4247333512410E+02   0.1895550928610E-21
  0.4480836440311E+02   0.1959828956634E-21
  0.4727176508780E+02   0.2007742642068E-21
  0.4987059457054E+02   0.1917282256958E-21
  0.5261229823340E+02   0.1851354612228E-21
  0.5550473077848E+02   0.1783229345849E-21
  0.5855617873077E+02   0.1734736253425E-21
  0.6177538417823E+02   0.1713068206960E-21
  0.6517156981698E+02   0.1704741458231E-21
  0.6875446537339E+02   0.1669762387754E-21
  0.7253433547872E+02   0.1617588364335E-21
  0.7652200907632E+02   0.1557913931619E-21
  0.8072891044538E+02   0.1493839812378E-21
  0.8516709193035E+02   0.1427240481447E-21
  0.8984926846969E+02   0.1357664599765E-21
  0.9478885402287E+02   0.1283389779132E-21
  0.1000000000000E+03   0.1201997462348E-21
