           1
         100
  
  0.5000000000000E+00   0.7596785114106E-26
  0.5274881790209E+00   0.1689272467673E-25
  0.5564875580135E+00   0.2436383361748E-25
  0.5870812172487E+00   0.1851417276855E-25
  0.6193568044478E+00   0.8524915676276E-25
  0.6534067858847E+00   0.2008001647932E-24
  0.6893287112924E+00   0.3616644845024E-24
  0.7272254933329E+00   0.7376817510286E-24
  0.7672057024315E+00   0.6634040551055E-24
  0.8093838778200E+00   0.3191869795598E-23
  0.8538808556803E+00   0.3375934888070E-23
  0.9008241153272E+00   0.1201034859127E-22
  0.9503481444241E+00   0.1550063540816E-22
  0.1002594824276E+01   0.3602330595290E-22
  0.1057713836307E+01   0.3644056910649E-22
  0.1115863090877E+01   0.5152143654658E-22
  0.1177209179687E+01   0.5391153384152E-22
  0.1241927853039E+01   0.9673726391003E-22
  0.1310204523350E+01   0.1135056533414E-21
  0.1382234796334E+01   0.4543528287827E-22
  0.1458225031395E+01   0.4566625314885E-22
  0.1538392932826E+01   0.7173628055140E-22
  0.1622968173510E+01   0.1245634964876E-21
  0.1712193052907E+01   0.1312994371121E-21
  0.1806323191221E+01   0.7049124006279E-22
  0.1905628261720E+01   0.7062598489359E-22
  0.2010392763331E+01   0.7491089728135E-22
  0.2120916835693E+01   0.1105539732087E-21
  0.2237517119029E+01   0.1407898868872E-21
  0.2360527661289E+01   0.1076620005186E-21
  0.2490300875163E+01   0.7126161613944E-22
  0.2627208547708E+01   0.6756983056432E-22
  0.2771642905477E+01   0.6524897494424E-22
  0.2924017738213E+01   0.7076565830692E-22
  0.3084769584309E+01   0.8359815587860E-22
  0.3254358981453E+01   0.9748898353270E-22
  0.3433271786014E+01   0.1066042091730E-21
  0.3622020564976E+01   0.1164883447438E-21
  0.3821146064391E+01   0.1330446388380E-21
  0.4031218758557E+01   0.1271173489874E-21
  0.4252840484372E+01   0.1016729586154E-21
  0.4486646165535E+01   0.8804478467337E-22
  0.4733305631539E+01   0.9024053009582E-22
  0.4993525536659E+01   0.9084356661599E-22
  0.5268051384453E+01   0.9306673231677E-22
  0.5557669663547E+01   0.9438568436312E-22
  0.5863210100849E+01   0.9811963167417E-22
  0.6185548038627E+01   0.1052125657077E-21
  0.6525606942283E+01   0.9952326650876E-22
  0.6884361045982E+01   0.9927006966274E-22
  0.7262838143735E+01   0.1007790021569E-21
  0.7662122533924E+01   0.1024234469038E-21
  0.8083358125709E+01   0.1056687713691E-21
  0.8527751716208E+01   0.1116915576115E-21
  0.8996576447850E+01   0.1179834038684E-21
  0.9491175455797E+01   0.1247726907605E-21
  0.1001296571589E+02   0.1285758059877E-21
  0.1056344210415E+02   0.1327331282207E-21
  0.1114418167942E+02   0.1370386617446E-21
  0.1175684820151E+02   0.1407612784441E-21
  0.1240319689768E+02   0.1424044166982E-21
  0.1308507949119E+02   0.1432347484962E-21
  0.1380444950630E+02   0.1432943890763E-21
  0.1456336786493E+02   0.1438282504169E-21
  0.1536400879097E+02   0.1459345083512E-21
  0.1620866603922E+02   0.1497785107192E-21
  0.1709975946677E+02   0.1521872729069E-21
  0.1803984196564E+02   0.1545827912669E-21
  0.1903160677656E+02   0.1569213541590E-21
  0.2007789520482E+02   0.1590089988275E-21
  0.2118170476032E+02   0.1598748778840E-21
  0.2234619774516E+02   0.1622934220966E-21
  0.2357471031327E+02   0.1660534742793E-21
  0.2487076202819E+02   0.1712486353685E-21
  0.2623806594622E+02   0.1775022984259E-21
  0.2768053925400E+02   0.1839191669417E-21
  0.2920231449082E+02   0.1895316740889E-21
  0.3080775138792E+02   0.1924695395125E-21
  0.3250144935868E+02   0.1951844551509E-21
  0.3428826067550E+02   0.1976323146424E-21
  0.3617330437103E+02   0.2002059827000E-21
  0.3816198090368E+02   0.2041773383334E-21
  0.4025998762943E+02   0.2064429363871E-21
  0.4247333512410E+02   0.2108830971390E-21
  0.4480836440311E+02   0.2180538170361E-21
  0.4727176508780E+02   0.2233288032892E-21
  0.4987059457054E+02   0.2133835665773E-21
  0.5261229823340E+02   0.2061046003444E-21
  0.5550473077848E+02   0.1985660615198E-21
  0.5855617873077E+02   0.1931222226811E-21
  0.6177538417823E+02   0.1905361130885E-21
  0.6517156981698E+02   0.1893364953037E-21
  0.6875446537339E+02   0.1852737952927E-21
  0.7253433547872E+02   0.1794624811720E-21
  0.7652200907632E+02   0.1730341395248E-21
  0.8072891044538E+02   0.1663808577814E-21
  0.8516709193035E+02   0.1596593888972E-21
  0.8984926846969E+02   0.1527450414453E-21
  0.9478885402287E+02   0.1453892560614E-21
  0.1000000000000E+03   0.1372742553478E-21
