           1
         100
  
  0.5000000000000E+00   0.7596727042998E-26
  0.5274881790209E+00   0.1689254816789E-25
  0.5564875580135E+00   0.2436333365595E-25
  0.5870812172487E+00   0.1851284804414E-25
  0.6193568044478E+00   0.8524586323430E-25
  0.6534067858847E+00   0.2007924615029E-24
  0.6893287112924E+00   0.3616474801067E-24
  0.7272254933329E+00   0.7376461846490E-24
  0.7672057024315E+00   0.6633332945692E-24
  0.8093838778200E+00   0.3191735439631E-23
  0.8538808556803E+00   0.3375690991862E-23
  0.9008241153272E+00   0.1200992441376E-22
  0.9503481444241E+00   0.1549992669383E-22
  0.1002594824276E+01   0.3602216418434E-22
  0.1057713836307E+01   0.3643878926994E-22
  0.1115863090877E+01   0.5151874491948E-22
  0.1177209179687E+01   0.5390757228699E-22
  0.1241927853039E+01   0.9673156829555E-22
  0.1310204523350E+01   0.1134976107869E-21
  0.1382234796334E+01   0.4542406060386E-22
  0.1458225031395E+01   0.4565076384831E-22
  0.1538392932826E+01   0.7171517125739E-22
  0.1622968173510E+01   0.1245351177460E-21
  0.1712193052907E+01   0.1312616936469E-21
  0.1806323191221E+01   0.7044125399684E-22
  0.1905628261720E+01   0.7055986682156E-22
  0.2010392763331E+01   0.7482336659663E-22
  0.2120916835693E+01   0.1104379350217E-21
  0.2237517119029E+01   0.1406360310995E-21
  0.2360527661289E+01   0.1074570484538E-21
  0.2490300875163E+01   0.7098717733504E-22
  0.2627208547708E+01   0.6719511111573E-22
  0.2771642905477E+01   0.6467183739570E-22
  0.2924017738213E+01   0.6974043164838E-22
  0.3084769584309E+01   0.8197948161201E-22
  0.3254358981453E+01   0.9573217569809E-22
  0.3433271786014E+01   0.1048335538299E-21
  0.3622020564976E+01   0.1145903721752E-21
  0.3821146064391E+01   0.1307640752928E-21
  0.4031218758557E+01   0.1242466916583E-21
  0.4252840484372E+01   0.9803974770835E-22
  0.4486646165535E+01   0.8354046048696E-22
  0.4733305631539E+01   0.8481973994197E-22
  0.4993525536659E+01   0.8445261748124E-22
  0.5268051384453E+01   0.8539186427287E-22
  0.5557669663547E+01   0.8463423712090E-22
  0.5863210100849E+01   0.8581544102761E-22
  0.6185548038627E+01   0.9064155893362E-22
  0.6525606942283E+01   0.8331163377764E-22
  0.6884361045982E+01   0.8161897819083E-22
  0.7262838143735E+01   0.8206071079539E-22
  0.7662122533924E+01   0.8212334874566E-22
  0.8083358125709E+01   0.8293756815961E-22
  0.8527751716208E+01   0.8600411414494E-22
  0.8996576447850E+01   0.8950162437285E-22
  0.9491175455797E+01   0.9345539188132E-22
  0.1001296571589E+02   0.9612888638474E-22
  0.1056344210415E+02   0.9940270446288E-22
  0.1114418167942E+02   0.1032000465105E-21
  0.1175684820151E+02   0.1073606757711E-21
  0.1240319689768E+02   0.1110696183589E-21
  0.1308507949119E+02   0.1148211211842E-21
  0.1380444950630E+02   0.1182634216279E-21
  0.1456336786493E+02   0.1221796665935E-21
  0.1536400879097E+02   0.1273790228621E-21
  0.1620866603922E+02   0.1339935783608E-21
  0.1709975946677E+02   0.1395598464412E-21
  0.1803984196564E+02   0.1450353942693E-21
  0.1903160677656E+02   0.1502891635435E-21
  0.2007789520482E+02   0.1551102676253E-21
  0.2118170476032E+02   0.1585371387609E-21
  0.2234619774516E+02   0.1630531770640E-21
  0.2357471031327E+02   0.1684873573374E-21
  0.2487076202819E+02   0.1749530177933E-21
  0.2623806594622E+02   0.1821301244480E-21
  0.2768053925400E+02   0.1891914135410E-21
  0.2920231449082E+02   0.1952174997192E-21
  0.3080775138792E+02   0.1984479621576E-21
  0.3250144935868E+02   0.2012290609120E-21
  0.3428826067550E+02   0.2035263915030E-21
  0.3617330437103E+02   0.2057583437070E-21
  0.3816198090368E+02   0.2091686849249E-21
  0.4025998762943E+02   0.2108310553107E-21
  0.4247333512410E+02   0.2144791989753E-21
  0.4480836440311E+02   0.2206586663834E-21
  0.4727176508780E+02   0.2249975059698E-21
  0.4987059457054E+02   0.2148518979529E-21
  0.5261229823340E+02   0.2073272303206E-21
  0.5550473077848E+02   0.1996463100028E-21
  0.5855617873077E+02   0.1939269114035E-21
  0.6177538417823E+02   0.1908182599840E-21
  0.6517156981698E+02   0.1889933966437E-21
  0.6875446537339E+02   0.1843526879174E-21
  0.7253433547872E+02   0.1777173748395E-21
  0.7652200907632E+02   0.1699359888070E-21
  0.8072891044538E+02   0.1613128448514E-21
  0.8516709193035E+02   0.1521852215667E-21
  0.8984926846969E+02   0.1426614511345E-21
  0.9478885402287E+02   0.1326790532800E-21
  0.1000000000000E+03   0.1221000131421E-21
