           1
         100
  
  0.5000000000000E+00   0.7596737513502E-26
  0.5274881790209E+00   0.1689257702134E-25
  0.5564875580135E+00   0.2436340629787E-25
  0.5870812172487E+00   0.1851301349657E-25
  0.6193568044478E+00   0.8524620639652E-25
  0.6534067858847E+00   0.2007931260199E-24
  0.6893287112924E+00   0.3616487019810E-24
  0.7272254933329E+00   0.7376482907110E-24
  0.7672057024315E+00   0.6633367342589E-24
  0.8093838778200E+00   0.3191739463577E-23
  0.8538808556803E+00   0.3375691527506E-23
  0.9008241153272E+00   0.1200990943405E-22
  0.9503481444241E+00   0.1549986843522E-22
  0.1002594824276E+01   0.3602201335112E-22
  0.1057713836307E+01   0.3643847210158E-22
  0.1115863090877E+01   0.5151813645472E-22
  0.1177209179687E+01   0.5390648242720E-22
  0.1241927853039E+01   0.9672974134075E-22
  0.1310204523350E+01   0.1134947915383E-21
  0.1382234796334E+01   0.4542001335744E-22
  0.1458225031395E+01   0.4564513343060E-22
  0.1538392932826E+01   0.7170741833546E-22
  0.1622968173510E+01   0.1245244751292E-21
  0.1712193052907E+01   0.1312472577600E-21
  0.1806323191221E+01   0.7042232597243E-22
  0.1905628261720E+01   0.7053603231421E-22
  0.2010392763331E+01   0.7479469137894E-22
  0.2120916835693E+01   0.1104049709813E-21
  0.2237517119029E+01   0.1405996231530E-21
  0.2360527661289E+01   0.1074192159426E-21
  0.2490300875163E+01   0.7095050736504E-22
  0.2627208547708E+01   0.6716463658695E-22
  0.2771642905477E+01   0.6466445320413E-22
  0.2924017738213E+01   0.6976829765892E-22
  0.3084769584309E+01   0.8203007892215E-22
  0.3254358981453E+01   0.9577624979435E-22
  0.3433271786014E+01   0.1048663487698E-21
  0.3622020564976E+01   0.1146148526412E-21
  0.3821146064391E+01   0.1307941291629E-21
  0.4031218758557E+01   0.1242903405607E-21
  0.4252840484372E+01   0.9809882745264E-22
  0.4486646165535E+01   0.8361322263296E-22
  0.4733305631539E+01   0.8490375183694E-22
  0.4993525536659E+01   0.8454675993355E-22
  0.5268051384453E+01   0.8549825080546E-22
  0.5557669663547E+01   0.8475506137815E-22
  0.5863210100849E+01   0.8594756289278E-22
  0.6185548038627E+01   0.9078211132642E-22
  0.6525606942283E+01   0.8346033531574E-22
  0.6884361045982E+01   0.8177740616537E-22
  0.7262838143735E+01   0.8223209023979E-22
  0.7662122533924E+01   0.8230887902876E-22
  0.8083358125709E+01   0.8313543030784E-22
  0.8527751716208E+01   0.8621515776930E-22
  0.8996576447850E+01   0.8973043644423E-22
  0.9491175455797E+01   0.9370772871526E-22
  0.1001296571589E+02   0.9640786104249E-22
  0.1056344210415E+02   0.9971186141676E-22
  0.1114418167942E+02   0.1035425038507E-21
  0.1175684820151E+02   0.1077351142984E-21
  0.1240319689768E+02   0.1114661652166E-21
  0.1308507949119E+02   0.1152331126598E-21
  0.1380444950630E+02   0.1186878745459E-21
  0.1456336786493E+02   0.1226169895534E-21
  0.1536400879097E+02   0.1278276959015E-21
  0.1620866603922E+02   0.1344470984653E-21
  0.1709975946677E+02   0.1400216858291E-21
  0.1803984196564E+02   0.1455095835706E-21
  0.1903160677656E+02   0.1507828991854E-21
  0.2007789520482E+02   0.1556381322385E-21
  0.2118170476032E+02   0.1591296415373E-21
  0.2234619774516E+02   0.1637113822171E-21
  0.2357471031327E+02   0.1692035735296E-21
  0.2487076202819E+02   0.1757092846296E-21
  0.2623806594622E+02   0.1829123532377E-21
  0.2768053925400E+02   0.1900012902960E-21
  0.2920231449082E+02   0.1960718690878E-21
  0.3080775138792E+02   0.1994122422499E-21
  0.3250144935868E+02   0.2023184401531E-21
  0.3428826067550E+02   0.2047398948140E-21
  0.3617330437103E+02   0.2070824244240E-21
  0.3816198090368E+02   0.2105416216662E-21
  0.4025998762943E+02   0.2122775251017E-21
  0.4247333512410E+02   0.2159036902428E-21
  0.4480836440311E+02   0.2219348340569E-21
  0.4727176508780E+02   0.2261489273223E-21
  0.4987059457054E+02   0.2163334522252E-21
  0.5261229823340E+02   0.2090057036230E-21
  0.5550473077848E+02   0.2014624733765E-21
  0.5855617873077E+02   0.1957578227740E-21
  0.6177538417823E+02   0.1925545250422E-21
  0.6517156981698E+02   0.1905819827010E-21
  0.6875446537339E+02   0.1858301403396E-21
  0.7253433547872E+02   0.1790901951145E-21
  0.7652200907632E+02   0.1711927735732E-21
  0.8072891044538E+02   0.1624417308226E-21
  0.8516709193035E+02   0.1531819581745E-21
  0.8984926846969E+02   0.1435299899149E-21
  0.9478885402287E+02   0.1334280160003E-21
  0.1000000000000E+03   0.1227402547158E-21
