           1
         100
  
  0.5000000000000E+00   0.7595344816188E-26
  0.5274881790209E+00   0.1688804309359E-25
  0.5564875580135E+00   0.2434964410436E-25
  0.5870812172487E+00   0.1847389463138E-25
  0.6193568044478E+00   0.8514192663227E-25
  0.6534067858847E+00   0.2005323618819E-24
  0.6893287112924E+00   0.3610354130665E-24
  0.7272254933329E+00   0.7362848700018E-24
  0.7672057024315E+00   0.6604622739634E-24
  0.8093838778200E+00   0.3185932205511E-23
  0.8538808556803E+00   0.3364423061710E-23
  0.9008241153272E+00   0.1198886631623E-22
  0.9503481444241E+00   0.1546199421644E-22
  0.1002594824276E+01   0.3595642782626E-22
  0.1057713836307E+01   0.3632934350667E-22
  0.1115863090877E+01   0.5134263950785E-22
  0.1177209179687E+01   0.5363309619889E-22
  0.1241927853039E+01   0.9631697419825E-22
  0.1310204523350E+01   0.1128919568283E-21
  0.1382234796334E+01   0.4456612554392E-22
  0.1458225031395E+01   0.4446361160171E-22
  0.1538392932826E+01   0.7010429437279E-22
  0.1622968173510E+01   0.1223874249799E-21
  0.1712193052907E+01   0.1284479257756E-21
  0.1806323191221E+01   0.6682516578592E-22
  0.1905628261720E+01   0.6600107983489E-22
  0.2010392763331E+01   0.6918358574289E-22
  0.2120916835693E+01   0.1035824736549E-21
  0.2237517119029E+01   0.1324308326437E-21
  0.2360527661289E+01   0.9779456515381E-22
  0.2490300875163E+01   0.5977460620632E-22
  0.2627208547708E+01   0.5441015079837E-22
  0.2771642905477E+01   0.5065533881702E-22
  0.2924017738213E+01   0.5509298946423E-22
  0.3084769584309E+01   0.6671837826208E-22
  0.3254358981453E+01   0.7760289494656E-22
  0.3433271786014E+01   0.8353599591485E-22
  0.3622020564976E+01   0.9045692894724E-22
  0.3821146064391E+01   0.1043488057422E-21
  0.4031218758557E+01   0.9587789952852E-22
  0.4252840484372E+01   0.6786906572368E-22
  0.4486646165535E+01   0.5158362579238E-22
  0.4733305631539E+01   0.5103676131707E-22
  0.4993525536659E+01   0.4886152043244E-22
  0.5268051384453E+01   0.4831206541963E-22
  0.5557669663547E+01   0.4672760516897E-22
  0.5863210100849E+01   0.4730999606069E-22
  0.6185548038627E+01   0.5120966199971E-22
  0.6525606942283E+01   0.4247735802085E-22
  0.6884361045982E+01   0.3926762427907E-22
  0.7262838143735E+01   0.3800662556013E-22
  0.7662122533924E+01   0.3660709760803E-22
  0.8083358125709E+01   0.3618552329420E-22
  0.8527751716208E+01   0.3795538917555E-22
  0.8996576447850E+01   0.3972721561689E-22
  0.9491175455797E+01   0.4149988199205E-22
  0.1001296571589E+02   0.4089161795063E-22
  0.1056344210415E+02   0.4023450276908E-22
  0.1114418167942E+02   0.3931461705007E-22
  0.1175684820151E+02   0.3787296771085E-22
  0.1240319689768E+02   0.3535168147356E-22
  0.1308507949119E+02   0.3262683833585E-22
  0.1380444950630E+02   0.2956721173498E-22
  0.1456336786493E+02   0.2686792479209E-22
  0.1536400879097E+02   0.2498438619668E-22
  0.1620866603922E+02   0.2372709448844E-22
  0.1709975946677E+02   0.2201236588896E-22
  0.1803984196564E+02   0.2037440271778E-22
  0.1903160677656E+02   0.1873581006214E-22
  0.2007789520482E+02   0.1716666285651E-22
  0.2118170476032E+02   0.1526119632377E-22
  0.2234619774516E+02   0.1396735939050E-22
  0.2357471031327E+02   0.1297783029782E-22
  0.2487076202819E+02   0.1220398731995E-22
  0.2623806594622E+02   0.1163288278851E-22
  0.2768053925400E+02   0.1113070492954E-22
  0.2920231449082E+02   0.1040422852840E-22
  0.3080775138792E+02   0.9340840103996E-23
  0.3250144935868E+02   0.8574843635301E-23
  0.3428826067550E+02   0.7705702775005E-23
  0.3617330437103E+02   0.6961837935994E-23
  0.3816198090368E+02   0.6424834720438E-23
  0.4025998762943E+02   0.5733332011948E-23
  0.4247333512410E+02   0.5414193224009E-23
  0.4480836440311E+02   0.5228681411946E-23
  0.4727176508780E+02   0.4936429291354E-23
  0.4987059457054E+02   0.3923801703047E-23
  0.5261229823340E+02   0.3203376211358E-23
  0.5550473077848E+02   0.2567983044306E-23
  0.5855617873077E+02   0.2158763254270E-23
  0.6177538417823E+02   0.1909179954617E-23
  0.6517156981698E+02   0.1671575251536E-23
  0.6875446537339E+02   0.1466886620657E-23
  0.7253433547872E+02   0.1212875873196E-23
  0.7652200907632E+02   0.1036666601368E-23
  0.8072891044538E+02   0.8661213927404E-24
  0.8516709193035E+02   0.7176217437924E-24
  0.8984926846969E+02   0.6269952429735E-24
  0.9478885402287E+02   0.5297271135145E-24
  0.1000000000000E+03   0.1769056070750E-24
