           1
         100
  
  0.5000000000000E+00   0.7595338495998E-26
  0.5274881790209E+00   0.1688801834220E-25
  0.5564875580135E+00   0.2434955460941E-25
  0.5870812172487E+00   0.1847359500337E-25
  0.6193568044478E+00   0.8514099039384E-25
  0.6534067858847E+00   0.2005296022810E-24
  0.6893287112924E+00   0.3610276909589E-24
  0.7272254933329E+00   0.7362643410632E-24
  0.7672057024315E+00   0.6604102243702E-24
  0.8093838778200E+00   0.3185808404941E-23
  0.8538808556803E+00   0.3364146425973E-23
  0.9008241153272E+00   0.1198828450408E-22
  0.9503481444241E+00   0.1546083859941E-22
  0.1002594824276E+01   0.3595422904483E-22
  0.1057713836307E+01   0.3632527713626E-22
  0.1115863090877E+01   0.5133540350262E-22
  0.1177209179687E+01   0.5362069779351E-22
  0.1241927853039E+01   0.9629637816797E-22
  0.1310204523350E+01   0.1128581611084E-21
  0.1382234796334E+01   0.4451129530246E-22
  0.1458225031395E+01   0.4437768142435E-22
  0.1538392932826E+01   0.6997587846564E-22
  0.1622968173510E+01   0.1222055784271E-21
  0.1712193052907E+01   0.1282032946328E-21
  0.1806323191221E+01   0.6650796660739E-22
  0.1905628261720E+01   0.6560265606107E-22
  0.2010392763331E+01   0.6869686049344E-22
  0.2120916835693E+01   0.1030058819315E-21
  0.2237517119029E+01   0.1317775654933E-21
  0.2360527661289E+01   0.9707674911401E-22
  0.2490300875163E+01   0.5901509496145E-22
  0.2627208547708E+01   0.5356596155956E-22
  0.2771642905477E+01   0.4898799453543E-22
  0.2924017738213E+01   0.5092150035724E-22
  0.3084769584309E+01   0.5997633137685E-22
  0.3254358981453E+01   0.7338771705195E-22
  0.3433271786014E+01   0.8333105243482E-22
  0.3622020564976E+01   0.9415033091090E-22
  0.3821146064391E+01   0.1110565599753E-21
  0.4031218758557E+01   0.1053142829181E-21
  0.4252840484372E+01   0.8024747698730E-22
  0.4486646165535E+01   0.6762602907778E-22
  0.4733305631539E+01   0.7177354649657E-22
  0.4993525536659E+01   0.7518561409417E-22
  0.5268051384453E+01   0.7982416541908E-22
  0.5557669663547E+01   0.8137917974384E-22
  0.5863210100849E+01   0.8506188085485E-22
  0.6185548038627E+01   0.9401915876189E-22
  0.6525606942283E+01   0.9237086310548E-22
  0.6884361045982E+01   0.9679033990977E-22
  0.7262838143735E+01   0.1038134067068E-21
  0.7662122533924E+01   0.1093287809478E-21
  0.8083358125709E+01   0.1141023503758E-21
  0.8527751716208E+01   0.1205737238530E-21
  0.8996576447850E+01   0.1276800166411E-21
  0.9491175455797E+01   0.1352323633852E-21
  0.1001296571589E+02   0.1417365063115E-21
  0.1056344210415E+02   0.1484231181980E-21
  0.1114418167942E+02   0.1552504420474E-21
  0.1175684820151E+02   0.1619608173619E-21
  0.1240319689768E+02   0.1674111204856E-21
  0.1308507949119E+02   0.1721452372771E-21
  0.1380444950630E+02   0.1759239605595E-21
  0.1456336786493E+02   0.1797314398027E-21
  0.1536400879097E+02   0.1845717795028E-21
  0.1620866603922E+02   0.1907260681965E-21
  0.1709975946677E+02   0.1953970082330E-21
  0.1803984196564E+02   0.1997941196638E-21
  0.1903160677656E+02   0.2038628233414E-21
  0.2007789520482E+02   0.2074064266682E-21
  0.2118170476032E+02   0.2094276435736E-21
  0.2234619774516E+02   0.2127568249429E-21
  0.2357471031327E+02   0.2172512777689E-21
  0.2487076202819E+02   0.2230738789778E-21
  0.2623806594622E+02   0.2298652153308E-21
  0.2768053925400E+02   0.2366757394844E-21
  0.2920231449082E+02   0.2424633430024E-21
  0.3080775138792E+02   0.2451674841000E-21
  0.3250144935868E+02   0.2474409059092E-21
  0.3428826067550E+02   0.2492942568241E-21
  0.3617330437103E+02   0.2511522765083E-21
  0.3816198090368E+02   0.2544087476779E-21
  0.4025998762943E+02   0.2557164188735E-21
  0.4247333512410E+02   0.2592650604614E-21
  0.4480836440311E+02   0.2656712864311E-21
  0.4727176508780E+02   0.2699407602197E-21
  0.4987059457054E+02   0.2578322480513E-21
  0.5261229823340E+02   0.2486957819122E-21
  0.5550473077848E+02   0.2393605001673E-21
  0.5855617873077E+02   0.2321519771802E-21
  0.6177538417823E+02   0.2278065265416E-21
  0.6517156981698E+02   0.2248671719822E-21
  0.6875446537339E+02   0.2186965960785E-21
  0.7253433547872E+02   0.2102258061158E-21
  0.7652200907632E+02   0.2004087394389E-21
  0.8072891044538E+02   0.1896423157689E-21
  0.8516709193035E+02   0.1783629645295E-21
  0.8984926846969E+02   0.1667290260455E-21
  0.9478885402287E+02   0.1547027296382E-21
  0.1000000000000E+03   0.1421728765428E-21
