           1
         100
  
  0.5000000000000E+00   0.7596885135449E-26
  0.5274881790209E+00   0.1689303815549E-25
  0.5564875580135E+00   0.2436475002573E-25
  0.5870812172487E+00   0.1851668352353E-25
  0.6193568044478E+00   0.8525560205069E-25
  0.6534067858847E+00   0.2008156343020E-24
  0.6893287112924E+00   0.3616992651614E-24
  0.7272254933329E+00   0.7377554419017E-24
  0.7672057024315E+00   0.6635515749677E-24
  0.8093838778200E+00   0.3192153728301E-23
  0.8538808556803E+00   0.3376461757368E-23
  0.9008241153272E+00   0.1201129290155E-22
  0.9503481444241E+00   0.1550227050952E-22
  0.1002594824276E+01   0.3602602296271E-22
  0.1057713836307E+01   0.3644487871323E-22
  0.1115863090877E+01   0.5152802253867E-22
  0.1177209179687E+01   0.5392124923258E-22
  0.1241927853039E+01   0.9675107318406E-22
  0.1310204523350E+01   0.1135244057015E-21
  0.1382234796334E+01   0.4545958568884E-22
  0.1458225031395E+01   0.4569666123799E-22
  0.1538392932826E+01   0.7177329950781E-22
  0.1622968173510E+01   0.1246075376844E-21
  0.1712193052907E+01   0.1313504472046E-21
  0.1806323191221E+01   0.7054780672249E-22
  0.1905628261720E+01   0.7068510985432E-22
  0.2010392763331E+01   0.7496753543743E-22
  0.2120916835693E+01   0.1106009222766E-21
  0.2237517119029E+01   0.1408180708833E-21
  0.2360527661289E+01   0.1076581315098E-21
  0.2490300875163E+01   0.7120881976475E-22
  0.2627208547708E+01   0.6743985582879E-22
  0.2771642905477E+01   0.6494037809301E-22
  0.2924017738213E+01   0.7007576571412E-22
  0.3084769584309E+01   0.8250415103179E-22
  0.3254358981453E+01   0.9639228096662E-22
  0.3433271786014E+01   0.1055958650656E-21
  0.3622020564976E+01   0.1154754886149E-21
  0.3821146064391E+01   0.1318698710292E-21
  0.4031218758557E+01   0.1256838413238E-21
  0.4252840484372E+01   0.9992269402325E-22
  0.4486646165535E+01   0.8595938317092E-22
  0.4733305631539E+01   0.8782780654573E-22
  0.4993525536659E+01   0.8810178140967E-22
  0.5268051384453E+01   0.8988958399114E-22
  0.5557669663547E+01   0.9050872854875E-22
  0.5863210100849E+01   0.9341876416672E-22
  0.6185548038627E+01   0.9979332992526E-22
  0.6525606942283E+01   0.9355883309053E-22
  0.6884361045982E+01   0.9278200293548E-22
  0.7262838143735E+01   0.9382710767535E-22
  0.7662122533924E+01   0.9478245907931E-22
  0.8083358125709E+01   0.9698071610433E-22
  0.8527751716208E+01   0.1016620064755E-21
  0.8996576447850E+01   0.1064850084307E-21
  0.9491175455797E+01   0.1115591758605E-21
  0.1001296571589E+02   0.1139385796513E-21
  0.1056344210415E+02   0.1164564378747E-21
  0.1114418167942E+02   0.1189052253415E-21
  0.1175684820151E+02   0.1207652660392E-21
  0.1240319689768E+02   0.1209323072177E-21
  0.1308507949119E+02   0.1204606267262E-21
  0.1380444950630E+02   0.1193005777746E-21
  0.1456336786493E+02   0.1184703732949E-21
  0.1536400879097E+02   0.1188194982309E-21
  0.1620866603922E+02   0.1203812470662E-21
  0.1709975946677E+02   0.1208171112163E-21
  0.1803984196564E+02   0.1211985425581E-21
  0.1903160677656E+02   0.1214745885839E-21
  0.2007789520482E+02   0.1215640056200E-21
  0.2118170476032E+02   0.1207308553931E-21
  0.2234619774516E+02   0.1210338114520E-21
  0.2357471031327E+02   0.1222324302513E-21
  0.2487076202819E+02   0.1243590684622E-21
  0.2623806594622E+02   0.1271983713806E-21
  0.2768053925400E+02   0.1301787917001E-21
  0.2920231449082E+02   0.1326215072628E-21
  0.3080775138792E+02   0.1333690292167E-21
  0.3250144935868E+02   0.1341660488575E-21
  0.3428826067550E+02   0.1348439298142E-21
  0.3617330437103E+02   0.1357479511751E-21
  0.3816198090368E+02   0.1377104489978E-21
  0.4025998762943E+02   0.1386988841233E-21
  0.4247333512410E+02   0.1413328349990E-21
  0.4480836440311E+02   0.1459209935326E-21
  0.4727176508780E+02   0.1494829734556E-21
  0.4987059457054E+02   0.1431797405113E-21
  0.5261229823340E+02   0.1387660866386E-21
  0.5550473077848E+02   0.1342691288654E-21
  0.5855617873077E+02   0.1312267413310E-21
  0.6177538417823E+02   0.1301439296480E-21
  0.6517156981698E+02   0.1300625818813E-21
  0.6875446537339E+02   0.1279900853184E-21
  0.7253433547872E+02   0.1244622504039E-21
  0.7652200907632E+02   0.1201272851951E-21
  0.8072891044538E+02   0.1151824257648E-21
  0.8516709193035E+02   0.1098494709455E-21
  0.8984926846969E+02   0.1041782459895E-21
  0.9478885402287E+02   0.9807235094575E-22
  0.1000000000000E+03   0.9133601015625E-22
