           1
         100
  
  0.5000000000000E+00   0.7596989451517E-26
  0.5274881790209E+00   0.1689337873469E-25
  0.5564875580135E+00   0.2436578967172E-25
  0.5870812172487E+00   0.1851967138134E-25
  0.6193568044478E+00   0.8526363700100E-25
  0.6534067858847E+00   0.2008356452414E-24
  0.6893287112924E+00   0.3617454652891E-24
  0.7272254933329E+00   0.7378555216953E-24
  0.7672057024315E+00   0.6637558550350E-24
  0.8093838778200E+00   0.3192562484243E-23
  0.8538808556803E+00   0.3377264535176E-23
  0.9008241153272E+00   0.1201283929235E-22
  0.9503481444241E+00   0.1550518252226E-22
  0.1002594824276E+01   0.3603129426962E-22
  0.1057713836307E+01   0.3645393663518E-22
  0.1115863090877E+01   0.5154307760988E-22
  0.1177209179687E+01   0.5394552377232E-22
  0.1241927853039E+01   0.9678890322389E-22
  0.1310204523350E+01   0.1135806445520E-21
  0.1382234796334E+01   0.4553981327433E-22
  0.1458225031395E+01   0.4580913549806E-22
  0.1538392932826E+01   0.7192977067333E-22
  0.1622968173510E+01   0.1248239661738E-21
  0.1712193052907E+01   0.1316467421018E-21
  0.1806323191221E+01   0.7094516145353E-22
  0.1905628261720E+01   0.7120554995207E-22
  0.2010392763331E+01   0.7563220615371E-22
  0.2120916835693E+01   0.1114301668995E-21
  0.2237517119029E+01   0.1418332458484E-21
  0.2360527661289E+01   0.1088722535361E-21
  0.2490300875163E+01   0.7263180965402E-22
  0.2627208547708E+01   0.6905939612505E-22
  0.2771642905477E+01   0.6665189276813E-22
  0.2924017738213E+01   0.7191851447088E-22
  0.3084769584309E+01   0.8463859741687E-22
  0.3254358981453E+01   0.9877555539164E-22
  0.3433271786014E+01   0.1083507842750E-21
  0.3622020564976E+01   0.1187023503658E-21
  0.3821146064391E+01   0.1354649136202E-21
  0.4031218758557E+01   0.1295541608522E-21
  0.4252840484372E+01   0.1040341313995E-21
  0.4486646165535E+01   0.9031796469970E-22
  0.4733305631539E+01   0.9244887004857E-22
  0.4993525536659E+01   0.9298491004379E-22
  0.5268051384453E+01   0.9497762417890E-22
  0.5557669663547E+01   0.9573216089537E-22
  0.5863210100849E+01   0.9883434081876E-22
  0.6185548038627E+01   0.1054497631305E-21
  0.6525606942283E+01   0.9944657956492E-22
  0.6884361045982E+01   0.9889051712131E-22
  0.7262838143735E+01   0.1001370110360E-21
  0.7662122533924E+01   0.1013285741893E-21
  0.8083358125709E+01   0.1038652782075E-21
  0.8527751716208E+01   0.1090241229006E-21
  0.8996576447850E+01   0.1144250271164E-21
  0.9491175455797E+01   0.1202277667691E-21
  0.1001296571589E+02   0.1232196771504E-21
  0.1056344210415E+02   0.1264595076466E-21
  0.1114418167942E+02   0.1297382633178E-21
  0.1175684820151E+02   0.1324165393165E-21
  0.1240319689768E+02   0.1331706439289E-21
  0.1308507949119E+02   0.1331677053115E-21
  0.1380444950630E+02   0.1324102929890E-21
  0.1456336786493E+02   0.1320337541143E-21
  0.1536400879097E+02   0.1330046476641E-21
  0.1620866603922E+02   0.1354068813814E-21
  0.1709975946677E+02   0.1365057662415E-21
  0.1803984196564E+02   0.1375464649391E-21
  0.1903160677656E+02   0.1384879465673E-21
  0.2007789520482E+02   0.1392123105494E-21
  0.2118170476032E+02   0.1389121070283E-21
  0.2234619774516E+02   0.1399311774807E-21
  0.2357471031327E+02   0.1420235478752E-21
  0.2487076202819E+02   0.1452244860417E-21
  0.2623806594622E+02   0.1492521506555E-21
  0.2768053925400E+02   0.1534326825008E-21
  0.2920231449082E+02   0.1570110780861E-21
  0.3080775138792E+02   0.1586528994142E-21
  0.3250144935868E+02   0.1602985830277E-21
  0.3428826067550E+02   0.1617893349693E-21
  0.3617330437103E+02   0.1634508155485E-21
  0.3816198090368E+02   0.1662141471675E-21
  0.4025998762943E+02   0.1677095346085E-21
  0.4247333512410E+02   0.1709452643640E-21
  0.4480836440311E+02   0.1763896312604E-21
  0.4727176508780E+02   0.1804720152829E-21
  0.4987059457054E+02   0.1719273688175E-21
  0.5261229823340E+02   0.1644115324458E-21
  0.5550473077848E+02   0.1551588150355E-21
  0.5855617873077E+02   0.1468786571854E-21
  0.6177538417823E+02   0.1417034859537E-21
  0.6517156981698E+02   0.1386885524370E-21
  0.6875446537339E+02   0.1314567098073E-21
  0.7253433547872E+02   0.1211856922236E-21
  0.7652200907632E+02   0.1095696099461E-21
  0.8072891044538E+02   0.9779147821112E-22
  0.8516709193035E+02   0.8676726815272E-22
  0.8984926846969E+02   0.7668924201331E-22
  0.9478885402287E+02   0.6740202041549E-22
  0.1000000000000E+03   0.5863903523201E-22
