           1
         100
  
  0.5000000000000E+00   0.7596968663429E-26
  0.5274881790209E+00   0.1689329861230E-25
  0.5564875580135E+00   0.2436550745057E-25
  0.5870812172487E+00   0.1851874775249E-25
  0.6193568044478E+00   0.8526087205152E-25
  0.6534067858847E+00   0.2008282172189E-24
  0.6893287112924E+00   0.3617274405718E-24
  0.7272254933329E+00   0.7378149865453E-24
  0.7672057024315E+00   0.6636706730450E-24
  0.8093838778200E+00   0.3192383136824E-23
  0.8538808556803E+00   0.3376888536394E-23
  0.9008241153272E+00   0.1201206087373E-22
  0.9503481444241E+00   0.1550360668529E-22
  0.1002594824276E+01   0.3602825718020E-22
  0.1057713836307E+01   0.3644845767611E-22
  0.1115863090877E+01   0.5153356226637E-22
  0.1177209179687E+01   0.5392955231547E-22
  0.1241927853039E+01   0.9676311980435E-22
  0.1310204523350E+01   0.1135412569298E-21
  0.1382234796334E+01   0.4548232796636E-22
  0.1458225031395E+01   0.4572652795799E-22
  0.1538392932826E+01   0.7181171773397E-22
  0.1622968173510E+01   0.1246561053677E-21
  0.1712193052907E+01   0.1314106275254E-21
  0.1806323191221E+01   0.7062031098885E-22
  0.1905628261720E+01   0.7076972587919E-22
  0.2010392763331E+01   0.7506283627802E-22
  0.2120916835693E+01   0.1107040951287E-21
  0.2237517119029E+01   0.1409248128413E-21
  0.2360527661289E+01   0.1077615710706E-21
  0.2490300875163E+01   0.7129943508513E-22
  0.2627208547708E+01   0.6750151920629E-22
  0.2771642905477E+01   0.6490927178295E-22
  0.2924017738213E+01   0.6980401569489E-22
  0.3084769584309E+01   0.8198053096439E-22
  0.3254358981453E+01   0.9588267059034E-22
  0.3433271786014E+01   0.1051627373635E-21
  0.3622020564976E+01   0.1150280442201E-21
  0.3821146064391E+01   0.1312965932959E-21
  0.4031218758557E+01   0.1249290570600E-21
  0.4252840484372E+01   0.9894918515133E-22
  0.4486646165535E+01   0.8474728981035E-22
  0.4733305631539E+01   0.8637071824365E-22
  0.4993525536659E+01   0.8638971704300E-22
  0.5268051384453E+01   0.8786738807450E-22
  0.5557669663547E+01   0.8803503746358E-22
  0.5863210100849E+01   0.9040079237430E-22
  0.6185548038627E+01   0.9628498807969E-22
  0.6525606942283E+01   0.8967018115498E-22
  0.6884361045982E+01   0.8852966856384E-22
  0.7262838143735E+01   0.8925097181461E-22
  0.7662122533924E+01   0.8975038520769E-22
  0.8083358125709E+01   0.9127848074753E-22
  0.8527751716208E+01   0.9510755182352E-22
  0.8996576447850E+01   0.9900431921804E-22
  0.9491175455797E+01   0.1030084796521E-21
  0.1001296571589E+02   0.1045300612845E-21
  0.1056344210415E+02   0.1060771838580E-21
  0.1114418167942E+02   0.1074472774300E-21
  0.1175684820151E+02   0.1082590931999E-21
  0.1240319689768E+02   0.1076514050296E-21
  0.1308507949119E+02   0.1065370132573E-21
  0.1380444950630E+02   0.1048038745384E-21
  0.1456336786493E+02   0.1033334107878E-21
  0.1536400879097E+02   0.1028360775602E-21
  0.1620866603922E+02   0.1032793459901E-21
  0.1709975946677E+02   0.1027971618818E-21
  0.1803984196564E+02   0.1022579442272E-21
  0.1903160677656E+02   0.1016035766361E-21
  0.2007789520482E+02   0.1008091584904E-21
  0.2118170476032E+02   0.9925522540524E-22
  0.2234619774516E+02   0.9861932375792E-22
  0.2357471031327E+02   0.9864789010762E-22
  0.2487076202819E+02   0.9933989855229E-22
  0.2623806594622E+02   0.1005564178058E-21
  0.2768053925400E+02   0.1018831152193E-21
  0.2920231449082E+02   0.1027809875833E-21
  0.3080775138792E+02   0.1024525299850E-21
  0.3250144935868E+02   0.1022708220208E-21
  0.3428826067550E+02   0.1019980662317E-21
  0.3617330437103E+02   0.1019514248750E-21
  0.3816198090368E+02   0.1027328739527E-21
  0.4025998762943E+02   0.1028627429301E-21
  0.4247333512410E+02   0.1043039355994E-21
  0.4480836440311E+02   0.1072222255836E-21
  0.4727176508780E+02   0.1095097495706E-21
  0.4987059457054E+02   0.1047837218093E-21
  0.5261229823340E+02   0.1014894513998E-21
  0.5550473077848E+02   0.9819893974210E-22
  0.5855617873077E+02   0.9606575862323E-22
  0.6177538417823E+02   0.9545317394009E-22
  0.6517156981698E+02   0.9564206243049E-22
  0.6875446537339E+02   0.9446965220238E-22
  0.7253433547872E+02   0.9228635802417E-22
  0.7652200907632E+02   0.8958947555818E-22
  0.8072891044538E+02   0.8648450327825E-22
  0.8516709193035E+02   0.8310530014118E-22
  0.8984926846969E+02   0.7946525791668E-22
  0.9478885402287E+02   0.7544909348047E-22
  0.1000000000000E+03   0.7082411776885E-22
