           1
         100
  
  0.5000000000000E+00   0.7596767032785E-26
  0.5274881790209E+00   0.1689266885107E-25
  0.5564875580135E+00   0.2436367154208E-25
  0.5870812172487E+00   0.1851372842121E-25
  0.6193568044478E+00   0.8524800026561E-25
  0.6534067858847E+00   0.2007972974195E-24
  0.6893287112924E+00   0.3616576983703E-24
  0.7272254933329E+00   0.7376663775259E-24
  0.7672057024315E+00   0.6633705821401E-24
  0.8093838778200E+00   0.3191799886213E-23
  0.8538808556803E+00   0.3375794756656E-23
  0.9008241153272E+00   0.1201007836237E-22
  0.9503481444241E+00   0.1550013201989E-22
  0.1002594824276E+01   0.3602239621728E-22
  0.1057713836307E+01   0.3643897387458E-22
  0.1115863090877E+01   0.5151872156631E-22
  0.1177209179687E+01   0.5390704368194E-22
  0.1241927853039E+01   0.9673004311955E-22
  0.1310204523350E+01   0.1134943635608E-21
  0.1382234796334E+01   0.4541806144468E-22
  0.1458225031395E+01   0.4564056257661E-22
  0.1538392932826E+01   0.7169885998366E-22
  0.1622968173510E+01   0.1245103114331E-21
  0.1712193052907E+01   0.1312255195511E-21
  0.1806323191221E+01   0.7039049636930E-22
  0.1905628261720E+01   0.7049122037710E-22
  0.2010392763331E+01   0.7473389689765E-22
  0.2120916835693E+01   0.1103255765926E-21
  0.2237517119029E+01   0.1405000228454E-21
  0.2360527661289E+01   0.1072997397430E-21
  0.2490300875163E+01   0.7081490244591E-22
  0.2627208547708E+01   0.6702348611609E-22
  0.2771642905477E+01   0.6455165926608E-22
  0.2924017738213E+01   0.6977054261791E-22
  0.3084769584309E+01   0.8228008401640E-22
  0.3254358981453E+01   0.9613402090146E-22
  0.3433271786014E+01   0.1052578691281E-21
  0.3622020564976E+01   0.1150595645185E-21
  0.3821146064391E+01   0.1314448632871E-21
  0.4031218758557E+01   0.1253070185808E-21
  0.4252840484372E+01   0.9962484640593E-22
  0.4486646165535E+01   0.8574433146332E-22
  0.4733305631539E+01   0.8768343239034E-22
  0.4993525536659E+01   0.8802090725541E-22
  0.5268051384453E+01   0.8992733826782E-22
  0.5557669663547E+01   0.9079833570891E-22
  0.5863210100849E+01   0.9399204799287E-22
  0.6185548038627E+01   0.1005810101193E-21
  0.6525606942283E+01   0.9447411643400E-22
  0.6884361045982E+01   0.9380374811095E-22
  0.7262838143735E+01   0.9491603691713E-22
  0.7662122533924E+01   0.9602320261789E-22
  0.8083358125709E+01   0.9850482324932E-22
  0.8527751716208E+01   0.1035511555645E-21
  0.8996576447850E+01   0.1087436868636E-21
  0.9491175455797E+01   0.1142245872970E-21
  0.1001296571589E+02   0.1168768620041E-21
  0.1056344210415E+02   0.1196912749399E-21
  0.1114418167942E+02   0.1224493220164E-21
  0.1175684820151E+02   0.1245681553956E-21
  0.1240319689768E+02   0.1248528302104E-21
  0.1308507949119E+02   0.1244208428446E-21
  0.1380444950630E+02   0.1232494956360E-21
  0.1456336786493E+02   0.1224054622540E-21
  0.1536400879097E+02   0.1227779260673E-21
  0.1620866603922E+02   0.1244050660078E-21
  0.1709975946677E+02   0.1248094879930E-21
  0.1803984196564E+02   0.1251260312085E-21
  0.1903160677656E+02   0.1253078572685E-21
  0.2007789520482E+02   0.1252672566902E-21
  0.2118170476032E+02   0.1242612897671E-21
  0.2234619774516E+02   0.1244100491334E-21
  0.2357471031327E+02   0.1254591246674E-21
  0.2487076202819E+02   0.1274250948126E-21
  0.2623806594622E+02   0.1300723057893E-21
  0.2768053925400E+02   0.1328220035426E-21
  0.2920231449082E+02   0.1350071252408E-21
  0.3080775138792E+02   0.1355176540428E-21
  0.3250144935868E+02   0.1360987397504E-21
  0.3428826067550E+02   0.1365766549523E-21
  0.3617330437103E+02   0.1372854893311E-21
  0.3816198090368E+02   0.1390049644915E-21
  0.4025998762943E+02   0.1397827264593E-21
  0.4247333512410E+02   0.1421131363897E-21
  0.4480836440311E+02   0.1462746881001E-21
  0.4727176508780E+02   0.1494393733183E-21
  0.4987059457054E+02   0.1430144740372E-21
  0.5261229823340E+02   0.1379131087251E-21
  0.5550473077848E+02   0.1319754370556E-21
  0.5855617873077E+02   0.1269313344747E-21
  0.6177538417823E+02   0.1239638513795E-21
  0.6517156981698E+02   0.1223298091480E-21
  0.6875446537339E+02   0.1177874067740E-21
  0.7253433547872E+02   0.1109917828165E-21
  0.7652200907632E+02   0.1030114186242E-21
  0.8072891044538E+02   0.9455926846098E-22
  0.8516709193035E+02   0.8627884182424E-22
  0.8984926846969E+02   0.7836405724563E-22
  0.9478885402287E+02   0.7073937685405E-22
  0.1000000000000E+03   0.6319968061415E-22
