           1
         100
  
  0.5000000000000E+00   0.7595338495998E-26
  0.5274881790209E+00   0.1688801834220E-25
  0.5564875580135E+00   0.2434955460940E-25
  0.5870812172487E+00   0.1847359500333E-25
  0.6193568044478E+00   0.8514099039348E-25
  0.6534067858847E+00   0.2005296022781E-24
  0.6893287112924E+00   0.3610276909391E-24
  0.7272254933329E+00   0.7362643409397E-24
  0.7672057024315E+00   0.6604102236749E-24
  0.8093838778200E+00   0.3185808401372E-23
  0.8538808556803E+00   0.3364146409169E-23
  0.9008241153272E+00   0.1198828443111E-22
  0.9503481444241E+00   0.1546083830596E-22
  0.1002594824276E+01   0.3595422795265E-22
  0.1057713836307E+01   0.3632527338123E-22
  0.1115863090877E+01   0.5133539146649E-22
  0.1177209179687E+01   0.5362066167811E-22
  0.1241927853039E+01   0.9629627662313E-22
  0.1310204523350E+01   0.1128578947837E-21
  0.1382234796334E+01   0.4451064129337E-22
  0.1458225031395E+01   0.4437615613880E-22
  0.1538392932826E+01   0.6997247095868E-22
  0.1622968173510E+01   0.1221982514921E-21
  0.1712193052907E+01   0.1281881250158E-21
  0.1806323191221E+01   0.6647786292851E-22
  0.1905628261720E+01   0.6554543412089E-22
  0.2010392763331E+01   0.6859268954190E-22
  0.2120916835693E+01   0.1028238631577E-21
  0.2237517119029E+01   0.1314709854475E-21
  0.2360527661289E+01   0.9658032732080E-22
  0.2490300875163E+01   0.5823999187842E-22
  0.2627208547708E+01   0.5240811668256E-22
  0.2771642905477E+01   0.4741434688329E-22
  0.2924017738213E+01   0.4890153699829E-22
  0.3084769584309E+01   0.5725396347268E-22
  0.3254358981453E+01   0.6934906879372E-22
  0.3433271786014E+01   0.7731648444032E-22
  0.3622020564976E+01   0.8551137970230E-22
  0.3821146064391E+01   0.9952187609035E-22
  0.4031218758557E+01   0.9063104459358E-22
  0.4252840484372E+01   0.6202272689771E-22
  0.4486646165535E+01   0.4527204309229E-22
  0.4733305631539E+01   0.4457146517305E-22
  0.4993525536659E+01   0.4246462327351E-22
  0.5268051384453E+01   0.4155923006467E-22
  0.5557669663547E+01   0.3831207783253E-22
  0.5863210100849E+01   0.3685582232499E-22
  0.6185548038627E+01   0.3979463638922E-22
  0.6525606942283E+01   0.3154368283540E-22
  0.6884361045982E+01   0.2934955676079E-22
  0.7262838143735E+01   0.2989093400477E-22
  0.7662122533924E+01   0.2977673755965E-22
  0.8083358125709E+01   0.2975946317857E-22
  0.8527751716208E+01   0.3168122885725E-22
  0.8996576447850E+01   0.3444973820880E-22
  0.9491175455797E+01   0.3788767393892E-22
  0.1001296571589E+02   0.4215144333546E-22
  0.1056344210415E+02   0.4774225106933E-22
  0.1114418167942E+02   0.5484294063647E-22
  0.1175684820151E+02   0.6420725376186E-22
  0.1240319689768E+02   0.7643348248861E-22
  0.1308507949119E+02   0.9156916708611E-22
  0.1380444950630E+02   0.1091180381508E-21
  0.1456336786493E+02   0.1292006669795E-21
  0.1536400879097E+02   0.1517960478351E-21
  0.1620866603922E+02   0.1765639191776E-21
  0.1709975946677E+02   0.2033446640012E-21
  0.1803984196564E+02   0.2317200083787E-21
  0.1903160677656E+02   0.2611626411797E-21
  0.2007789520482E+02   0.2913272813120E-21
  0.2118170476032E+02   0.3213691580547E-21
  0.2234619774516E+02   0.3514435037863E-21
  0.2357471031327E+02   0.3809153797748E-21
  0.2487076202819E+02   0.4094389939357E-21
  0.2623806594622E+02   0.4367899812957E-21
  0.2768053925400E+02   0.4624745284127E-21
  0.2920231449082E+02   0.4856962025857E-21
  0.3080775138792E+02   0.5055088359372E-21
  0.3250144935868E+02   0.5226696254923E-21
  0.3428826067550E+02   0.5367272371930E-21
  0.3617330437103E+02   0.5478791858530E-21
  0.3816198090368E+02   0.5565390972319E-21
  0.4025998762943E+02   0.5615753928999E-21
  0.4247333512410E+02   0.5646229318224E-21
  0.4480836440311E+02   0.5659826397932E-21
  0.4727176508780E+02   0.5640757993939E-21
  0.4987059457054E+02   0.5535778530503E-21
  0.5261229823340E+02   0.5420682962463E-21
  0.5550473077848E+02   0.5277499078168E-21
  0.5855617873077E+02   0.5112081001309E-21
  0.6177538417823E+02   0.4942205160405E-21
  0.6517156981698E+02   0.4773599372648E-21
  0.6875446537339E+02   0.4561612597293E-21
  0.7253433547872E+02   0.4303243521836E-21
  0.7652200907632E+02   0.4002145639702E-21
  0.8072891044538E+02   0.3669002789399E-21
  0.8516709193035E+02   0.3324845569558E-21
  0.8984926846969E+02   0.2983702079704E-21
  0.9478885402287E+02   0.2651652069591E-21
  0.1000000000000E+03   0.2332351220674E-21
