           1
         100
  
  0.5000000000000E+00   0.7595566908281E-26
  0.5274881790209E+00   0.1688883176405E-25
  0.5564875580135E+00   0.2435224263708E-25
  0.5870812172487E+00   0.1848186600864E-25
  0.6193568044478E+00   0.8516480718861E-25
  0.6534067858847E+00   0.2005942046819E-24
  0.6893287112924E+00   0.3611936130993E-24
  0.7272254933329E+00   0.7366688930630E-24
  0.7672057024315E+00   0.6613499771610E-24
  0.8093838778200E+00   0.3187876176713E-23
  0.8538808556803E+00   0.3368463078079E-23
  0.9008241153272E+00   0.1199684748548E-22
  0.9503481444241E+00   0.1547701377399E-22
  0.1002594824276E+01   0.3598355567952E-22
  0.1057713836307E+01   0.3637677990780E-22
  0.1115863090877E+01   0.5142264326008E-22
  0.1177209179687E+01   0.5376341255852E-22
  0.1241927853039E+01   0.9652295810848E-22
  0.1310204523350E+01   0.1132115815416E-21
  0.1382234796334E+01   0.4505373973875E-22
  0.1458225031395E+01   0.4518615432696E-22
  0.1538392932826E+01   0.7113808743861E-22
  0.1622968173510E+01   0.1238126424800E-21
  0.1712193052907E+01   0.1303464696713E-21
  0.1806323191221E+01   0.6929299221060E-22
  0.1905628261720E+01   0.6914818282750E-22
  0.2010392763331E+01   0.7314142229733E-22
  0.2120916835693E+01   0.1084995432767E-21
  0.2237517119029E+01   0.1384516311457E-21
  0.2360527661289E+01   0.1051327406441E-21
  0.2490300875163E+01   0.6867630270625E-22
  0.2627208547708E+01   0.6538547125494E-22
  0.2771642905477E+01   0.6585658192567E-22
  0.2924017738213E+01   0.7632952572546E-22
  0.3084769584309E+01   0.9219781259760E-22
  0.3254358981453E+01   0.1048779081494E-21
  0.3433271786014E+01   0.1092493154782E-21
  0.3622020564976E+01   0.1135621751766E-21
  0.3821146064391E+01   0.1274009303778E-21
  0.4031218758557E+01   0.1205565999999E-21
  0.4252840484372E+01   0.9472263955958E-22
  0.4486646165535E+01   0.8013517772417E-22
  0.4733305631539E+01   0.8025993062284E-22
  0.4993525536659E+01   0.7801109068714E-22
  0.5268051384453E+01   0.7884761385783E-22
  0.5557669663547E+01   0.8281368487048E-22
  0.5863210100849E+01   0.8959055275926E-22
  0.6185548038627E+01   0.9670914032396E-22
  0.6525606942283E+01   0.8790242007356E-22
  0.6884361045982E+01   0.8373904961785E-22
  0.7262838143735E+01   0.8020880115116E-22
  0.7662122533924E+01   0.7907258853080E-22
  0.8083358125709E+01   0.8256201219513E-22
  0.8527751716208E+01   0.9012945938984E-22
  0.8996576447850E+01   0.9726788151681E-22
  0.9491175455797E+01   0.1047928965327E-21
  0.1001296571589E+02   0.1062884514954E-21
  0.1056344210415E+02   0.1081133550495E-21
  0.1114418167942E+02   0.1098153421150E-21
  0.1175684820151E+02   0.1098583437398E-21
  0.1240319689768E+02   0.1059371232492E-21
  0.1308507949119E+02   0.1003483416912E-21
  0.1380444950630E+02   0.9358281541216E-22
  0.1456336786493E+02   0.8743290912077E-22
  0.1536400879097E+02   0.8327616958055E-22
  0.1620866603922E+02   0.8112350670544E-22
  0.1709975946677E+02   0.7691694331089E-22
  0.1803984196564E+02   0.7259104249487E-22
  0.1903160677656E+02   0.6816641164970E-22
  0.2007789520482E+02   0.6350631565749E-22
  0.2118170476032E+02   0.5781368773602E-22
  0.2234619774516E+02   0.5372081298591E-22
  0.2357471031327E+02   0.5079633417333E-22
  0.2487076202819E+02   0.4890007540262E-22
  0.2623806594622E+02   0.4762731399767E-22
  0.2768053925400E+02   0.4632880802555E-22
  0.2920231449082E+02   0.4438749442405E-22
  0.3080775138792E+02   0.4092071463234E-22
  0.3250144935868E+02   0.3768716855414E-22
  0.3428826067550E+02   0.3449448311855E-22
  0.3617330437103E+02   0.3164895886972E-22
  0.3816198090368E+02   0.2967195835488E-22
  0.4025998762943E+02   0.2715468633558E-22
  0.4247333512410E+02   0.2583105376053E-22
  0.4480836440311E+02   0.2562235998864E-22
  0.4727176508780E+02   0.2486354128269E-22
  0.4987059457054E+02   0.1939988144810E-22
  0.5261229823340E+02   0.1554012979496E-22
  0.5550473077848E+02   0.1221095716552E-22
  0.5855617873077E+02   0.9946329797702E-23
  0.6177538417823E+02   0.8658229775133E-23
  0.6517156981698E+02   0.7822000782213E-23
  0.6875446537339E+02   0.6694903538986E-23
  0.7253433547872E+02   0.5451356662617E-23
  0.7652200907632E+02   0.4394736346787E-23
  0.8072891044538E+02   0.3512304933226E-23
  0.8516709193035E+02   0.2818112230218E-23
  0.8984926846969E+02   0.2307332177234E-23
  0.9478885402287E+02   0.1879386661551E-23
  0.1000000000000E+03   0.1263442911770E-23
