           1
         100
  
  0.5000000000000E+00   0.7597209146577E-26
  0.5274881790209E+00   0.1689415212320E-25
  0.5564875580135E+00   0.2436831671546E-25
  0.5870812172487E+00   0.1852738282370E-25
  0.6193568044478E+00   0.8528555444158E-25
  0.6534067858847E+00   0.2008934299012E-24
  0.6893287112924E+00   0.3618873232895E-24
  0.7272254933329E+00   0.7381829360400E-24
  0.7672057024315E+00   0.6644693137722E-24
  0.8093838778200E+00   0.3194063088302E-23
  0.8538808556803E+00   0.3380312902019E-23
  0.9008241153272E+00   0.1201882068061E-22
  0.9503481444241E+00   0.1551650752661E-22
  0.1002594824276E+01   0.3605184052255E-22
  0.1057713836307E+01   0.3648951110356E-22
  0.1115863090877E+01   0.5160246318055E-22
  0.1177209179687E+01   0.5404134529994E-22
  0.1241927853039E+01   0.9693830926695E-22
  0.1310204523350E+01   0.1138048808230E-21
  0.1382234796334E+01   0.4586490377736E-22
  0.1458225031395E+01   0.4626920970456E-22
  0.1538392932826E+01   0.7256862342948E-22
  0.1622968173510E+01   0.1256958823588E-21
  0.1712193052907E+01   0.1328146070418E-21
  0.1806323191221E+01   0.7247449066798E-22
  0.1905628261720E+01   0.7316279943688E-22
  0.2010392763331E+01   0.7808151077333E-22
  0.2120916835693E+01   0.1144322143800E-21
  0.2237517119029E+01   0.1454451084510E-21
  0.2360527661289E+01   0.1131358129059E-21
  0.2490300875163E+01   0.7757645034593E-22
  0.2627208547708E+01   0.7467447365605E-22
  0.2771642905477E+01   0.7269465401801E-22
  0.2924017738213E+01   0.7805688086350E-22
  0.3084769584309E+01   0.9104658692170E-22
  0.3254358981453E+01   0.1061321779079E-21
  0.3433271786014E+01   0.1168798166745E-21
  0.3622020564976E+01   0.1282105182416E-21
  0.3821146064391E+01   0.1455161464583E-21
  0.4031218758557E+01   0.1399451870424E-21
  0.4252840484372E+01   0.1146358230945E-21
  0.4486646165535E+01   0.1010257382226E-21
  0.4733305631539E+01   0.1031591684495E-21
  0.4993525536659E+01   0.1035484192111E-21
  0.5268051384453E+01   0.1052736476760E-21
  0.5557669663547E+01   0.1055915364982E-21
  0.5863210100849E+01   0.1079203978661E-21
  0.6185548038627E+01   0.1137792479661E-21
  0.6525606942283E+01   0.1071629378119E-21
  0.6884361045982E+01   0.1059408749523E-21
  0.7262838143735E+01   0.1064561442973E-21
  0.7662122533924E+01   0.1066927673950E-21
  0.8083358125709E+01   0.1080516751326E-21
  0.8527751716208E+01   0.1117361846997E-21
  0.8996576447850E+01   0.1154999035414E-21
  0.9491175455797E+01   0.1194382323703E-21
  0.1001296571589E+02   0.1209292946254E-21
  0.1056344210415E+02   0.1225351411491E-21
  0.1114418167942E+02   0.1240705469871E-21
  0.1175684820151E+02   0.1251214694494E-21
  0.1240319689768E+02   0.1247172941335E-21
  0.1308507949119E+02   0.1237555177732E-21
  0.1380444950630E+02   0.1220734993258E-21
  0.1456336786493E+02   0.1205836745825E-21
  0.1536400879097E+02   0.1201380296586E-21
  0.1620866603922E+02   0.1208426025936E-21
  0.1709975946677E+02   0.1202292177125E-21
  0.1803984196564E+02   0.1193378026300E-21
  0.1903160677656E+02   0.1180713897998E-21
  0.2007789520482E+02   0.1162501828756E-21
  0.2118170476032E+02   0.1129269624634E-21
  0.2234619774516E+02   0.1105920071130E-21
  0.2357471031327E+02   0.1091189486561E-21
  0.2487076202819E+02   0.1086331394389E-21
  0.2623806594622E+02   0.1088023673898E-21
  0.2768053925400E+02   0.1088189718454E-21
  0.2920231449082E+02   0.1078250116518E-21
  0.3080775138792E+02   0.1041938669123E-21
  0.3250144935868E+02   0.1002167357106E-21
  0.3428826067550E+02   0.9588319146858E-22
  0.3617330437103E+02   0.9165211453286E-22
  0.3816198090368E+02   0.8875920711109E-22
  0.4025998762943E+02   0.8445594293173E-22
  0.4247333512410E+02   0.8234444116657E-22
  0.4480836440311E+02   0.8290441586365E-22
  0.4727176508780E+02   0.8211471610800E-22
  0.4987059457054E+02   0.6852260500991E-22
  0.5261229823340E+02   0.5792039074083E-22
  0.5550473077848E+02   0.4789351609426E-22
  0.5855617873077E+02   0.4047071164176E-22
  0.6177538417823E+02   0.3611416308453E-22
  0.6517156981698E+02   0.3347622381006E-22
  0.6875446537339E+02   0.2929762541277E-22
  0.7253433547872E+02   0.2452570530177E-22
  0.7652200907632E+02   0.2010659977157E-22
  0.8072891044538E+02   0.1633490709410E-22
  0.8516709193035E+02   0.1330957853561E-22
  0.8984926846969E+02   0.1092454533764E-22
  0.9478885402287E+02   0.8964867881701E-23
  0.1000000000000E+03   0.7088929521230E-23
