           1
         100
  
  0.5000000000000E+00   0.7595405792643E-26
  0.5274881790209E+00   0.1688826791869E-25
  0.5564875580135E+00   0.2435041158400E-25
  0.5870812172487E+00   0.1847632805613E-25
  0.6193568044478E+00   0.8514913839746E-25
  0.6534067858847E+00   0.2005525067566E-24
  0.6893287112924E+00   0.3610887534078E-24
  0.7272254933329E+00   0.7364189827210E-24
  0.7672057024315E+00   0.6607836377503E-24
  0.8093838778200E+00   0.3186658552763E-23
  0.8538808556803E+00   0.3365974100112E-23
  0.9008241153272E+00   0.1199200100805E-22
  0.9503481444241E+00   0.1546800632246E-22
  0.1002594824276E+01   0.3596748686983E-22
  0.1057713836307E+01   0.3634907818307E-22
  0.1115863090877E+01   0.5137657787635E-22
  0.1177209179687E+01   0.5368940781197E-22
  0.1241927853039E+01   0.9640764865727E-22
  0.1310204523350E+01   0.1130357853450E-21
  0.1382234796334E+01   0.4479116229474E-22
  0.1458225031395E+01   0.4480505752723E-22
  0.1538392932826E+01   0.7060238282403E-22
  0.1622968173510E+01   0.1230837805639E-21
  0.1712193052907E+01   0.1293845692084E-21
  0.1806323191221E+01   0.6805326044300E-22
  0.1905628261720E+01   0.6758131564613E-22
  0.2010392763331E+01   0.7119133275084E-22
  0.2120916835693E+01   0.1061054410742E-21
  0.2237517119029E+01   0.1355560997158E-21
  0.2360527661289E+01   0.1016569712481E-21
  0.2490300875163E+01   0.6453517472296E-22
  0.2627208547708E+01   0.6041928715014E-22
  0.2771642905477E+01   0.5958261994547E-22
  0.2924017738213E+01   0.6938968550421E-22
  0.3084769584309E+01   0.8564308515017E-22
  0.3254358981453E+01   0.9624181149464E-22
  0.3433271786014E+01   0.9942299624258E-22
  0.3622020564976E+01   0.1039138655572E-21
  0.3821146064391E+01   0.1176199588928E-21
  0.4031218758557E+01   0.1101888098206E-21
  0.4252840484372E+01   0.8363888626781E-22
  0.4486646165535E+01   0.6852789565649E-22
  0.4733305631539E+01   0.6850259943847E-22
  0.4993525536659E+01   0.6643545474820E-22
  0.5268051384453E+01   0.6712478375804E-22
  0.5557669663547E+01   0.6989036529453E-22
  0.5863210100849E+01   0.7574411460570E-22
  0.6185548038627E+01   0.8305830805605E-22
  0.6525606942283E+01   0.7552960066695E-22
  0.6884361045982E+01   0.7336237169640E-22
  0.7262838143735E+01   0.7280566861354E-22
  0.7662122533924E+01   0.7471449399660E-22
  0.8083358125709E+01   0.8113320191352E-22
  0.8527751716208E+01   0.9233240274695E-22
  0.8996576447850E+01   0.1045695663190E-21
  0.9491175455797E+01   0.1187418439725E-21
  0.1001296571589E+02   0.1285142314963E-21
  0.1056344210415E+02   0.1400550685085E-21
  0.1114418167942E+02   0.1530100317019E-21
  0.1175684820151E+02   0.1656370428638E-21
  0.1240319689768E+02   0.1750025470480E-21
  0.1308507949119E+02   0.1834528218391E-21
  0.1380444950630E+02   0.1914213420629E-21
  0.1456336786493E+02   0.2007447961037E-21
  0.1536400879097E+02   0.2128796021403E-21
  0.1620866603922E+02   0.2278926851985E-21
  0.1709975946677E+02   0.2404992346559E-21
  0.1803984196564E+02   0.2528493405434E-21
  0.1903160677656E+02   0.2647894574238E-21
  0.2007789520482E+02   0.2758380713708E-21
  0.2118170476032E+02   0.2846533268822E-21
  0.2234619774516E+02   0.2949256801961E-21
  0.2357471031327E+02   0.3062514294241E-21
  0.2487076202819E+02   0.3186226785208E-21
  0.2623806594622E+02   0.3313846866868E-21
  0.2768053925400E+02   0.3432810713355E-21
  0.2920231449082E+02   0.3530937052023E-21
  0.3080775138792E+02   0.3584209511811E-21
  0.3250144935868E+02   0.3624720032756E-21
  0.3428826067550E+02   0.3653611549491E-21
  0.3617330437103E+02   0.3675588228802E-21
  0.3816198090368E+02   0.3706273597744E-21
  0.4025998762943E+02   0.3708897709303E-21
  0.4247333512410E+02   0.3729659875960E-21
  0.4480836440311E+02   0.3775385249294E-21
  0.4727176508780E+02   0.3792514525271E-21
  0.4987059457054E+02   0.3631166865748E-21
  0.5261229823340E+02   0.3501174682556E-21
  0.5550473077848E+02   0.3368283583633E-21
  0.5855617873077E+02   0.3254659816916E-21
  0.6177538417823E+02   0.3167090327014E-21
  0.6517156981698E+02   0.3091905966317E-21
  0.6875446537339E+02   0.2982227089265E-21
  0.7253433547872E+02   0.2846325285034E-21
  0.7652200907632E+02   0.2692385748926E-21
  0.8072891044538E+02   0.2524056835961E-21
  0.8516709193035E+02   0.2347386291830E-21
  0.8984926846969E+02   0.2165929136805E-21
  0.9478885402287E+02   0.1980787737319E-21
  0.1000000000000E+03   0.1792393353067E-21
