           1
         100
  
  0.5000000000000E+00   0.7595338495998E-26
  0.5274881790209E+00   0.1688801834220E-25
  0.5564875580135E+00   0.2434955460940E-25
  0.5870812172487E+00   0.1847359500333E-25
  0.6193568044478E+00   0.8514099039348E-25
  0.6534067858847E+00   0.2005296022781E-24
  0.6893287112924E+00   0.3610276909391E-24
  0.7272254933329E+00   0.7362643409397E-24
  0.7672057024315E+00   0.6604102236749E-24
  0.8093838778200E+00   0.3185808401372E-23
  0.8538808556803E+00   0.3364146409169E-23
  0.9008241153272E+00   0.1198828443111E-22
  0.9503481444241E+00   0.1546083830596E-22
  0.1002594824276E+01   0.3595422795266E-22
  0.1057713836307E+01   0.3632527338131E-22
  0.1115863090877E+01   0.5133539146699E-22
  0.1177209179687E+01   0.5362066168088E-22
  0.1241927853039E+01   0.9629627663689E-22
  0.1310204523350E+01   0.1128578948441E-21
  0.1382234796334E+01   0.4451064153038E-22
  0.1458225031395E+01   0.4437615700522E-22
  0.1538392932826E+01   0.6997247397239E-22
  0.1622968173510E+01   0.1221982615403E-21
  0.1712193052907E+01   0.1281881569563E-21
  0.1806323191221E+01   0.6647795808907E-22
  0.1905628261720E+01   0.6554569878640E-22
  0.2010392763331E+01   0.6859337563105E-22
  0.2120916835693E+01   0.1028255284477E-21
  0.2237517119029E+01   0.1314748058400E-21
  0.2360527661289E+01   0.9658855005177E-22
  0.2490300875163E+01   0.5825670281471E-22
  0.2627208547708E+01   0.5243960191661E-22
  0.2771642905477E+01   0.4746352800349E-22
  0.2924017738213E+01   0.4897117918894E-22
  0.3084769584309E+01   0.5736652958123E-22
  0.3254358981453E+01   0.6957312917900E-22
  0.3433271786014E+01   0.7777296580104E-22
  0.3622020564976E+01   0.8638076894004E-22
  0.3821146064391E+01   0.1009561522359E-21
  0.4031218758557E+01   0.9279957113618E-22
  0.4252840484372E+01   0.6516747433651E-22
  0.4486646165535E+01   0.4976098566330E-22
  0.4733305631539E+01   0.5092231513473E-22
  0.4993525536659E+01   0.5129985789026E-22
  0.5268051384453E+01   0.5326357172000E-22
  0.5557669663547E+01   0.5276996223930E-22
  0.5863210100849E+01   0.5454426877426E-22
  0.6185548038627E+01   0.6175302958147E-22
  0.6525606942283E+01   0.5887602963280E-22
  0.6884361045982E+01   0.6279861411820E-22
  0.7262838143735E+01   0.7021239278389E-22
  0.7662122533924E+01   0.7676782383236E-22
  0.8083358125709E+01   0.8283618645874E-22
  0.8527751716208E+01   0.9077134248838E-22
  0.8996576447850E+01   0.9978316072509E-22
  0.9491175455797E+01   0.1095164932825E-21
  0.1001296571589E+02   0.1194133977839E-21
  0.1056344210415E+02   0.1298066544013E-21
  0.1114418167942E+02   0.1406342667711E-21
  0.1175684820151E+02   0.1519110619978E-21
  0.1240319689768E+02   0.1628812249222E-21
  0.1308507949119E+02   0.1735851828438E-21
  0.1380444950630E+02   0.1835025095040E-21
  0.1456336786493E+02   0.1932466528117E-21
  0.1536400879097E+02   0.2035247516692E-21
  0.1620866603922E+02   0.2145305111293E-21
  0.1709975946677E+02   0.2241091218293E-21
  0.1803984196564E+02   0.2330912627469E-21
  0.1903160677656E+02   0.2413683853793E-21
  0.2007789520482E+02   0.2487642402775E-21
  0.2118170476032E+02   0.2543473820911E-21
  0.2234619774516E+02   0.2606067443350E-21
  0.2357471031327E+02   0.2674380044738E-21
  0.2487076202819E+02   0.2750466572188E-21
  0.2623806594622E+02   0.2831858289896E-21
  0.2768053925400E+02   0.2910119036250E-21
  0.2920231449082E+02   0.2975261014404E-21
  0.3080775138792E+02   0.3007407997119E-21
  0.3250144935868E+02   0.3031889027444E-21
  0.3428826067550E+02   0.3048820230693E-21
  0.3617330437103E+02   0.3062616949553E-21
  0.3816198090368E+02   0.3087023276554E-21
  0.4025998762943E+02   0.3089892812416E-21
  0.4247333512410E+02   0.3112202896784E-21
  0.4480836440311E+02   0.3160544716859E-21
  0.4727176508780E+02   0.3186397030836E-21
  0.4987059457054E+02   0.3049715287011E-21
  0.5261229823340E+02   0.2942359796868E-21
  0.5550473077848E+02   0.2833445616265E-21
  0.5855617873077E+02   0.2744432901982E-21
  0.6177538417823E+02   0.2681011830276E-21
  0.6517156981698E+02   0.2629596587084E-21
  0.6875446537339E+02   0.2547632506188E-21
  0.7253433547872E+02   0.2443387425005E-21
  0.7652200907632E+02   0.2325243262409E-21
  0.8072891044538E+02   0.2196403439273E-21
  0.8516709193035E+02   0.2061132153386E-21
  0.8984926846969E+02   0.1921426378431E-21
  0.9478885402287E+02   0.1777340970219E-21
  0.1000000000000E+03   0.1628165122835E-21
