           1
         100
  
  0.5000000000000E+00   0.7426567423964E-26
  0.5274881790209E+00   0.1651341214650E-25
  0.5564875580135E+00   0.2381267692090E-25
  0.5870812172487E+00   0.1807939658895E-25
  0.6193568044478E+00   0.8329212147964E-25
  0.6534067858847E+00   0.1961874982251E-24
  0.6893287112924E+00   0.3532934857647E-24
  0.7272254933329E+00   0.7205769644123E-24
  0.7672057024315E+00   0.6472755004909E-24
  0.8093838778200E+00   0.3118111086393E-23
  0.8538808556803E+00   0.3295808604825E-23
  0.9008241153272E+00   0.1173385670098E-22
  0.9503481444241E+00   0.1513991513423E-22
  0.1002594824276E+01   0.3519495711541E-22
  0.1057713836307E+01   0.3558760031991E-22
  0.1115863090877E+01   0.5030983759038E-22
  0.1177209179687E+01   0.5261478280933E-22
  0.1241927853039E+01   0.9444207208270E-22
  0.1310204523350E+01   0.1107786074393E-21
  0.1382234796334E+01   0.4415052041160E-22
  0.1458225031395E+01   0.4428059195380E-22
  0.1538392932826E+01   0.6964986877333E-22
  0.1622968173510E+01   0.1211535308953E-21
  0.1712193052907E+01   0.1275655279756E-21
  0.1806323191221E+01   0.6791061210165E-22
  0.1905628261720E+01   0.6781160991485E-22
  0.2010392763331E+01   0.7174233577584E-22
  0.2120916835693E+01   0.1063055071352E-21
  0.2237517119029E+01   0.1355575614721E-21
  0.2360527661289E+01   0.1028355288074E-21
  0.2490300875163E+01   0.6689325409382E-22
  0.2627208547708E+01   0.6290461326805E-22
  0.2771642905477E+01   0.6014804353838E-22
  0.2924017738213E+01   0.6483942666223E-22
  0.3084769584309E+01   0.7672346036132E-22
  0.3254358981453E+01   0.9007493540281E-22
  0.3433271786014E+01   0.9893058826756E-22
  0.3622020564976E+01   0.1084691089080E-21
  0.3821146064391E+01   0.1243853993536E-21
  0.4031218758557E+01   0.1182713605863E-21
  0.4252840484372E+01   0.9306912407876E-22
  0.4486646165535E+01   0.7944740977458E-22
  0.4733305631539E+01   0.8134394022989E-22
  0.4993525536659E+01   0.8171705182843E-22
  0.5268051384453E+01   0.8363316611358E-22
  0.5557669663547E+01   0.8450957928872E-22
  0.5863210100849E+01   0.8768672714094E-22
  0.6185548038627E+01   0.9427726941140E-22
  0.6525606942283E+01   0.8853844654020E-22
  0.6884361045982E+01   0.8815582162485E-22
  0.7262838143735E+01   0.8955255776853E-22
  0.7662122533924E+01   0.9096424082599E-22
  0.8083358125709E+01   0.9377393827916E-22
  0.8527751716208E+01   0.9919665493711E-22
  0.8996576447850E+01   0.1048885370421E-21
  0.9491175455797E+01   0.1110319855071E-21
  0.1001296571589E+02   0.1144392377881E-21
  0.1056344210415E+02   0.1181562115338E-21
  0.1114418167942E+02   0.1219886648405E-21
  0.1175684820151E+02   0.1252850635786E-21
  0.1240319689768E+02   0.1266708936062E-21
  0.1308507949119E+02   0.1273054610509E-21
  0.1380444950630E+02   0.1271991979356E-21
  0.1456336786493E+02   0.1275153793777E-21
  0.1536400879097E+02   0.1292827868714E-21
  0.1620866603922E+02   0.1326591444020E-21
  0.1709975946677E+02   0.1347205434810E-21
  0.1803984196564E+02   0.1367948448170E-21
  0.1903160677656E+02   0.1388507263649E-21
  0.2007789520482E+02   0.1407259203043E-21
  0.2118170476032E+02   0.1415001868649E-21
  0.2234619774516E+02   0.1438321198450E-21
  0.2357471031327E+02   0.1475675678360E-21
  0.2487076202819E+02   0.1528694329125E-21
  0.2623806594622E+02   0.1594581842016E-21
  0.2768053925400E+02   0.1665207182945E-21
  0.2920231449082E+02   0.1731268526675E-21
  0.3080775138792E+02   0.1773130760060E-21
  0.3250144935868E+02   0.1815804318792E-21
  0.3428826067550E+02   0.1859573220328E-21
  0.3617330437103E+02   0.1909052288959E-21
  0.3816198090368E+02   0.1979478976316E-21
  0.4025998762943E+02   0.2036469143889E-21
  0.4247333512410E+02   0.2125274297686E-21
  0.4480836440311E+02   0.2256062552102E-21
  0.4727176508780E+02   0.2373447186797E-21
  0.4987059457054E+02   0.2301701991774E-21
  0.5261229823340E+02   0.2266468610643E-21
  0.5550473077848E+02   0.2227811947480E-21
  0.5855617873077E+02   0.2214257003216E-21
  0.6177538417823E+02   0.2239821061916E-21
  0.6517156981698E+02   0.2288929472430E-21
  0.6875446537339E+02   0.2289003066973E-21
  0.7253433547872E+02   0.2248600473451E-21
  0.7652200907632E+02   0.2179757814641E-21
  0.8072891044538E+02   0.2090310618551E-21
  0.8516709193035E+02   0.1989102702686E-21
  0.8984926846969E+02   0.1879111957508E-21
  0.9478885402287E+02   0.1760020886727E-21
  0.1000000000000E+03   0.1631375189386E-21
