           1
         100
  
  0.5000000000000E+00   0.7596845883490E-26
  0.5274881790209E+00   0.1689291488079E-25
  0.5564875580135E+00   0.2436438774424E-25
  0.5870812172487E+00   0.1851568313696E-25
  0.6193568044478E+00   0.8525300176332E-25
  0.6534067858847E+00   0.2008092742594E-24
  0.6893287112924E+00   0.3616846124101E-24
  0.7272254933329E+00   0.7377235240964E-24
  0.7672057024315E+00   0.6634856824637E-24
  0.8093838778200E+00   0.3192023301146E-23
  0.8538808556803E+00   0.3376213458966E-23
  0.9008241153272E+00   0.1201083698618E-22
  0.9503481444241E+00   0.1550146151231E-22
  0.1002594824276E+01   0.3602464091802E-22
  0.1057713836307E+01   0.3644261612134E-22
  0.1115863090877E+01   0.5152444532715E-22
  0.1177209179687E+01   0.5391577561437E-22
  0.1241927853039E+01   0.9674297717031E-22
  0.1310204523350E+01   0.1135129171488E-21
  0.1382234796334E+01   0.4544392132640E-22
  0.1458225031395E+01   0.4567586030027E-22
  0.1538392932826E+01   0.7174617904773E-22
  0.1622968173510E+01   0.1245726471961E-21
  0.1712193052907E+01   0.1313061506918E-21
  0.1806323191221E+01   0.7049266928242E-22
  0.1905628261720E+01   0.7061794267226E-22
  0.2010392763331E+01   0.7488753391229E-22
  0.2120916835693E+01   0.1105074487194E-21
  0.2237517119029E+01   0.1407100426163E-21
  0.2360527661289E+01   0.1075346004688E-21
  0.2490300875163E+01   0.7106721410831E-22
  0.2627208547708E+01   0.6727583849143E-22
  0.2771642905477E+01   0.6474217757021E-22
  0.2924017738213E+01   0.6977765979139E-22
  0.3084769584309E+01   0.8199455633159E-22
  0.3254358981453E+01   0.9576084180295E-22
  0.3433271786014E+01   0.1048929168548E-21
  0.3622020564976E+01   0.1146743061856E-21
  0.3821146064391E+01   0.1308593954534E-21
  0.4031218758557E+01   0.1243483084453E-21
  0.4252840484372E+01   0.9814654089836E-22
  0.4486646165535E+01   0.8365485526488E-22
  0.4733305631539E+01   0.8494481400086E-22
  0.4993525536659E+01   0.8458817209411E-22
  0.5268051384453E+01   0.8552955524158E-22
  0.5557669663547E+01   0.8477454113632E-22
  0.5863210100849E+01   0.8598994763846E-22
  0.6185548038627E+01   0.9086253750069E-22
  0.6525606942283E+01   0.8355459710684E-22
  0.6884361045982E+01   0.8187113781528E-22
  0.7262838143735E+01   0.8228872107876E-22
  0.7662122533924E+01   0.8240284265548E-22
  0.8083358125709E+01   0.8347559770686E-22
  0.8527751716208E+01   0.8706350159226E-22
  0.8996576447850E+01   0.9129055339300E-22
  0.9491175455797E+01   0.9627585368726E-22
  0.1001296571589E+02   0.9990343730782E-22
  0.1056344210415E+02   0.1043951775304E-21
  0.1114418167942E+02   0.1096668182003E-21
  0.1175684820151E+02   0.1153780757534E-21
  0.1240319689768E+02   0.1204028423536E-21
  0.1308507949119E+02   0.1253624102798E-21
  0.1380444950630E+02   0.1299309448409E-21
  0.1456336786493E+02   0.1350259442912E-21
  0.1536400879097E+02   0.1416326157591E-21
  0.1620866603922E+02   0.1499594271517E-21
  0.1709975946677E+02   0.1568162200230E-21
  0.1803984196564E+02   0.1634138541031E-21
  0.1903160677656E+02   0.1695990658093E-21
  0.2007789520482E+02   0.1750475042884E-21
  0.2118170476032E+02   0.1785844164527E-21
  0.2234619774516E+02   0.1833103857701E-21
  0.2357471031327E+02   0.1890935406361E-21
  0.2487076202819E+02   0.1960875189971E-21
  0.2623806594622E+02   0.2038180692223E-21
  0.2768053925400E+02   0.2112187531126E-21
  0.2920231449082E+02   0.2172184886373E-21
  0.3080775138792E+02   0.2196731634402E-21
  0.3250144935868E+02   0.2214670125337E-21
  0.3428826067550E+02   0.2226964842951E-21
  0.3617330437103E+02   0.2238555937434E-21
  0.3816198090368E+02   0.2264835710459E-21
  0.4025998762943E+02   0.2270589194475E-21
  0.4247333512410E+02   0.2300564300305E-21
  0.4480836440311E+02   0.2361015800605E-21
  0.4727176508780E+02   0.2399865884768E-21
  0.4987059457054E+02   0.2270860703894E-21
  0.5261229823340E+02   0.2173859621353E-21
  0.5550473077848E+02   0.2076868572284E-21
  0.5855617873077E+02   0.2004960179249E-21
  0.6177538417823E+02   0.1965661117555E-21
  0.6517156981698E+02   0.1942926222861E-21
  0.6875446537339E+02   0.1888985816235E-21
  0.7253433547872E+02   0.1814101358238E-21
  0.7652200907632E+02   0.1728263290250E-21
  0.8072891044538E+02   0.1635208088612E-21
  0.8516709193035E+02   0.1538523948225E-21
  0.8984926846969E+02   0.1439046855466E-21
  0.9478885402287E+02   0.1335861705564E-21
  0.1000000000000E+03   0.1227412930374E-21
