           1
         100
  
  0.5000000000000E+00   0.7596829854097E-26
  0.5274881790209E+00   0.1689286541877E-25
  0.5564875580135E+00   0.2436424597786E-25
  0.5870812172487E+00   0.1851530461361E-25
  0.6193568044478E+00   0.8525205431987E-25
  0.6534067858847E+00   0.2008070172054E-24
  0.6893287112924E+00   0.3616794243250E-24
  0.7272254933329E+00   0.7377119932494E-24
  0.7672057024315E+00   0.6634608568379E-24
  0.8093838778200E+00   0.3191972679273E-23
  0.8538808556803E+00   0.3376115613921E-23
  0.9008241153272E+00   0.1201065795685E-22
  0.9503481444241E+00   0.1550115200694E-22
  0.1002594824276E+01   0.3602412731375E-22
  0.1057713836307E+01   0.3644177715330E-22
  0.1115863090877E+01   0.5152312057517E-22
  0.1177209179687E+01   0.5391375594698E-22
  0.1241927853039E+01   0.9673997089905E-22
  0.1310204523350E+01   0.1135083986732E-21
  0.1382234796334E+01   0.4543712354141E-22
  0.1458225031395E+01   0.4566606993028E-22
  0.1538392932826E+01   0.7173284830173E-22
  0.1622968173510E+01   0.1245555353249E-21
  0.1712193052907E+01   0.1312853834978E-21
  0.1806323191221E+01   0.7046842167058E-22
  0.1905628261720E+01   0.7059046221933E-22
  0.2010392763331E+01   0.7485701057135E-22
  0.2120916835693E+01   0.1104743054622E-21
  0.2237517119029E+01   0.1406756461436E-21
  0.2360527661289E+01   0.1075003005071E-21
  0.2490300875163E+01   0.7103620008836E-22
  0.2627208547708E+01   0.6725244565426E-22
  0.2771642905477E+01   0.6473770684758E-22
  0.2924017738213E+01   0.6986142792294E-22
  0.3084769584309E+01   0.8221981533929E-22
  0.3254358981453E+01   0.9606489381714E-22
  0.3433271786014E+01   0.1052813356877E-21
  0.3622020564976E+01   0.1152001132485E-21
  0.3821146064391E+01   0.1316090713075E-21
  0.4031218758557E+01   0.1254239645577E-21
  0.4252840484372E+01   0.9966299840965E-22
  0.4486646165535E+01   0.8571804477525E-22
  0.4733305631539E+01   0.8764094894289E-22
  0.4993525536659E+01   0.8800476687090E-22
  0.5268051384453E+01   0.8988370885815E-22
  0.5557669663547E+01   0.9052729856107E-22
  0.5863210100849E+01   0.9342568702218E-22
  0.6185548038627E+01   0.9992254498160E-22
  0.6525606942283E+01   0.9400985742952E-22
  0.6884361045982E+01   0.9363833750448E-22
  0.7262838143735E+01   0.9516353831512E-22
  0.7662122533924E+01   0.9657842864136E-22
  0.8083358125709E+01   0.9924747619887E-22
  0.8527751716208E+01   0.1044664673554E-21
  0.8996576447850E+01   0.1099678347019E-21
  0.9491175455797E+01   0.1158871152126E-21
  0.1001296571589E+02   0.1193366535443E-21
  0.1056344210415E+02   0.1230955597779E-21
  0.1114418167942E+02   0.1269825692304E-21
  0.1175684820151E+02   0.1304310770335E-21
  0.1240319689768E+02   0.1321342947261E-21
  0.1308507949119E+02   0.1330949095977E-21
  0.1380444950630E+02   0.1332415417858E-21
  0.1456336786493E+02   0.1337021646353E-21
  0.1536400879097E+02   0.1355088650752E-21
  0.1620866603922E+02   0.1388228071202E-21
  0.1709975946677E+02   0.1407369985826E-21
  0.1803984196564E+02   0.1425547154692E-21
  0.1903160677656E+02   0.1442345163376E-21
  0.2007789520482E+02   0.1456188311412E-21
  0.2118170476032E+02   0.1458061357594E-21
  0.2234619774516E+02   0.1474000306586E-21
  0.2357471031327E+02   0.1501889681514E-21
  0.2487076202819E+02   0.1542524633152E-21
  0.2623806594622E+02   0.1592582959529E-21
  0.2768053925400E+02   0.1644051632556E-21
  0.2920231449082E+02   0.1688168506310E-21
  0.3080775138792E+02   0.1708441614708E-21
  0.3250144935868E+02   0.1727524897688E-21
  0.3428826067550E+02   0.1744702343335E-21
  0.3617330437103E+02   0.1763817011565E-21
  0.3816198090368E+02   0.1796216258921E-21
  0.4025998762943E+02   0.1814278815171E-21
  0.4247333512410E+02   0.1852734170722E-21
  0.4480836440311E+02   0.1916227165740E-21
  0.4727176508780E+02   0.1963907182077E-21
  0.4987059457054E+02   0.1877968204284E-21
  0.5261229823340E+02   0.1817295412759E-21
  0.5550473077848E+02   0.1755676458924E-21
  0.5855617873077E+02   0.1712543650555E-21
  0.6177538417823E+02   0.1693756844338E-21
  0.6517156981698E+02   0.1686849216849E-21
  0.6875446537339E+02   0.1653522197484E-21
  0.7253433547872E+02   0.1601169433860E-21
  0.7652200907632E+02   0.1537743257825E-21
  0.8072891044538E+02   0.1466086797810E-21
  0.8516709193035E+02   0.1389381441030E-21
  0.8984926846969E+02   0.1308632238254E-21
  0.9478885402287E+02   0.1223179477447E-21
  0.1000000000000E+03   0.1131516927921E-21
