           1
         100
  
  0.5000000000000E+00   0.8021122741921E-26
  0.5274881790209E+00   0.1735827737481E-25
  0.5564875580135E+00   0.2402352335958E-25
  0.5870812172487E+00   0.1855901768418E-25
  0.6193568044478E+00   0.8521513283637E-25
  0.6534067858847E+00   0.2034565455845E-24
  0.6893287112924E+00   0.3608920720506E-24
  0.7272254933329E+00   0.7290140997451E-24
  0.7672057024315E+00   0.6674420966883E-24
  0.8093838778200E+00   0.3212147851372E-23
  0.8538808556803E+00   0.3377729941477E-23
  0.9008241153272E+00   0.1209071460349E-22
  0.9503481444241E+00   0.1543473498410E-22
  0.1002594824276E+01   0.3667414594817E-22
  0.1057713836307E+01   0.3622471606801E-22
  0.1115863090877E+01   0.5314851765273E-22
  0.1177209179687E+01   0.5434913206021E-22
  0.1241927853039E+01   0.9596216949931E-22
  0.1310204523350E+01   0.1146119063387E-21
  0.1382234796334E+01   0.4578233294401E-22
  0.1458225031395E+01   0.4615387993538E-22
  0.1538392932826E+01   0.7232115583119E-22
  0.1622968173510E+01   0.1237731116241E-21
  0.1712193052907E+01   0.1311233426600E-21
  0.1806323191221E+01   0.7123731892450E-22
  0.1905628261720E+01   0.7236976146719E-22
  0.2010392763331E+01   0.7499728063210E-22
  0.2120916835693E+01   0.1115042887991E-21
  0.2237517119029E+01   0.1411272358820E-21
  0.2360527661289E+01   0.1084969814929E-21
  0.2490300875163E+01   0.7078726470449E-22
  0.2627208547708E+01   0.6774540608755E-22
  0.2771642905477E+01   0.6554594105598E-22
  0.2924017738213E+01   0.7074538971423E-22
  0.3084769584309E+01   0.8340843531986E-22
  0.3254358981453E+01   0.9634450717887E-22
  0.3433271786014E+01   0.1074085190403E-21
  0.3622020564976E+01   0.1171313090139E-21
  0.3821146064391E+01   0.1319653842321E-21
  0.4031218758557E+01   0.1264600440478E-21
  0.4252840484372E+01   0.1004152054667E-21
  0.4486646165535E+01   0.8725810626925E-22
  0.4733305631539E+01   0.8976341035088E-22
  0.4993525536659E+01   0.8999615616011E-22
  0.5268051384453E+01   0.9197075116957E-22
  0.5557669663547E+01   0.9319798948357E-22
  0.5863210100849E+01   0.9634341597846E-22
  0.6185548038627E+01   0.1027879512853E-21
  0.6525606942283E+01   0.9680361127575E-22
  0.6884361045982E+01   0.9630829111534E-22
  0.7262838143735E+01   0.9732134801308E-22
  0.7662122533924E+01   0.9798184279655E-22
  0.8083358125709E+01   0.1010013092248E-21
  0.8527751716208E+01   0.1054861171447E-21
  0.8996576447850E+01   0.1101890533442E-21
  0.9491175455797E+01   0.1153556182254E-21
  0.1001296571589E+02   0.1176985146114E-21
  0.1056344210415E+02   0.1200339946383E-21
  0.1114418167942E+02   0.1225707256651E-21
  0.1175684820151E+02   0.1247137212914E-21
  0.1240319689768E+02   0.1252941608870E-21
  0.1308507949119E+02   0.1252950791332E-21
  0.1380444950630E+02   0.1247965420963E-21
  0.1456336786493E+02   0.1248649889298E-21
  0.1536400879097E+02   0.1263992222786E-21
  0.1620866603922E+02   0.1295299868772E-21
  0.1709975946677E+02   0.1316788101090E-21
  0.1803984196564E+02   0.1339815971548E-21
  0.1903160677656E+02   0.1363294343729E-21
  0.2007789520482E+02   0.1385491188405E-21
  0.2118170476032E+02   0.1397381179281E-21
  0.2234619774516E+02   0.1424207786583E-21
  0.2357471031327E+02   0.1464631600105E-21
  0.2487076202819E+02   0.1519572437776E-21
  0.2623806594622E+02   0.1585431857479E-21
  0.2768053925400E+02   0.1653405930809E-21
  0.2920231449082E+02   0.1713728853678E-21
  0.3080775138792E+02   0.1747892556904E-21
  0.3250144935868E+02   0.1779621394915E-21
  0.3428826067550E+02   0.1808394977813E-21
  0.3617330437103E+02   0.1838093287863E-21
  0.3816198090368E+02   0.1881326566885E-21
  0.4025998762943E+02   0.1907452026388E-21
  0.4247333512410E+02   0.1954873807766E-21
  0.4480836440311E+02   0.2028922385785E-21
  0.4727176508780E+02   0.2084093001040E-21
  0.4987059457054E+02   0.1989777717577E-21
  0.5261229823340E+02   0.1922075094051E-21
  0.5550473077848E+02   0.1852105033514E-21
  0.5855617873077E+02   0.1802183408703E-21
  0.6177538417823E+02   0.1779693551806E-21
  0.6517156981698E+02   0.1770802269633E-21
  0.6875446537339E+02   0.1731797811670E-21
  0.7253433547872E+02   0.1671454716120E-21
  0.7652200907632E+02   0.1598820223361E-21
  0.8072891044538E+02   0.1517401953250E-21
  0.8516709193035E+02   0.1430920681193E-21
  0.8984926846969E+02   0.1340552206998E-21
  0.9478885402287E+02   0.1245683773914E-21
  0.1000000000000E+03   0.1144974873774E-21
