           1
         100
  
  0.5000000000000E+00   0.7595565011827E-26
  0.5274881790209E+00   0.1688882494295E-25
  0.5564875580135E+00   0.2435222000844E-25
  0.5870812172487E+00   0.1848179641232E-25
  0.6193568044478E+00   0.8516460837513E-25
  0.6534067858847E+00   0.2005936757075E-24
  0.6893287112924E+00   0.3611922951957E-24
  0.7272254933329E+00   0.7366658013144E-24
  0.7672057024315E+00   0.6613431252162E-24
  0.8093838778200E+00   0.3187861751454E-23
  0.8538808556803E+00   0.3368434208942E-23
  0.9008241153272E+00   0.1199679258048E-22
  0.9503481444241E+00   0.1547691464477E-22
  0.1002594824276E+01   0.3598338576869E-22
  0.1057713836307E+01   0.3637650278567E-22
  0.1115863090877E+01   0.5142221397557E-22
  0.1177209179687E+01   0.5376278292516E-22
  0.1241927853039E+01   0.9652208819691E-22
  0.1310204523350E+01   0.1132104611044E-21
  0.1382234796334E+01   0.4505243936349E-22
  0.1458225031395E+01   0.4518490826836E-22
  0.1538392932826E+01   0.7113739350176E-22
  0.1622968173510E+01   0.1238133946484E-21
  0.1712193052907E+01   0.1303501689215E-21
  0.1806323191221E+01   0.6930215532970E-22
  0.1905628261720E+01   0.6916694950798E-22
  0.2010392763331E+01   0.7317654965429E-22
  0.2120916835693E+01   0.1085618151471E-21
  0.2237517119029E+01   0.1385576623042E-21
  0.2360527661289E+01   0.1053086390811E-21
  0.2490300875163E+01   0.6896136218023E-22
  0.2627208547708E+01   0.6584242135802E-22
  0.2771642905477E+01   0.6663075693718E-22
  0.2924017738213E+01   0.7771812149642E-22
  0.3084769584309E+01   0.9443532739922E-22
  0.3254358981453E+01   0.1076790330616E-21
  0.3433271786014E+01   0.1126049498689E-21
  0.3622020564976E+01   0.1177419925844E-21
  0.3821146064391E+01   0.1328695565193E-21
  0.4031218758557E+01   0.1277508429512E-21
  0.4252840484372E+01   0.1040643112702E-21
  0.4486646165535E+01   0.9199925553397E-22
  0.4733305631539E+01   0.9496970943057E-22
  0.4993525536659E+01   0.9590522138870E-22
  0.5268051384453E+01   0.1004953111474E-21
  0.5557669663547E+01   0.1092219864174E-21
  0.5863210100849E+01   0.1215104254091E-21
  0.6185548038627E+01   0.1340720717976E-21
  0.6525606942283E+01   0.1302394586908E-21
  0.6884361045982E+01   0.1310270668571E-21
  0.7262838143735E+01   0.1322577290607E-21
  0.7662122533924E+01   0.1365520525918E-21
  0.8083358125709E+01   0.1464689227321E-21
  0.8527751716208E+01   0.1612351279511E-21
  0.8996576447850E+01   0.1756985718985E-21
  0.9491175455797E+01   0.1909557995555E-21
  0.1001296571589E+02   0.1986393780176E-21
  0.1056344210415E+02   0.2068027811287E-21
  0.1114418167942E+02   0.2149205127951E-21
  0.1175684820151E+02   0.2207782915349E-21
  0.1240319689768E+02   0.2210426549093E-21
  0.1308507949119E+02   0.2188229327357E-21
  0.1380444950630E+02   0.2149789219493E-21
  0.1456336786493E+02   0.2119124398295E-21
  0.1536400879097E+02   0.2115459072068E-21
  0.1620866603922E+02   0.2141196666663E-21
  0.1709975946677E+02   0.2137718327258E-21
  0.1803984196564E+02   0.2132555165782E-21
  0.1903160677656E+02   0.2126345444219E-21
  0.2007789520482E+02   0.2115703706281E-21
  0.2118170476032E+02   0.2088273280489E-21
  0.2234619774516E+02   0.2084736024585E-21
  0.2357471031327E+02   0.2101462813315E-21
  0.2487076202819E+02   0.2138579080138E-21
  0.2623806594622E+02   0.2189303065212E-21
  0.2768053925400E+02   0.2241129665324E-21
  0.2920231449082E+02   0.2282396491580E-21
  0.3080775138792E+02   0.2289801129778E-21
  0.3250144935868E+02   0.2295335251490E-21
  0.3428826067550E+02   0.2299809632963E-21
  0.3617330437103E+02   0.2307512020530E-21
  0.3816198090368E+02   0.2333529446939E-21
  0.4025998762943E+02   0.2340704074663E-21
  0.4247333512410E+02   0.2374478605704E-21
  0.4480836440311E+02   0.2440871596971E-21
  0.4727176508780E+02   0.2485863132357E-21
  0.4987059457054E+02   0.2358756885292E-21
  0.5261229823340E+02   0.2265970390024E-21
  0.5550473077848E+02   0.2173452077139E-21
  0.5855617873077E+02   0.2105325296761E-21
  0.6177538417823E+02   0.2068635645764E-21
  0.6517156981698E+02   0.2047553348172E-21
  0.6875446537339E+02   0.1994078894800E-21
  0.7253433547872E+02   0.1918238219621E-21
  0.7652200907632E+02   0.1830024921942E-21
  0.8072891044538E+02   0.1733417614795E-21
  0.8516709193035E+02   0.1632430488940E-21
  0.8984926846969E+02   0.1528253204381E-21
  0.9478885402287E+02   0.1420225260258E-21
  0.1000000000000E+03   0.1306994891330E-21
