           1
         100
  
  0.5000000000000E+00   0.7595552458656E-26
  0.5274881790209E+00   0.1688878215198E-25
  0.5564875580135E+00   0.2435208458719E-25
  0.5870812172487E+00   0.1848139716561E-25
  0.6193568044478E+00   0.8516350639160E-25
  0.6534067858847E+00   0.2005908095571E-24
  0.6893287112924E+00   0.3611852339873E-24
  0.7272254933329E+00   0.7366492783618E-24
  0.7672057024315E+00   0.6613062684262E-24
  0.8093838778200E+00   0.3187783813234E-23
  0.8538808556803E+00   0.3368277707013E-23
  0.9008241153272E+00   0.1199649367395E-22
  0.9503481444241E+00   0.1547637045507E-22
  0.1002594824276E+01   0.3598243369894E-22
  0.1057713836307E+01   0.3637488706343E-22
  0.1115863090877E+01   0.5141956475778E-22
  0.1177209179687E+01   0.5375857948712E-22
  0.1241927853039E+01   0.9651559991313E-22
  0.1310204523350E+01   0.1132005917820E-21
  0.1382234796334E+01   0.4503761252249E-22
  0.1458225031395E+01   0.4516318492619E-22
  0.1538392932826E+01   0.7110653441790E-22
  0.1622968173510E+01   0.1237709425995E-21
  0.1712193052907E+01   0.1302933229753E-21
  0.1806323191221E+01   0.6922703508608E-22
  0.1905628261720E+01   0.6906805959219E-22
  0.2010392763331E+01   0.7304567675181E-22
  0.2120916835693E+01   0.1083868423824E-21
  0.2237517119029E+01   0.1383213338928E-21
  0.2360527661289E+01   0.1049833691387E-21
  0.2490300875163E+01   0.6850665332622E-22
  0.2627208547708E+01   0.6519066277687E-22
  0.2771642905477E+01   0.6560701697594E-22
  0.2924017738213E+01   0.7601408802015E-22
  0.3084769584309E+01   0.9186544571271E-22
  0.3254358981453E+01   0.1045546126798E-21
  0.3433271786014E+01   0.1089735643071E-21
  0.3622020564976E+01   0.1133424374750E-21
  0.3821146064391E+01   0.1272120012345E-21
  0.4031218758557E+01   0.1203879917634E-21
  0.4252840484372E+01   0.9457625798645E-22
  0.4486646165535E+01   0.8001839062180E-22
  0.4733305631539E+01   0.8017899275851E-22
  0.4993525536659E+01   0.7796870229581E-22
  0.5268051384453E+01   0.7884760376252E-22
  0.5557669663547E+01   0.8287819169193E-22
  0.5863210100849E+01   0.8975449731367E-22
  0.6185548038627E+01   0.9699289076255E-22
  0.6525606942283E+01   0.8831934668953E-22
  0.6884361045982E+01   0.8433572724746E-22
  0.7262838143735E+01   0.8105089546162E-22
  0.7662122533924E+01   0.8032594284946E-22
  0.8083358125709E+01   0.8451388590934E-22
  0.8527751716208E+01   0.9317614044424E-22
  0.8996576447850E+01   0.1018968666010E-21
  0.9491175455797E+01   0.1117074709945E-21
  0.1001296571589E+02   0.1161204168446E-21
  0.1056344210415E+02   0.1219089411571E-21
  0.1114418167942E+02   0.1288591268404E-21
  0.1175684820151E+02   0.1354902052067E-21
  0.1240319689768E+02   0.1392360563849E-21
  0.1308507949119E+02   0.1425638375457E-21
  0.1380444950630E+02   0.1460396897725E-21
  0.1456336786493E+02   0.1517466347756E-21
  0.1536400879097E+02   0.1615042445366E-21
  0.1620866603922E+02   0.1756612905713E-21
  0.1709975946677E+02   0.1885473145574E-21
  0.1803984196564E+02   0.2025124867774E-21
  0.1903160677656E+02   0.2173744670602E-21
  0.2007789520482E+02   0.2324800704594E-21
  0.2118170476032E+02   0.2461358864131E-21
  0.2234619774516E+02   0.2625302223239E-21
  0.2357471031327E+02   0.2811706621045E-21
  0.2487076202819E+02   0.3019125937097E-21
  0.2623806594622E+02   0.3237001207439E-21
  0.2768053925400E+02   0.3447583541611E-21
  0.2920231449082E+02   0.3634561894593E-21
  0.3080775138792E+02   0.3767332363939E-21
  0.3250144935868E+02   0.3882101519460E-21
  0.3428826067550E+02   0.3979781691525E-21
  0.3617330437103E+02   0.4064477834873E-21
  0.3816198090368E+02   0.4153874877646E-21
  0.4025998762943E+02   0.4203688823368E-21
  0.4247333512410E+02   0.4267416556332E-21
  0.4480836440311E+02   0.4351433837228E-21
  0.4727176508780E+02   0.4393794311010E-21
  0.4987059457054E+02   0.4229598120405E-21
  0.5261229823340E+02   0.4091376849569E-21
  0.5550473077848E+02   0.3938559494144E-21
  0.5855617873077E+02   0.3798085302655E-21
  0.6177538417823E+02   0.3687016491796E-21
  0.6517156981698E+02   0.3592634919094E-21
  0.6875446537339E+02   0.3444926025355E-21
  0.7253433547872E+02   0.3253449463161E-21
  0.7652200907632E+02   0.3029856232836E-21
  0.8072891044538E+02   0.2784800308372E-21
  0.8516709193035E+02   0.2533682822986E-21
  0.8984926846969E+02   0.2285063140559E-21
  0.9478885402287E+02   0.2041845726563E-21
  0.1000000000000E+03   0.1805571552183E-21
