           1
         100
  
  0.5000000000000E+00   0.7504686000291E-26
  0.5274881790209E+00   0.1668720073236E-25
  0.5564875580135E+00   0.2406372269350E-25
  0.5870812172487E+00   0.1827170834855E-25
  0.6193568044478E+00   0.8417328072772E-25
  0.6534067858847E+00   0.1982632594524E-24
  0.6893287112924E+00   0.3570380665764E-24
  0.7272254933329E+00   0.7282171900492E-24
  0.7672057024315E+00   0.6542160159890E-24
  0.8093838778200E+00   0.3151139784242E-23
  0.8538808556803E+00   0.3330927756363E-23
  0.9008241153272E+00   0.1185799876711E-22
  0.9503481444241E+00   0.1530042337029E-22
  0.1002594824276E+01   0.3556704019961E-22
  0.1057713836307E+01   0.3596505341387E-22
  0.1115863090877E+01   0.5084367471119E-22
  0.1177209179687E+01   0.5317507454955E-22
  0.1241927853039E+01   0.9544464081966E-22
  0.1310204523350E+01   0.1119563304030E-21
  0.1382234796334E+01   0.4463254652849E-22
  0.1458225031395E+01   0.4476898557210E-22
  0.1538392932826E+01   0.7041011755980E-22
  0.1622968173510E+01   0.1224598907468E-21
  0.1712193052907E+01   0.1289431578408E-21
  0.1806323191221E+01   0.6866384654315E-22
  0.1905628261720E+01   0.6856416381019E-22
  0.2010392763331E+01   0.7253432388806E-22
  0.2120916835693E+01   0.1074562523523E-21
  0.2237517119029E+01   0.1370079721811E-21
  0.2360527661289E+01   0.1039324470771E-21
  0.2490300875163E+01   0.6760101771701E-22
  0.2627208547708E+01   0.6356246008906E-22
  0.2771642905477E+01   0.6080512338499E-22
  0.2924017738213E+01   0.6562440069151E-22
  0.3084769584309E+01   0.7768486204530E-22
  0.3254358981453E+01   0.9108142405203E-22
  0.3433271786014E+01   0.9989129446116E-22
  0.3622020564976E+01   0.1093965666718E-21
  0.3821146064391E+01   0.1253875035359E-21
  0.4031218758557E+01   0.1191450380124E-21
  0.4252840484372E+01   0.9362170418637E-22
  0.4486646165535E+01   0.7978970736498E-22
  0.4733305631539E+01   0.8161925708452E-22
  0.4993525536659E+01   0.8189470949249E-22
  0.5268051384453E+01   0.8375834012128E-22
  0.5557669663547E+01   0.8464321883409E-22
  0.5863210100849E+01   0.8784508354664E-22
  0.6185548038627E+01   0.9444977015476E-22
  0.6525606942283E+01   0.8856097538304E-22
  0.6884361045982E+01   0.8807843086998E-22
  0.7262838143735E+01   0.8938220935402E-22
  0.7662122533924E+01   0.9073313640008E-22
  0.8083358125709E+01   0.9353579011988E-22
  0.8527751716208E+01   0.9898009873388E-22
  0.8996576447850E+01   0.1046763636035E-21
  0.9491175455797E+01   0.1108127435399E-21
  0.1001296571589E+02   0.1141836700072E-21
  0.1056344210415E+02   0.1178663027605E-21
  0.1114418167942E+02   0.1216638758861E-21
  0.1175684820151E+02   0.1249273596429E-21
  0.1240319689768E+02   0.1262854188091E-21
  0.1308507949119E+02   0.1268977315155E-21
  0.1380444950630E+02   0.1267670361810E-21
  0.1456336786493E+02   0.1270570436264E-21
  0.1536400879097E+02   0.1287955074292E-21
  0.1620866603922E+02   0.1321306611118E-21
  0.1709975946677E+02   0.1341313673247E-21
  0.1803984196564E+02   0.1361203162520E-21
  0.1903160677656E+02   0.1380585250448E-21
  0.2007789520482E+02   0.1397814385540E-21
  0.2118170476032E+02   0.1403701925124E-21
  0.2234619774516E+02   0.1424604587430E-21
  0.2357471031327E+02   0.1458753352486E-21
  0.2487076202819E+02   0.1507460431140E-21
  0.2623806594622E+02   0.1567708320589E-21
  0.2768053925400E+02   0.1631374369956E-21
  0.2920231449082E+02   0.1689337085987E-21
  0.3080775138792E+02   0.1723156258905E-21
  0.3250144935868E+02   0.1756959115339E-21
  0.3428826067550E+02   0.1790626159574E-21
  0.3617330437103E+02   0.1828452626766E-21
  0.3816198090368E+02   0.1884127328245E-21
  0.4025998762943E+02   0.1925802377855E-21
  0.4247333512410E+02   0.1994525995782E-21
  0.4480836440311E+02   0.2097942978405E-21
  0.4727176508780E+02   0.2186326347161E-21
  0.4987059457054E+02   0.2108341591464E-21
  0.5261229823340E+02   0.2061635238825E-21
  0.5550473077848E+02   0.2012179441186E-21
  0.5855617873077E+02   0.1985058986858E-21
  0.6177538417823E+02   0.1990940856234E-21
  0.6517156981698E+02   0.2015192699255E-21
  0.6875446537339E+02   0.1999893061250E-21
  0.7253433547872E+02   0.1953491103163E-21
  0.7652200907632E+02   0.1886360859463E-21
  0.8072891044538E+02   0.1804158949480E-21
  0.8516709193035E+02   0.1713255563801E-21
  0.8984926846969E+02   0.1615787265064E-21
  0.9478885402287E+02   0.1511308301767E-21
  0.1000000000000E+03   0.1398915291697E-21
