           1
         100
  
  0.5000000000000E+00   0.7597277524286E-26
  0.5274881790209E+00   0.1689437203489E-25
  0.5564875580135E+00   0.2436897650664E-25
  0.5870812172487E+00   0.1852924124161E-25
  0.6193568044478E+00   0.8529043927157E-25
  0.6534067858847E+00   0.2009052852800E-24
  0.6893287112924E+00   0.3619138801209E-24
  0.7272254933329E+00   0.7382384033838E-24
  0.7672057024315E+00   0.6645775443349E-24
  0.8093838778200E+00   0.3194268805166E-23
  0.8538808556803E+00   0.3380695404886E-23
  0.9008241153272E+00   0.1201951785748E-22
  0.9503481444241E+00   0.1551775061895E-22
  0.1002594824276E+01   0.3605396424592E-22
  0.1057713836307E+01   0.3649292725503E-22
  0.1115863090877E+01   0.5160775949020E-22
  0.1177209179687E+01   0.5404928855705E-22
  0.1241927853039E+01   0.9694976452212E-22
  0.1310204523350E+01   0.1138204032334E-21
  0.1382234796334E+01   0.4588469619582E-22
  0.1458225031395E+01   0.4629385285667E-22
  0.1538392932826E+01   0.7259931035276E-22
  0.1622968173510E+01   0.1257345801751E-21
  0.1712193052907E+01   0.1328637231634E-21
  0.1806323191221E+01   0.7253565451027E-22
  0.1905628261720E+01   0.7323685420883E-22
  0.2010392763331E+01   0.7816814696055E-22
  0.2120916835693E+01   0.1145303304878E-21
  0.2237517119029E+01   0.1455536946669E-21
  0.2360527661289E+01   0.1132512056360E-21
  0.2490300875163E+01   0.7769438200909E-22
  0.2627208547708E+01   0.7478385799525E-22
  0.2771642905477E+01   0.7274387843478E-22
  0.2924017738213E+01   0.7799725176016E-22
  0.3084769584309E+01   0.9091815694238E-22
  0.3254358981453E+01   0.1060646756578E-21
  0.3433271786014E+01   0.1169086798035E-21
  0.3622020564976E+01   0.1283182424982E-21
  0.3821146064391E+01   0.1456499454809E-21
  0.4031218758557E+01   0.1400789176303E-21
  0.4252840484372E+01   0.1147632431462E-21
  0.4486646165535E+01   0.1011533700640E-21
  0.4733305631539E+01   0.1032982547930E-21
  0.4993525536659E+01   0.1037082936153E-21
  0.5268051384453E+01   0.1054574131740E-21
  0.5557669663547E+01   0.1058166729357E-21
  0.5863210100849E+01   0.1082536578325E-21
  0.6185548038627E+01   0.1143083252601E-21
  0.6525606942283E+01   0.1079739777891E-21
  0.6884361045982E+01   0.1071493944829E-21
  0.7262838143735E+01   0.1081890519748E-21
  0.7662122533924E+01   0.1092329132472E-21
  0.8083358125709E+01   0.1119132895892E-21
  0.8527751716208E+01   0.1176035152876E-21
  0.8996576447850E+01   0.1241083892343E-21
  0.9491175455797E+01   0.1317879808198E-21
  0.1001296571589E+02   0.1375603767014E-21
  0.1056344210415E+02   0.1445890306001E-21
  0.1114418167942E+02   0.1528124298707E-21
  0.1175684820151E+02   0.1615362767471E-21
  0.1240319689768E+02   0.1689741212345E-21
  0.1308507949119E+02   0.1761279554881E-21
  0.1380444950630E+02   0.1827939517287E-21
  0.1456336786493E+02   0.1902520856247E-21
  0.1536400879097E+02   0.1999443927171E-21
  0.1620866603922E+02   0.2123361155606E-21
  0.1709975946677E+02   0.2225238743084E-21
  0.1803984196564E+02   0.2323401625508E-21
  0.1903160677656E+02   0.2415858845978E-21
  0.2007789520482E+02   0.2496447531353E-21
  0.2118170476032E+02   0.2547812329932E-21
  0.2234619774516E+02   0.2616440666736E-21
  0.2357471031327E+02   0.2701761438815E-21
  0.2487076202819E+02   0.2806277756838E-21
  0.2623806594622E+02   0.2921162761243E-21
  0.2768053925400E+02   0.3028864135351E-21
  0.2920231449082E+02   0.3113481494581E-21
  0.3080775138792E+02   0.3141207417774E-21
  0.3250144935868E+02   0.3155533026363E-21
  0.3428826067550E+02   0.3160542190011E-21
  0.3617330437103E+02   0.3162762893035E-21
  0.3816198090368E+02   0.3185818125253E-21
  0.4025998762943E+02   0.3176498198529E-21
  0.4247333512410E+02   0.3201457077093E-21
  0.4480836440311E+02   0.3270166626158E-21
  0.4727176508780E+02   0.3304613251316E-21
  0.4987059457054E+02   0.3093082017352E-21
  0.5261229823340E+02   0.2929062224185E-21
  0.5550473077848E+02   0.2765960378453E-21
  0.5855617873077E+02   0.2640592884400E-21
  0.6177538417823E+02   0.2564822052103E-21
  0.6517156981698E+02   0.2515230612817E-21
  0.6875446537339E+02   0.2421190761943E-21
  0.7253433547872E+02   0.2298925954411E-21
  0.7652200907632E+02   0.2162959181527E-21
  0.8072891044538E+02   0.2019629965594E-21
  0.8516709193035E+02   0.1874635018422E-21
  0.8984926846969E+02   0.1729362987310E-21
  0.9478885402287E+02   0.1582945722576E-21
  0.1000000000000E+03   0.1434260795940E-21
