           1
         100
  
  0.5000000000000E+00   0.7596886598135E-26
  0.5274881790209E+00   0.1689314634538E-25
  0.5564875580135E+00   0.2436538875912E-25
  0.5870812172487E+00   0.1851937617223E-25
  0.6193568044478E+00   0.8526504567436E-25
  0.6534067858847E+00   0.2008446416616E-24
  0.6893287112924E+00   0.3617797802764E-24
  0.7272254933329E+00   0.7379617668188E-24
  0.7672057024315E+00   0.6640446426351E-24
  0.8093838778200E+00   0.3193273445507E-23
  0.8538808556803E+00   0.3378882820996E-23
  0.9008241153272E+00   0.1201628263709E-22
  0.9503481444241E+00   0.1551207514211E-22
  0.1002594824276E+01   0.3604437199112E-22
  0.1057713836307E+01   0.3647768120970E-22
  0.1115863090877E+01   0.5158435909663E-22
  0.1177209179687E+01   0.5401444456651E-22
  0.1241927853039E+01   0.9689995034176E-22
  0.1310204523350E+01   0.1137549565702E-21
  0.1382234796334E+01   0.4580640332753E-22
  0.1458225031395E+01   0.4620353688970E-22
  0.1538392932826E+01   0.7249408967828E-22
  0.1622968173510E+01   0.1256057179843E-21
  0.1712193052907E+01   0.1326965458726E-21
  0.1806323191221E+01   0.7231785011990E-22
  0.1905628261720E+01   0.7295964871805E-22
  0.2010392763331E+01   0.7783272110066E-22
  0.2120916835693E+01   0.1141466537005E-21
  0.2237517119029E+01   0.1451294605522E-21
  0.2360527661289E+01   0.1128344665397E-21
  0.2490300875163E+01   0.7734709309096E-22
  0.2627208547708E+01   0.7467515076068E-22
  0.2771642905477E+01   0.7341032541303E-22
  0.2924017738213E+01   0.7929969609456E-22
  0.3084769584309E+01   0.9250301214057E-22
  0.3254358981453E+01   0.1077473692171E-21
  0.3433271786014E+01   0.1183318293698E-21
  0.3622020564976E+01   0.1287558975427E-21
  0.3821146064391E+01   0.1453879116281E-21
  0.4031218758557E+01   0.1397375298643E-21
  0.4252840484372E+01   0.1145757299420E-21
  0.4486646165535E+01   0.1009352023922E-21
  0.4733305631539E+01   0.1026444454850E-21
  0.4993525536659E+01   0.1022680021061E-21
  0.5268051384453E+01   0.1038915074353E-21
  0.5557669663547E+01   0.1057422547889E-21
  0.5863210100849E+01   0.1092768274286E-21
  0.6185548038627E+01   0.1154108319821E-21
  0.6525606942283E+01   0.1084050197714E-21
  0.6884361045982E+01   0.1065363723275E-21
  0.7262838143735E+01   0.1059232605357E-21
  0.7662122533924E+01   0.1057243448247E-21
  0.8083358125709E+01   0.1077387561127E-21
  0.8527751716208E+01   0.1123144025926E-21
  0.8996576447850E+01   0.1165935018108E-21
  0.9491175455797E+01   0.1208883669574E-21
  0.1001296571589E+02   0.1222373230841E-21
  0.1056344210415E+02   0.1237091689604E-21
  0.1114418167942E+02   0.1250872776373E-21
  0.1175684820151E+02   0.1258416405600E-21
  0.1240319689768E+02   0.1248088161498E-21
  0.1308507949119E+02   0.1229199774190E-21
  0.1380444950630E+02   0.1200093559286E-21
  0.1456336786493E+02   0.1171488777160E-21
  0.1536400879097E+02   0.1154245865862E-21
  0.1620866603922E+02   0.1150471779846E-21
  0.1709975946677E+02   0.1129526347030E-21
  0.1803984196564E+02   0.1104805520526E-21
  0.1903160677656E+02   0.1075838880607E-21
  0.2007789520482E+02   0.1040775150537E-21
  0.2118170476032E+02   0.9899551977102E-22
  0.2234619774516E+02   0.9519028310550E-22
  0.2357471031327E+02   0.9248144771350E-22
  0.2487076202819E+02   0.9092791170499E-22
  0.2623806594622E+02   0.9010291085260E-22
  0.2768053925400E+02   0.8915209514274E-22
  0.2920231449082E+02   0.8724309464303E-22
  0.3080775138792E+02   0.8287162235812E-22
  0.3250144935868E+02   0.7837991338395E-22
  0.3428826067550E+02   0.7374574091280E-22
  0.3617330437103E+02   0.6939416138020E-22
  0.3816198090368E+02   0.6637441607216E-22
  0.4025998762943E+02   0.6224351848035E-22
  0.4247333512410E+02   0.6010673342339E-22
  0.4480836440311E+02   0.6022257798625E-22
  0.4727176508780E+02   0.5923437913727E-22
  0.4987059457054E+02   0.4807845286794E-22
  0.5261229823340E+02   0.3970922652461E-22
  0.5550473077848E+02   0.3209387213927E-22
  0.5855617873077E+02   0.2664583193953E-22
  0.6177538417823E+02   0.2351063136612E-22
  0.6517156981698E+02   0.2160620809901E-22
  0.6875446537339E+02   0.1870624286018E-22
  0.7253433547872E+02   0.1545676603765E-22
  0.7652200907632E+02   0.1253075425400E-22
  0.8072891044538E+02   0.1007541126391E-22
  0.8516709193035E+02   0.8135311042683E-23
  0.8984926846969E+02   0.6638265494688E-23
  0.9478885402287E+02   0.5414836542116E-23
  0.1000000000000E+03   0.4151892115541E-23
