           1
         100
  
  0.5000000000000E+00   0.7597494753674E-26
  0.5274881790209E+00   0.1689491922401E-25
  0.5564875580135E+00   0.2437017616365E-25
  0.5870812172487E+00   0.1853139115679E-25
  0.6193568044478E+00   0.8529304667753E-25
  0.6534067858847E+00   0.2009049194509E-24
  0.6893287112924E+00   0.3618989812701E-24
  0.7272254933329E+00   0.7381773203676E-24
  0.7672057024315E+00   0.6643959796942E-24
  0.8093838778200E+00   0.3193786543640E-23
  0.8538808556803E+00   0.3379519965383E-23
  0.9008241153272E+00   0.1201685199753E-22
  0.9503481444241E+00   0.1551208506097E-22
  0.1002594824276E+01   0.3604273731311E-22
  0.1057713836307E+01   0.3647216629723E-22
  0.1115863090877E+01   0.5157119002658E-22
  0.1177209179687E+01   0.5398758900308E-22
  0.1241927853039E+01   0.9684997268734E-22
  0.1310204523350E+01   0.1136663385923E-21
  0.1382234796334E+01   0.4565641900353E-22
  0.1458225031395E+01   0.4596456382516E-22
  0.1538392932826E+01   0.7213368769786E-22
  0.1622968173510E+01   0.1250877734158E-21
  0.1712193052907E+01   0.1319830921632E-21
  0.1806323191221E+01   0.7136662285201E-22
  0.1905628261720E+01   0.7172444561583E-22
  0.2010392763331E+01   0.7626009054960E-22
  0.2120916835693E+01   0.1121781125720E-21
  0.2237517119029E+01   0.1427126255799E-21
  0.2360527661289E+01   0.1098923520679E-21
  0.2490300875163E+01   0.7380216537813E-22
  0.2627208547708E+01   0.7038728143508E-22
  0.2771642905477E+01   0.6815253450158E-22
  0.2924017738213E+01   0.7370428485584E-22
  0.3084769584309E+01   0.8674949497612E-22
  0.3254358981453E+01   0.1010168845685E-21
  0.3433271786014E+01   0.1107016634906E-21
  0.3622020564976E+01   0.1212315467341E-21
  0.3821146064391E+01   0.1382102451805E-21
  0.4031218758557E+01   0.1325194351011E-21
  0.4252840484372E+01   0.1072177206029E-21
  0.4486646165535E+01   0.9371198423305E-22
  0.4733305631539E+01   0.9604022519190E-22
  0.4993525536659E+01   0.9675937914296E-22
  0.5268051384453E+01   0.9891658527702E-22
  0.5557669663547E+01   0.9980190989388E-22
  0.5863210100849E+01   0.1029890380370E-21
  0.6185548038627E+01   0.1096421696391E-21
  0.6525606942283E+01   0.1036492890342E-21
  0.6884361045982E+01   0.1030751675419E-21
  0.7262838143735E+01   0.1042883167220E-21
  0.7662122533924E+01   0.1053688859248E-21
  0.8083358125709E+01   0.1076593977126E-21
  0.8527751716208E+01   0.1124275551325E-21
  0.8996576447850E+01   0.1173316476166E-21
  0.9491175455797E+01   0.1224860126718E-21
  0.1001296571589E+02   0.1249125555895E-21
  0.1056344210415E+02   0.1274842330802E-21
  0.1114418167942E+02   0.1300003325861E-21
  0.1175684820151E+02   0.1319375485461E-21
  0.1240319689768E+02   0.1321777988468E-21
  0.1308507949119E+02   0.1317864183090E-21
  0.1380444950630E+02   0.1307168625110E-21
  0.1456336786493E+02   0.1300042378768E-21
  0.1536400879097E+02   0.1305250866457E-21
  0.1620866603922E+02   0.1323335838080E-21
  0.1709975946677E+02   0.1330125998173E-21
  0.1803984196564E+02   0.1336650038671E-21
  0.1903160677656E+02   0.1342392368887E-21
  0.2007789520482E+02   0.1346382801128E-21
  0.2118170476032E+02   0.1340913086756E-21
  0.2234619774516E+02   0.1347443697196E-21
  0.2357471031327E+02   0.1363619905910E-21
  0.2487076202819E+02   0.1389828545130E-21
  0.2623806594622E+02   0.1423644732759E-21
  0.2768053925400E+02   0.1458833738897E-21
  0.2920231449082E+02   0.1488124056045E-21
  0.3080775138792E+02   0.1498840210627E-21
  0.3250144935868E+02   0.1509329999911E-21
  0.3428826067550E+02   0.1518025838434E-21
  0.3617330437103E+02   0.1528410195635E-21
  0.3816198090368E+02   0.1549432831093E-21
  0.4025998762943E+02   0.1559176169232E-21
  0.4247333512410E+02   0.1585702296112E-21
  0.4480836440311E+02   0.1632465450317E-21
  0.4727176508780E+02   0.1667277097928E-21
  0.4987059457054E+02   0.1595339759138E-21
  0.5261229823340E+02   0.1543271219821E-21
  0.5550473077848E+02   0.1490100216329E-21
  0.5855617873077E+02   0.1452314937009E-21
  0.6177538417823E+02   0.1435191893747E-21
  0.6517156981698E+02   0.1428496738537E-21
  0.6875446537339E+02   0.1400691060909E-21
  0.7253433547872E+02   0.1357765600758E-21
  0.7652200907632E+02   0.1306639324912E-21
  0.8072891044538E+02   0.1249452643763E-21
  0.8516709193035E+02   0.1188495668399E-21
  0.8984926846969E+02   0.1124274597798E-21
  0.9478885402287E+02   0.1055836637319E-21
  0.1000000000000E+03   0.9812733745151E-22
