           1
         100
  
  0.5000000000000E+00   0.7595345031279E-26
  0.5274881790209E+00   0.1688804390520E-25
  0.5564875580135E+00   0.2434964693202E-25
  0.5870812172487E+00   0.1847390375393E-25
  0.6193568044478E+00   0.8514195410271E-25
  0.6534067858847E+00   0.2005324399236E-24
  0.6893287112924E+00   0.3610356235904E-24
  0.7272254933329E+00   0.7362854096753E-24
  0.7672057024315E+00   0.6604635938227E-24
  0.8093838778200E+00   0.3185935234932E-23
  0.8538808556803E+00   0.3364429597288E-23
  0.9008241153272E+00   0.1198887959449E-22
  0.9503481444241E+00   0.1546201971034E-22
  0.1002594824276E+01   0.3595647475032E-22
  0.1057713836307E+01   0.3632942752903E-22
  0.1115863090877E+01   0.5134278442289E-22
  0.1177209179687E+01   0.5363333716515E-22
  0.1241927853039E+01   0.9631736326414E-22
  0.1310204523350E+01   0.1128925784340E-21
  0.1382234796334E+01   0.4456710940121E-22
  0.1458225031395E+01   0.4446511973353E-22
  0.1538392932826E+01   0.7010650699428E-22
  0.1622968173510E+01   0.1223905182635E-21
  0.1712193052907E+01   0.1284520682294E-21
  0.1806323191221E+01   0.6683057152823E-22
  0.1905628261720E+01   0.6600801161066E-22
  0.2010392763331E+01   0.6919238470074E-22
  0.2120916835693E+01   0.1035935499630E-21
  0.2237517119029E+01   0.1324446033896E-21
  0.2360527661289E+01   0.9781173010708E-22
  0.2490300875163E+01   0.5979606094343E-22
  0.2627208547708E+01   0.5443796554786E-22
  0.2771642905477E+01   0.5070026484058E-22
  0.2924017738213E+01   0.5517910018493E-22
  0.3084769584309E+01   0.6685159852853E-22
  0.3254358981453E+01   0.7772232712898E-22
  0.3433271786014E+01   0.8363464523352E-22
  0.3622020564976E+01   0.9055531671875E-22
  0.3821146064391E+01   0.1044780054980E-21
  0.4031218758557E+01   0.9606826399796E-22
  0.4252840484372E+01   0.6816030541894E-22
  0.4486646165535E+01   0.5203645321104E-22
  0.4733305631539E+01   0.5174998980709E-22
  0.4993525536659E+01   0.4998949516684E-22
  0.5268051384453E+01   0.5004019428521E-22
  0.5557669663547E+01   0.4921147234355E-22
  0.5863210100849E+01   0.5082642754028E-22
  0.6185548038627E+01   0.5622324425210E-22
  0.6525606942283E+01   0.4962498903243E-22
  0.6884361045982E+01   0.4928829655708E-22
  0.7262838143735E+01   0.5185735888612E-22
  0.7662122533924E+01   0.5504994321474E-22
  0.8083358125709E+01   0.5983353478867E-22
  0.8527751716208E+01   0.6772201005944E-22
  0.8996576447850E+01   0.7693719693793E-22
  0.9491175455797E+01   0.8759528879745E-22
  0.1001296571589E+02   0.9751160512326E-22
  0.1056344210415E+02   0.1088969455219E-21
  0.1114418167942E+02   0.1216204808487E-21
  0.1175684820151E+02   0.1352991602099E-21
  0.1240319689768E+02   0.1488322770622E-21
  0.1308507949119E+02   0.1629283801255E-21
  0.1380444950630E+02   0.1772743247579E-21
  0.1456336786493E+02   0.1925638341370E-21
  0.1536400879097E+02   0.2093505296827E-21
  0.1620866603922E+02   0.2275245857533E-21
  0.1709975946677E+02   0.2446160511262E-21
  0.1803984196564E+02   0.2613848756255E-21
  0.1903160677656E+02   0.2775555941865E-21
  0.2007789520482E+02   0.2928107911461E-21
  0.2118170476032E+02   0.3061435906231E-21
  0.2234619774516E+02   0.3197145086301E-21
  0.2357471031327E+02   0.3332434513496E-21
  0.2487076202819E+02   0.3468038850445E-21
  0.2623806594622E+02   0.3601349304350E-21
  0.2768053925400E+02   0.3724450121161E-21
  0.2920231449082E+02   0.3827728296994E-21
  0.3080775138792E+02   0.3892883448410E-21
  0.3250144935868E+02   0.3943269615830E-21
  0.3428826067550E+02   0.3978687279526E-21
  0.3617330437103E+02   0.4003518805232E-21
  0.3816198090368E+02   0.4030328396938E-21
  0.4025998762943E+02   0.4030549395466E-21
  0.4247333512410E+02   0.4041607730342E-21
  0.4480836440311E+02   0.4069989396874E-21
  0.4727176508780E+02   0.4072584794211E-21
  0.4987059457054E+02   0.3923108582687E-21
  0.5261229823340E+02   0.3797518104598E-21
  0.5550473077848E+02   0.3667350926017E-21
  0.5855617873077E+02   0.3550063163915E-21
  0.6177538417823E+02   0.3450836264750E-21
  0.6517156981698E+02   0.3359581687022E-21
  0.6875446537339E+02   0.3237923698127E-21
  0.7253433547872E+02   0.3091306994087E-21
  0.7652200907632E+02   0.2925639828227E-21
  0.8072891044538E+02   0.2743522717407E-21
  0.8516709193035E+02   0.2551047180587E-21
  0.8984926846969E+02   0.2352509086085E-21
  0.9478885402287E+02   0.2149701843049E-21
  0.1000000000000E+03   0.1943607950766E-21
