           1
         100
  
  0.5000000000000E+00   0.7596815963423E-26
  0.5274881790209E+00   0.1689282419714E-25
  0.5564875580135E+00   0.2436413268818E-25
  0.5870812172487E+00   0.1851501537623E-25
  0.6193568044478E+00   0.8525136973403E-25
  0.6534067858847E+00   0.2008055231269E-24
  0.6893287112924E+00   0.3616764288723E-24
  0.7272254933329E+00   0.7377064902418E-24
  0.7672057024315E+00   0.6634517044962E-24
  0.8093838778200E+00   0.3191958877534E-23
  0.8538808556803E+00   0.3376097319728E-23
  0.9008241153272E+00   0.1201063832516E-22
  0.9503481444241E+00   0.1550114028458E-22
  0.1002594824276E+01   0.3602414498939E-22
  0.1057713836307E+01   0.3644186751992E-22
  0.1115863090877E+01   0.5152335389204E-22
  0.1177209179687E+01   0.5391423827343E-22
  0.1241927853039E+01   0.9674085490692E-22
  0.1310204523350E+01   0.1135099131898E-21
  0.1382234796334E+01   0.4543958485025E-22
  0.1458225031395E+01   0.4566981341455E-22
  0.1538392932826E+01   0.7173815420592E-22
  0.1622968173510E+01   0.1245625327642E-21
  0.1712193052907E+01   0.1312939751953E-21
  0.1806323191221E+01   0.7047830556439E-22
  0.1905628261720E+01   0.7060103022018E-22
  0.2010392763331E+01   0.7486725973813E-22
  0.2120916835693E+01   0.1104825954207E-21
  0.2237517119029E+01   0.1406792933645E-21
  0.2360527661289E+01   0.1074954588825E-21
  0.2490300875163E+01   0.7101683846016E-22
  0.2627208547708E+01   0.6720920955039E-22
  0.2771642905477E+01   0.6464840853292E-22
  0.2924017738213E+01   0.6965602408564E-22
  0.3084769584309E+01   0.8183941946754E-22
  0.3254358981453E+01   0.9558665162948E-22
  0.3433271786014E+01   0.1047052889495E-21
  0.3622020564976E+01   0.1144778257172E-21
  0.3821146064391E+01   0.1306435903172E-21
  0.4031218758557E+01   0.1241006264674E-21
  0.4252840484372E+01   0.9786116943038E-22
  0.4486646165535E+01   0.8333366411353E-22
  0.4733305631539E+01   0.8459618208222E-22
  0.4993525536659E+01   0.8422291491927E-22
  0.5268051384453E+01   0.8513910155898E-22
  0.5557669663547E+01   0.8430507642616E-22
  0.5863210100849E+01   0.8540083581071E-22
  0.6185548038627E+01   0.9017175790935E-22
  0.6525606942283E+01   0.8282612401325E-22
  0.6884361045982E+01   0.8113028092134E-22
  0.7262838143735E+01   0.8159435237772E-22
  0.7662122533924E+01   0.8162829046905E-22
  0.8083358125709E+01   0.8230614512435E-22
  0.8527751716208E+01   0.8512715857162E-22
  0.8996576447850E+01   0.8830287072522E-22
  0.9491175455797E+01   0.9180182009531E-22
  0.1001296571589E+02   0.9407978495385E-22
  0.1056344210415E+02   0.9683773595838E-22
  0.1114418167942E+02   0.9999434409797E-22
  0.1175684820151E+02   0.1034945894628E-21
  0.1240319689768E+02   0.1067456961387E-21
  0.1308507949119E+02   0.1101787592232E-21
  0.1380444950630E+02   0.1134187426710E-21
  0.1456336786493E+02   0.1171408902986E-21
  0.1536400879097E+02   0.1220266419701E-21
  0.1620866603922E+02   0.1281475593283E-21
  0.1709975946677E+02   0.1334937130421E-21
  0.1803984196564E+02   0.1388355233848E-21
  0.1903160677656E+02   0.1440345811359E-21
  0.2007789520482E+02   0.1489260010502E-21
  0.2118170476032E+02   0.1526378765328E-21
  0.2234619774516E+02   0.1573094842477E-21
  0.2357471031327E+02   0.1627667011496E-21
  0.2487076202819E+02   0.1691094504732E-21
  0.2623806594622E+02   0.1760901263054E-21
  0.2768053925400E+02   0.1829967862423E-21
  0.2920231449082E+02   0.1889897328487E-21
  0.3080775138792E+02   0.1925069841589E-21
  0.3250144935868E+02   0.1956181219947E-21
  0.3428826067550E+02   0.1982305544323E-21
  0.3617330437103E+02   0.2007365844301E-21
  0.3816198090368E+02   0.2042568623549E-21
  0.4025998762943E+02   0.2061439015523E-21
  0.4247333512410E+02   0.2098046953760E-21
  0.4480836440311E+02   0.2157416556615E-21
  0.4727176508780E+02   0.2199729009031E-21
  0.4987059457054E+02   0.2108120489140E-21
  0.5261229823340E+02   0.2039214655888E-21
  0.5550473077848E+02   0.1967429866212E-21
  0.5855617873077E+02   0.1913011627840E-21
  0.6177538417823E+02   0.1882878808305E-21
  0.6517156981698E+02   0.1864835162010E-21
  0.6875446537339E+02   0.1819455598959E-21
  0.7253433547872E+02   0.1754383938424E-21
  0.7652200907632E+02   0.1677828059662E-21
  0.8072891044538E+02   0.1592839037645E-21
  0.8516709193035E+02   0.1502850693253E-21
  0.8984926846969E+02   0.1408993862175E-21
  0.9478885402287E+02   0.1310650987588E-21
  0.1000000000000E+03   0.1206410118469E-21
