           1
         100
  
  0.5000000000000E+00   0.7596736374943E-26
  0.5274881790209E+00   0.1689257676048E-25
  0.5564875580135E+00   0.2436341391234E-25
  0.5870812172487E+00   0.1851305514774E-25
  0.6193568044478E+00   0.8524634678494E-25
  0.6534067858847E+00   0.2007934476301E-24
  0.6893287112924E+00   0.3616491477628E-24
  0.7272254933329E+00   0.7376482379412E-24
  0.7672057024315E+00   0.6633337344130E-24
  0.8093838778200E+00   0.3191728930416E-23
  0.8538808556803E+00   0.3375664929439E-23
  0.9008241153272E+00   0.1200985225945E-22
  0.9503481444241E+00   0.1549975658643E-22
  0.1002594824276E+01   0.3602179669550E-22
  0.1057713836307E+01   0.3643804316322E-22
  0.1115863090877E+01   0.5151732682750E-22
  0.1177209179687E+01   0.5390502607191E-22
  0.1241927853039E+01   0.9672721266503E-22
  0.1310204523350E+01   0.1134904598397E-21
  0.1382234796334E+01   0.4541278569147E-22
  0.1458225031395E+01   0.4563371260161E-22
  0.1538392932826E+01   0.7169037684056E-22
  0.1622968173510E+01   0.1245003286599E-21
  0.1712193052907E+01   0.1312144117023E-21
  0.1806323191221E+01   0.7037885587934E-22
  0.1905628261720E+01   0.7047990391133E-22
  0.2010392763331E+01   0.7472401782242E-22
  0.2120916835693E+01   0.1103185879445E-21
  0.2237517119029E+01   0.1404978763868E-21
  0.2360527661289E+01   0.1073046164815E-21
  0.2490300875163E+01   0.7082960839366E-22
  0.2627208547708E+01   0.6705158196241E-22
  0.2771642905477E+01   0.6460751727270E-22
  0.2924017738213E+01   0.6991077727211E-22
  0.3084769584309E+01   0.8251822385044E-22
  0.3254358981453E+01   0.9636342699402E-22
  0.3433271786014E+01   0.1054634424418E-21
  0.3622020564976E+01   0.1152795678961E-21
  0.3821146064391E+01   0.1317112247113E-21
  0.4031218758557E+01   0.1256334750071E-21
  0.4252840484372E+01   0.1000226996628E-21
  0.4486646165535E+01   0.8622176944449E-22
  0.4733305631539E+01   0.8824569015894E-22
  0.4993525536659E+01   0.8867518609491E-22
  0.5268051384453E+01   0.9069448678716E-22
  0.5557669663547E+01   0.9172501501240E-22
  0.5863210100849E+01   0.9511347185226E-22
  0.6185548038627E+01   0.1018889515761E-21
  0.6525606942283E+01   0.9594454089800E-22
  0.6884361045982E+01   0.9544197121842E-22
  0.7262838143735E+01   0.9672249731984E-22
  0.7662122533924E+01   0.9804372249323E-22
  0.8083358125709E+01   0.1008049876244E-21
  0.8527751716208E+01   0.1061923814474E-21
  0.8996576447850E+01   0.1117628040897E-21
  0.9491175455797E+01   0.1176835212852E-21
  0.1001296571589E+02   0.1207301255119E-21
  0.1056344210415E+02   0.1239955245433E-21
  0.1114418167942E+02   0.1272655496114E-21
  0.1175684820151E+02   0.1299137500583E-21
  0.1240319689768E+02   0.1306547668037E-21
  0.1308507949119E+02   0.1306507235668E-21
  0.1380444950630E+02   0.1298984539225E-21
  0.1456336786493E+02   0.1295171593166E-21
  0.1536400879097E+02   0.1304570298820E-21
  0.1620866603922E+02   0.1327940014026E-21
  0.1709975946677E+02   0.1338423181313E-21
  0.1803984196564E+02   0.1348203092893E-21
  0.1903160677656E+02   0.1356797547804E-21
  0.2007789520482E+02   0.1362976656768E-21
  0.2118170476032E+02   0.1358569990123E-21
  0.2234619774516E+02   0.1366765895476E-21
  0.2357471031327E+02   0.1385162868517E-21
  0.2487076202819E+02   0.1414198081166E-21
  0.2623806594622E+02   0.1451110855701E-21
  0.2768053925400E+02   0.1489128245507E-21
  0.2920231449082E+02   0.1520612626054E-21
  0.3080775138792E+02   0.1531944512825E-21
  0.3250144935868E+02   0.1542952333696E-21
  0.3428826067550E+02   0.1552427749887E-21
  0.3617330437103E+02   0.1564024930275E-21
  0.3816198090368E+02   0.1587238647552E-21
  0.4025998762943E+02   0.1598930473155E-21
  0.4247333512410E+02   0.1628499800974E-21
  0.4480836440311E+02   0.1679495586174E-21
  0.4727176508780E+02   0.1718085833652E-21
  0.4987059457054E+02   0.1645462599835E-21
  0.5261229823340E+02   0.1593114929878E-21
  0.5550473077848E+02   0.1537007775688E-21
  0.5855617873077E+02   0.1493551841157E-21
  0.6177538417823E+02   0.1471199008004E-21
  0.6517156981698E+02   0.1460937978694E-21
  0.6875446537339E+02   0.1422546520285E-21
  0.7253433547872E+02   0.1361647213720E-21
  0.7652200907632E+02   0.1286908026450E-21
  0.8072891044538E+02   0.1203794481227E-21
  0.8516709193035E+02   0.1118269078247E-21
  0.8984926846969E+02   0.1032626043781E-21
  0.9478885402287E+02   0.9465997754980E-22
  0.1000000000000E+03   0.8587285283904E-22
