           1
         100
  
  0.5000000000000E+00   0.8021050526274E-26
  0.5274881790209E+00   0.1735806065037E-25
  0.5564875580135E+00   0.2402291795006E-25
  0.5870812172487E+00   0.1855743919640E-25
  0.6193568044478E+00   0.8521126684561E-25
  0.6534067858847E+00   0.2034475596491E-24
  0.6893287112924E+00   0.3608720975470E-24
  0.7272254933329E+00   0.7289715647158E-24
  0.7672057024315E+00   0.6673550190459E-24
  0.8093838778200E+00   0.3211978969402E-23
  0.8538808556803E+00   0.3377419168523E-23
  0.9008241153272E+00   0.1209017131728E-22
  0.9503481444241E+00   0.1543383084768E-22
  0.1002594824276E+01   0.3667269421175E-22
  0.1057713836307E+01   0.3622243011924E-22
  0.1115863090877E+01   0.5314502237988E-22
  0.1177209179687E+01   0.5434393691801E-22
  0.1241927853039E+01   0.9595460610332E-22
  0.1310204523350E+01   0.1146009220603E-21
  0.1382234796334E+01   0.4576648024095E-22
  0.1458225031395E+01   0.4613166612994E-22
  0.1538392932826E+01   0.7229113985136E-22
  0.1622968173510E+01   0.1237339704405E-21
  0.1712193052907E+01   0.1310737538636E-21
  0.1806323191221E+01   0.7117550850439E-22
  0.1905628261720E+01   0.7229355153655E-22
  0.2010392763331E+01   0.7490403453332E-22
  0.2120916835693E+01   0.1113911792299E-21
  0.2237517119029E+01   0.1409916638409E-21
  0.2360527661289E+01   0.1083359546056E-21
  0.2490300875163E+01   0.7059839856539E-22
  0.2627208547708E+01   0.6752644747566E-22
  0.2771642905477E+01   0.6529528572295E-22
  0.2924017738213E+01   0.7046745836649E-22
  0.3084769584309E+01   0.8310508861016E-22
  0.3254358981453E+01   0.9603205213419E-22
  0.3433271786014E+01   0.1070734520283E-21
  0.3622020564976E+01   0.1167620200687E-21
  0.3821146064391E+01   0.1315726351193E-21
  0.4031218758557E+01   0.1260586068394E-21
  0.4252840484372E+01   0.1000186320545E-21
  0.4486646165535E+01   0.8687642667726E-22
  0.4733305631539E+01   0.8940444767095E-22
  0.4993525536659E+01   0.8967178148782E-22
  0.5268051384453E+01   0.9171564125120E-22
  0.5557669663547E+01   0.9308629899229E-22
  0.5863210100849E+01   0.9643604837995E-22
  0.6185548038627E+01   0.1030986133541E-21
  0.6525606942283E+01   0.9731991696394E-22
  0.6884361045982E+01   0.9705224014366E-22
  0.7262838143735E+01   0.9830045528940E-22
  0.7662122533924E+01   0.9929817813483E-22
  0.8083358125709E+01   0.1028144251736E-21
  0.8527751716208E+01   0.1079456847912E-21
  0.8996576447850E+01   0.1133664001318E-21
  0.9491175455797E+01   0.1193406288660E-21
  0.1001296571589E+02   0.1222989405218E-21
  0.1056344210415E+02   0.1252366413871E-21
  0.1114418167942E+02   0.1283095372170E-21
  0.1175684820151E+02   0.1307955827278E-21
  0.1240319689768E+02   0.1313962810827E-21
  0.1308507949119E+02   0.1312075794370E-21
  0.1380444950630E+02   0.1303678676755E-21
  0.1456336786493E+02   0.1299918073984E-21
  0.1536400879097E+02   0.1309721245979E-21
  0.1620866603922E+02   0.1333947798511E-21
  0.1709975946677E+02   0.1346999460569E-21
  0.1803984196564E+02   0.1360545270721E-21
  0.1903160677656E+02   0.1373734389911E-21
  0.2007789520482E+02   0.1385254235024E-21
  0.2118170476032E+02   0.1386791683704E-21
  0.2234619774516E+02   0.1402597616991E-21
  0.2357471031327E+02   0.1431389723680E-21
  0.2487076202819E+02   0.1474215168309E-21
  0.2623806594622E+02   0.1528105320773E-21
  0.2768053925400E+02   0.1585138037655E-21
  0.2920231449082E+02   0.1636221225343E-21
  0.3080775138792E+02   0.1664041441588E-21
  0.3250144935868E+02   0.1691183883101E-21
  0.3428826067550E+02   0.1716938585992E-21
  0.3617330437103E+02   0.1745075493237E-21
  0.3816198090368E+02   0.1787461410973E-21
  0.4025998762943E+02   0.1814916008519E-21
  0.4247333512410E+02   0.1863790764935E-21
  0.4480836440311E+02   0.1938918114557E-21
  0.4727176508780E+02   0.1996894082892E-21
  0.4987059457054E+02   0.1913302161255E-21
  0.5261229823340E+02   0.1855984077752E-21
  0.5550473077848E+02   0.1797144975321E-21
  0.5855617873077E+02   0.1756975130490E-21
  0.6177538417823E+02   0.1741680928497E-21
  0.6517156981698E+02   0.1738276264381E-21
  0.6875446537339E+02   0.1705824865214E-21
  0.7253433547872E+02   0.1651837209437E-21
  0.7652200907632E+02   0.1584279814262E-21
  0.8072891044538E+02   0.1506254102047E-21
  0.8516709193035E+02   0.1421706975883E-21
  0.8984926846969E+02   0.1332301553836E-21
  0.9478885402287E+02   0.1237844470789E-21
  0.1000000000000E+03   0.1137329577436E-21
